[2021-10-14 00:00:02,966] {taskinstance.py:1035} INFO - Dependencies all met for <TaskInstance: user_processing.extracting_user scheduled__2021-10-13T00:00:00+00:00 [queued]>
[2021-10-14 00:00:02,976] {taskinstance.py:1035} INFO - Dependencies all met for <TaskInstance: user_processing.extracting_user scheduled__2021-10-13T00:00:00+00:00 [queued]>
[2021-10-14 00:00:02,977] {taskinstance.py:1241} INFO - 
--------------------------------------------------------------------------------
[2021-10-14 00:00:02,977] {taskinstance.py:1242} INFO - Starting attempt 1 of 1
[2021-10-14 00:00:02,977] {taskinstance.py:1243} INFO - 
--------------------------------------------------------------------------------
[2021-10-14 00:00:02,989] {taskinstance.py:1262} INFO - Executing <Task(SimpleHttpOperator): extracting_user> on 2021-10-13 00:00:00+00:00
[2021-10-14 00:00:02,992] {standard_task_runner.py:52} INFO - Started process 5596 to run task
[2021-10-14 00:00:02,995] {standard_task_runner.py:76} INFO - Running: ['***', 'tasks', 'run', 'user_processing', 'extracting_user', 'scheduled__2021-10-13T00:00:00+00:00', '--job-id', '21', '--raw', '--subdir', 'DAGS_FOLDER/user_processing.py', '--cfg-path', '/tmp/tmpxfes4tfa', '--error-file', '/tmp/tmpwek6dwdx']
[2021-10-14 00:00:02,995] {standard_task_runner.py:77} INFO - Job 21: Subtask extracting_user
[2021-10-14 00:00:03,025] {logging_mixin.py:109} INFO - Running <TaskInstance: user_processing.extracting_user scheduled__2021-10-13T00:00:00+00:00 [running]> on host 981af2cc3d86
[2021-10-14 00:00:03,059] {taskinstance.py:1414} INFO - Exporting the following env vars:
AIRFLOW_CTX_DAG_OWNER=***
AIRFLOW_CTX_DAG_ID=user_processing
AIRFLOW_CTX_TASK_ID=extracting_user
AIRFLOW_CTX_EXECUTION_DATE=2021-10-13T00:00:00+00:00
AIRFLOW_CTX_DAG_RUN_ID=scheduled__2021-10-13T00:00:00+00:00
[2021-10-14 00:00:03,059] {http.py:111} INFO - Calling HTTP method
[2021-10-14 00:00:03,067] {base.py:79} INFO - Using connection to: id: user_api. Host: https://randomuser.me/, Port: None, Schema: , Login: , Password: None, extra: {}
[2021-10-14 00:00:03,069] {http.py:140} INFO - Sending 'GET' to url: https://randomuser.me/api/
[2021-10-14 00:00:03,287] {http.py:115} INFO - {"results":[{"gender":"male","name":{"title":"Mr","first":"Leevi","last":"Kivela"},"location":{"street":{"number":2986,"name":"Esplanadi"},"city":"Geta","state":"Satakunta","country":"Finland","postcode":95928,"coordinates":{"latitude":"-11.1591","longitude":"-5.5856"},"timezone":{"offset":"+9:00","description":"Tokyo, Seoul, Osaka, Sapporo, Yakutsk"}},"email":"leevi.kivela@example.com","login":{"uuid":"75e410af-be9a-4f38-8c71-32d2a0e021ee","username":"heavybird285","password":"sandro","salt":"R5JO0nGr","md5":"bc68c9850db562d91534b4184fc93597","sha1":"2b8bc819cd1dfa02be2fb9c72046bac8ea7c7bc5","sha256":"be1995546e8b95c89e0aeac7de5019c90c6b3eedc2de6b123e4239a3e2decc28"},"dob":{"date":"1952-11-04T14:42:40.160Z","age":69},"registered":{"date":"2017-04-17T09:14:41.697Z","age":4},"phone":"07-090-109","cell":"048-538-68-18","id":{"name":"HETU","value":"NaNNA963undefined"},"picture":{"large":"https://randomuser.me/api/portraits/men/14.jpg","medium":"https://randomuser.me/api/portraits/med/men/14.jpg","thumbnail":"https://randomuser.me/api/portraits/thumb/men/14.jpg"},"nat":"FI"}],"info":{"seed":"578e18f1d9350d20","results":1,"page":1,"version":"1.3"}}
[2021-10-14 00:00:03,307] {taskinstance.py:1280} INFO - Marking task as SUCCESS. dag_id=user_processing, task_id=extracting_user, execution_date=20211013T000000, start_date=20211014T000002, end_date=20211014T000003
[2021-10-14 00:00:03,327] {local_task_job.py:154} INFO - Task exited with return code 0
[2021-10-14 00:00:03,358] {local_task_job.py:264} INFO - 1 downstream tasks scheduled from follow-on schedule check
[2021-10-14 00:00:23,310] {taskinstance.py:1035} INFO - Dependencies all met for <TaskInstance: user_processing.extracting_user manual__2021-10-14T00:00:19.776851+00:00 [queued]>
[2021-10-14 00:00:23,321] {taskinstance.py:1035} INFO - Dependencies all met for <TaskInstance: user_processing.extracting_user manual__2021-10-14T00:00:19.776851+00:00 [queued]>
[2021-10-14 00:00:23,321] {taskinstance.py:1241} INFO - 
--------------------------------------------------------------------------------
[2021-10-14 00:00:23,321] {taskinstance.py:1242} INFO - Starting attempt 1 of 1
[2021-10-14 00:00:23,321] {taskinstance.py:1243} INFO - 
--------------------------------------------------------------------------------
[2021-10-14 00:00:23,333] {taskinstance.py:1262} INFO - Executing <Task(SimpleHttpOperator): extracting_user> on 2021-10-14 00:00:19.776851+00:00
[2021-10-14 00:00:23,337] {standard_task_runner.py:52} INFO - Started process 5630 to run task
[2021-10-14 00:00:23,340] {standard_task_runner.py:76} INFO - Running: ['***', 'tasks', 'run', 'user_processing', 'extracting_user', 'manual__2021-10-14T00:00:19.776851+00:00', '--job-id', '26', '--raw', '--subdir', 'DAGS_FOLDER/user_processing.py', '--cfg-path', '/tmp/tmpotqe0hcn', '--error-file', '/tmp/tmpmu8l3a92']
[2021-10-14 00:00:23,340] {standard_task_runner.py:77} INFO - Job 26: Subtask extracting_user
[2021-10-14 00:00:23,371] {logging_mixin.py:109} INFO - Running <TaskInstance: user_processing.extracting_user manual__2021-10-14T00:00:19.776851+00:00 [running]> on host 981af2cc3d86
[2021-10-14 00:00:23,405] {taskinstance.py:1414} INFO - Exporting the following env vars:
AIRFLOW_CTX_DAG_OWNER=***
AIRFLOW_CTX_DAG_ID=user_processing
AIRFLOW_CTX_TASK_ID=extracting_user
AIRFLOW_CTX_EXECUTION_DATE=2021-10-14T00:00:19.776851+00:00
AIRFLOW_CTX_DAG_RUN_ID=manual__2021-10-14T00:00:19.776851+00:00
[2021-10-14 00:00:23,406] {http.py:111} INFO - Calling HTTP method
[2021-10-14 00:00:23,414] {base.py:79} INFO - Using connection to: id: user_api. Host: https://randomuser.me/, Port: None, Schema: , Login: , Password: None, extra: {}
[2021-10-14 00:00:23,416] {http.py:140} INFO - Sending 'GET' to url: https://randomuser.me/api/
[2021-10-14 00:00:23,620] {http.py:115} INFO - {"results":[{"gender":"female","name":{"title":"Mrs","first":"Oya","last":"Demirbaş"},"location":{"street":{"number":5153,"name":"Istiklal Cd"},"city":"Karaman","state":"Ağrı","country":"Turkey","postcode":96031,"coordinates":{"latitude":"78.0157","longitude":"94.1517"},"timezone":{"offset":"+10:00","description":"Eastern Australia, Guam, Vladivostok"}},"email":"oya.demirbas@example.com","login":{"uuid":"c47f87d0-fceb-47a0-9014-c185e24cb37f","username":"crazyrabbit212","password":"aside","salt":"W3SEQb2c","md5":"bd8d48614d943a80588e27d760e509ca","sha1":"57c76ef3d2d8e3230c68e0aa50301f1de4780efc","sha256":"44eb5b6bc358577cfe77d57d8011252158abb9eda74ca687e1f054dc1b71f180"},"dob":{"date":"1973-03-23T00:59:22.429Z","age":48},"registered":{"date":"2008-07-26T05:19:43.165Z","age":13},"phone":"(127)-714-9653","cell":"(720)-747-4020","id":{"name":"","value":null},"picture":{"large":"https://randomuser.me/api/portraits/women/87.jpg","medium":"https://randomuser.me/api/portraits/med/women/87.jpg","thumbnail":"https://randomuser.me/api/portraits/thumb/women/87.jpg"},"nat":"TR"}],"info":{"seed":"b15518b8e28f83c3","results":1,"page":1,"version":"1.3"}}
[2021-10-14 00:00:23,637] {taskinstance.py:1280} INFO - Marking task as SUCCESS. dag_id=user_processing, task_id=extracting_user, execution_date=20211014T000019, start_date=20211014T000023, end_date=20211014T000023
[2021-10-14 00:00:23,672] {local_task_job.py:154} INFO - Task exited with return code 0
[2021-10-14 00:00:23,701] {local_task_job.py:264} INFO - 1 downstream tasks scheduled from follow-on schedule check
[2021-10-14 19:09:02,869] {taskinstance.py:1035} INFO - Dependencies all met for <TaskInstance: user_processing.extracting_user manual__2021-10-14T19:08:59.171717+00:00 [queued]>
[2021-10-14 19:09:02,888] {taskinstance.py:1035} INFO - Dependencies all met for <TaskInstance: user_processing.extracting_user manual__2021-10-14T19:08:59.171717+00:00 [queued]>
[2021-10-14 19:09:02,888] {taskinstance.py:1241} INFO - 
--------------------------------------------------------------------------------
[2021-10-14 19:09:02,888] {taskinstance.py:1242} INFO - Starting attempt 1 of 1
[2021-10-14 19:09:02,888] {taskinstance.py:1243} INFO - 
--------------------------------------------------------------------------------
[2021-10-14 19:09:02,898] {taskinstance.py:1262} INFO - Executing <Task(SimpleHttpOperator): extracting_user> on 2021-10-14 19:08:59.171717+00:00
[2021-10-14 19:09:02,902] {standard_task_runner.py:52} INFO - Started process 141 to run task
[2021-10-14 19:09:02,904] {standard_task_runner.py:76} INFO - Running: ['***', 'tasks', 'run', 'user_processing', 'extracting_user', 'manual__2021-10-14T19:08:59.171717+00:00', '--job-id', '35', '--raw', '--subdir', 'DAGS_FOLDER/user_processing.py', '--cfg-path', '/tmp/tmpdkbv3q3_', '--error-file', '/tmp/tmptxp4uiud']
[2021-10-14 19:09:02,904] {standard_task_runner.py:77} INFO - Job 35: Subtask extracting_user
[2021-10-14 19:09:02,936] {logging_mixin.py:109} INFO - Running <TaskInstance: user_processing.extracting_user manual__2021-10-14T19:08:59.171717+00:00 [running]> on host 981af2cc3d86
[2021-10-14 19:09:02,972] {taskinstance.py:1414} INFO - Exporting the following env vars:
AIRFLOW_CTX_DAG_OWNER=***
AIRFLOW_CTX_DAG_ID=user_processing
AIRFLOW_CTX_TASK_ID=extracting_user
AIRFLOW_CTX_EXECUTION_DATE=2021-10-14T19:08:59.171717+00:00
AIRFLOW_CTX_DAG_RUN_ID=manual__2021-10-14T19:08:59.171717+00:00
[2021-10-14 19:09:02,972] {http.py:111} INFO - Calling HTTP method
[2021-10-14 19:09:02,979] {base.py:79} INFO - Using connection to: id: user_api. Host: https://randomuser.me/, Port: None, Schema: , Login: , Password: None, extra: {}
[2021-10-14 19:09:02,982] {http.py:140} INFO - Sending 'GET' to url: https://randomuser.me/api/
[2021-10-14 19:09:03,173] {http.py:115} INFO - {"results":[{"gender":"female","name":{"title":"Ms","first":"Aurora","last":"Gil"},"location":{"street":{"number":1745,"name":"Calle de Alcalá"},"city":"Hospitalet de Llobregat","state":"Navarra","country":"Spain","postcode":86065,"coordinates":{"latitude":"-17.3986","longitude":"106.9343"},"timezone":{"offset":"+1:00","description":"Brussels, Copenhagen, Madrid, Paris"}},"email":"aurora.gil@example.com","login":{"uuid":"25e7246d-ddf6-4a9e-85b5-4c9d21d2c33d","username":"greenfish781","password":"rachelle","salt":"10zPM4Fu","md5":"38bcbacc4b0d2e0e676166c17b287702","sha1":"97ea5d3242b0a5de5f4aeed5515cd860b6ec4c01","sha256":"21d98fbc37fb98154a7e6b485b3d774b7da192df4b7ca78176f54085b10b074f"},"dob":{"date":"1977-08-18T04:42:50.632Z","age":44},"registered":{"date":"2016-09-18T04:22:24.857Z","age":5},"phone":"908-172-287","cell":"604-481-721","id":{"name":"DNI","value":"69180504-J"},"picture":{"large":"https://randomuser.me/api/portraits/women/13.jpg","medium":"https://randomuser.me/api/portraits/med/women/13.jpg","thumbnail":"https://randomuser.me/api/portraits/thumb/women/13.jpg"},"nat":"ES"}],"info":{"seed":"39128a00b973ac22","results":1,"page":1,"version":"1.3"}}
[2021-10-14 19:09:03,198] {taskinstance.py:1280} INFO - Marking task as SUCCESS. dag_id=user_processing, task_id=extracting_user, execution_date=20211014T190859, start_date=20211014T190902, end_date=20211014T190903
[2021-10-14 19:09:03,236] {local_task_job.py:154} INFO - Task exited with return code 0
[2021-10-14 19:09:03,270] {local_task_job.py:264} INFO - 1 downstream tasks scheduled from follow-on schedule check
