[2021-10-16 11:44:49,247] {taskinstance.py:1035} INFO - Dependencies all met for <TaskInstance: example_bash_operator.runme_2 scheduled__2021-10-14T00:00:00+00:00 [queued]>
[2021-10-16 11:44:49,384] {taskinstance.py:1035} INFO - Dependencies all met for <TaskInstance: example_bash_operator.runme_2 scheduled__2021-10-14T00:00:00+00:00 [queued]>
[2021-10-16 11:44:49,384] {taskinstance.py:1241} INFO - 
--------------------------------------------------------------------------------
[2021-10-16 11:44:49,384] {taskinstance.py:1242} INFO - Starting attempt 1 of 1
[2021-10-16 11:44:49,384] {taskinstance.py:1243} INFO - 
--------------------------------------------------------------------------------
[2021-10-16 11:44:49,509] {taskinstance.py:1262} INFO - Executing <Task(BashOperator): runme_2> on 2021-10-14 00:00:00+00:00
[2021-10-16 11:44:49,541] {standard_task_runner.py:76} INFO - Running: ['***', 'tasks', 'run', 'example_bash_operator', 'runme_2', 'scheduled__2021-10-14T00:00:00+00:00', '--job-id', '75', '--raw', '--subdir', '/home/***/.local/lib/python3.6/site-packages/***/example_dags/example_bash_operator.py', '--cfg-path', '/tmp/tmpu70mlaac', '--error-file', '/tmp/tmpnct485bu']
[2021-10-16 11:44:49,541] {standard_task_runner.py:77} INFO - Job 75: Subtask runme_2
[2021-10-16 11:44:49,526] {standard_task_runner.py:52} INFO - Started process 82 to run task
[2021-10-16 11:44:49,705] {logging_mixin.py:109} INFO - Running <TaskInstance: example_bash_operator.runme_2 scheduled__2021-10-14T00:00:00+00:00 [running]> on host 981af2cc3d86
[2021-10-16 11:44:49,979] {taskinstance.py:1414} INFO - Exporting the following env vars:
AIRFLOW_CTX_DAG_OWNER=***
AIRFLOW_CTX_DAG_ID=example_bash_operator
AIRFLOW_CTX_TASK_ID=runme_2
AIRFLOW_CTX_EXECUTION_DATE=2021-10-14T00:00:00+00:00
AIRFLOW_CTX_DAG_RUN_ID=scheduled__2021-10-14T00:00:00+00:00
[2021-10-16 11:44:49,979] {subprocess.py:62} INFO - Tmp dir root location: 
 /tmp
[2021-10-16 11:44:49,980] {subprocess.py:74} INFO - Running command: ['bash', '-c', 'echo "example_bash_operator__runme_2__20211014" && sleep 1']
[2021-10-16 11:44:50,009] {subprocess.py:85} INFO - Output:
[2021-10-16 11:44:50,018] {subprocess.py:89} INFO - example_bash_operator__runme_2__20211014
[2021-10-16 14:44:51,131] {subprocess.py:93} INFO - Command exited with return code 0
[2021-10-16 14:44:51,176] {taskinstance.py:1280} INFO - Marking task as SUCCESS. dag_id=example_bash_operator, task_id=runme_2, execution_date=20211014T000000, start_date=20211016T114449, end_date=20211016T144451
[2021-10-16 14:44:51,267] {local_task_job.py:154} INFO - Task exited with return code 0
[2021-10-16 14:44:51,382] {local_task_job.py:264} INFO - 1 downstream tasks scheduled from follow-on schedule check
