[2021-10-16 15:59:06,762] {taskinstance.py:1035} INFO - Dependencies all met for <TaskInstance: parallel_dag.processing_tasks.task_3 manual__2021-10-16T15:59:02.299941+00:00 [queued]>
[2021-10-16 15:59:06,782] {taskinstance.py:1035} INFO - Dependencies all met for <TaskInstance: parallel_dag.processing_tasks.task_3 manual__2021-10-16T15:59:02.299941+00:00 [queued]>
[2021-10-16 15:59:06,782] {taskinstance.py:1241} INFO - 
--------------------------------------------------------------------------------
[2021-10-16 15:59:06,782] {taskinstance.py:1242} INFO - Starting attempt 1 of 1
[2021-10-16 15:59:06,782] {taskinstance.py:1243} INFO - 
--------------------------------------------------------------------------------
[2021-10-16 15:59:06,795] {taskinstance.py:1262} INFO - Executing <Task(BashOperator): processing_tasks.task_3> on 2021-10-16 15:59:02.299941+00:00
[2021-10-16 15:59:06,801] {standard_task_runner.py:76} INFO - Running: ['***', 'tasks', 'run', 'parallel_dag', 'processing_tasks.task_3', 'manual__2021-10-16T15:59:02.299941+00:00', '--job-id', '95', '--raw', '--subdir', 'DAGS_FOLDER/parallel_dag.py', '--cfg-path', '/tmp/tmp9leissps', '--error-file', '/tmp/tmpjrhr0fz3']
[2021-10-16 15:59:06,802] {standard_task_runner.py:77} INFO - Job 95: Subtask processing_tasks.task_3
[2021-10-16 15:59:06,799] {standard_task_runner.py:52} INFO - Started process 3890 to run task
[2021-10-16 15:59:06,836] {logging_mixin.py:109} INFO - Running <TaskInstance: parallel_dag.processing_tasks.task_3 manual__2021-10-16T15:59:02.299941+00:00 [running]> on host 981af2cc3d86
[2021-10-16 15:59:06,874] {taskinstance.py:1414} INFO - Exporting the following env vars:
AIRFLOW_CTX_DAG_OWNER=***
AIRFLOW_CTX_DAG_ID=parallel_dag
AIRFLOW_CTX_TASK_ID=processing_tasks.task_3
AIRFLOW_CTX_EXECUTION_DATE=2021-10-16T15:59:02.299941+00:00
AIRFLOW_CTX_DAG_RUN_ID=manual__2021-10-16T15:59:02.299941+00:00
[2021-10-16 15:59:06,875] {subprocess.py:62} INFO - Tmp dir root location: 
 /tmp
[2021-10-16 15:59:06,875] {subprocess.py:74} INFO - Running command: ['bash', '-c', 'sleep 3']
[2021-10-16 15:59:06,882] {subprocess.py:85} INFO - Output:
[2021-10-16 15:59:09,886] {subprocess.py:93} INFO - Command exited with return code 0
[2021-10-16 15:59:09,910] {taskinstance.py:1280} INFO - Marking task as SUCCESS. dag_id=parallel_dag, task_id=processing_tasks.task_3, execution_date=20211016T155902, start_date=20211016T155906, end_date=20211016T155909
[2021-10-16 15:59:09,946] {local_task_job.py:154} INFO - Task exited with return code 0
[2021-10-16 15:59:09,978] {local_task_job.py:264} INFO - 1 downstream tasks scheduled from follow-on schedule check
