[2021-10-16 16:27:41,552] {taskinstance.py:1035} INFO - Dependencies all met for <TaskInstance: xcom_dag.downloading_data manual__2021-10-16T16:26:52.323487+00:00 [queued]>
[2021-10-16 16:27:41,565] {taskinstance.py:1035} INFO - Dependencies all met for <TaskInstance: xcom_dag.downloading_data manual__2021-10-16T16:26:52.323487+00:00 [queued]>
[2021-10-16 16:27:41,566] {taskinstance.py:1241} INFO - 
--------------------------------------------------------------------------------
[2021-10-16 16:27:41,566] {taskinstance.py:1242} INFO - Starting attempt 2 of 2
[2021-10-16 16:27:41,566] {taskinstance.py:1243} INFO - 
--------------------------------------------------------------------------------
[2021-10-16 16:27:41,574] {taskinstance.py:1262} INFO - Executing <Task(BashOperator): downloading_data> on 2021-10-16 16:26:52.323487+00:00
[2021-10-16 16:27:41,579] {standard_task_runner.py:76} INFO - Running: ['***', 'tasks', 'run', 'xcom_dag', 'downloading_data', 'manual__2021-10-16T16:26:52.323487+00:00', '--job-id', '117', '--raw', '--subdir', 'DAGS_FOLDER/xcom_dag.py', '--cfg-path', '/tmp/tmppk3zpnu8', '--error-file', '/tmp/tmp5fzupy0m']
[2021-10-16 16:27:41,580] {standard_task_runner.py:77} INFO - Job 117: Subtask downloading_data
[2021-10-16 16:27:41,577] {standard_task_runner.py:52} INFO - Started process 5367 to run task
[2021-10-16 16:27:41,609] {logging_mixin.py:109} INFO - Running <TaskInstance: xcom_dag.downloading_data manual__2021-10-16T16:26:52.323487+00:00 [running]> on host 981af2cc3d86
[2021-10-16 16:27:41,643] {taskinstance.py:1414} INFO - Exporting the following env vars:
AIRFLOW_CTX_DAG_OWNER=***
AIRFLOW_CTX_DAG_ID=xcom_dag
AIRFLOW_CTX_TASK_ID=downloading_data
AIRFLOW_CTX_EXECUTION_DATE=2021-10-16T16:26:52.323487+00:00
AIRFLOW_CTX_DAG_RUN_ID=manual__2021-10-16T16:26:52.323487+00:00
[2021-10-16 16:27:41,644] {subprocess.py:62} INFO - Tmp dir root location: 
 /tmp
[2021-10-16 16:27:41,644] {subprocess.py:74} INFO - Running command: ['bash', '-c', 'sleep 3']
[2021-10-16 16:27:41,651] {subprocess.py:85} INFO - Output:
[2021-10-16 16:27:44,653] {subprocess.py:93} INFO - Command exited with return code 0
[2021-10-16 16:27:44,673] {taskinstance.py:1280} INFO - Marking task as SUCCESS. dag_id=xcom_dag, task_id=downloading_data, execution_date=20211016T162652, start_date=20211016T162741, end_date=20211016T162744
[2021-10-16 16:27:44,724] {local_task_job.py:154} INFO - Task exited with return code 0
[2021-10-16 16:27:44,755] {local_task_job.py:264} INFO - 3 downstream tasks scheduled from follow-on schedule check
[2021-10-16 16:54:01,041] {taskinstance.py:1035} INFO - Dependencies all met for <TaskInstance: xcom_dag.downloading_data manual__2021-10-16T16:50:17.494802+00:00 [queued]>
[2021-10-16 16:54:01,055] {taskinstance.py:1035} INFO - Dependencies all met for <TaskInstance: xcom_dag.downloading_data manual__2021-10-16T16:50:17.494802+00:00 [queued]>
[2021-10-16 16:54:01,056] {taskinstance.py:1241} INFO - 
--------------------------------------------------------------------------------
[2021-10-16 16:54:01,056] {taskinstance.py:1242} INFO - Starting attempt 2 of 2
[2021-10-16 16:54:01,056] {taskinstance.py:1243} INFO - 
--------------------------------------------------------------------------------
[2021-10-16 16:54:01,064] {taskinstance.py:1262} INFO - Executing <Task(BashOperator): downloading_data> on 2021-10-16 16:50:17.494802+00:00
[2021-10-16 16:54:01,070] {standard_task_runner.py:76} INFO - Running: ['***', 'tasks', 'run', 'xcom_dag', 'downloading_data', 'manual__2021-10-16T16:50:17.494802+00:00', '--job-id', '138', '--raw', '--subdir', 'DAGS_FOLDER/xcom_dag.py', '--cfg-path', '/tmp/tmplevhf7vc', '--error-file', '/tmp/tmpbc6r30as']
[2021-10-16 16:54:01,071] {standard_task_runner.py:77} INFO - Job 138: Subtask downloading_data
[2021-10-16 16:54:01,068] {standard_task_runner.py:52} INFO - Started process 6743 to run task
[2021-10-16 16:54:01,100] {logging_mixin.py:109} INFO - Running <TaskInstance: xcom_dag.downloading_data manual__2021-10-16T16:50:17.494802+00:00 [running]> on host 981af2cc3d86
[2021-10-16 16:54:01,136] {taskinstance.py:1414} INFO - Exporting the following env vars:
AIRFLOW_CTX_DAG_OWNER=***
AIRFLOW_CTX_DAG_ID=xcom_dag
AIRFLOW_CTX_TASK_ID=downloading_data
AIRFLOW_CTX_EXECUTION_DATE=2021-10-16T16:50:17.494802+00:00
AIRFLOW_CTX_DAG_RUN_ID=manual__2021-10-16T16:50:17.494802+00:00
[2021-10-16 16:54:01,137] {subprocess.py:62} INFO - Tmp dir root location: 
 /tmp
[2021-10-16 16:54:01,137] {subprocess.py:74} INFO - Running command: ['bash', '-c', 'sleep 3']
[2021-10-16 16:54:01,145] {subprocess.py:85} INFO - Output:
[2021-10-16 16:54:04,147] {subprocess.py:93} INFO - Command exited with return code 0
[2021-10-16 16:54:04,171] {taskinstance.py:1280} INFO - Marking task as SUCCESS. dag_id=xcom_dag, task_id=downloading_data, execution_date=20211016T165017, start_date=20211016T165401, end_date=20211016T165404
[2021-10-16 16:54:04,214] {local_task_job.py:154} INFO - Task exited with return code 0
[2021-10-16 16:54:04,301] {local_task_job.py:264} INFO - 0 downstream tasks scheduled from follow-on schedule check
[2021-10-16 16:56:05,225] {taskinstance.py:1035} INFO - Dependencies all met for <TaskInstance: xcom_dag.downloading_data manual__2021-10-16T16:55:10.660602+00:00 [queued]>
[2021-10-16 16:56:05,239] {taskinstance.py:1035} INFO - Dependencies all met for <TaskInstance: xcom_dag.downloading_data manual__2021-10-16T16:55:10.660602+00:00 [queued]>
[2021-10-16 16:56:05,239] {taskinstance.py:1241} INFO - 
--------------------------------------------------------------------------------
[2021-10-16 16:56:05,239] {taskinstance.py:1242} INFO - Starting attempt 2 of 2
[2021-10-16 16:56:05,239] {taskinstance.py:1243} INFO - 
--------------------------------------------------------------------------------
[2021-10-16 16:56:05,248] {taskinstance.py:1262} INFO - Executing <Task(BashOperator): downloading_data> on 2021-10-16 16:55:10.660602+00:00
[2021-10-16 16:56:05,254] {standard_task_runner.py:76} INFO - Running: ['***', 'tasks', 'run', 'xcom_dag', 'downloading_data', 'manual__2021-10-16T16:55:10.660602+00:00', '--job-id', '156', '--raw', '--subdir', 'DAGS_FOLDER/xcom_dag.py', '--cfg-path', '/tmp/tmp_7z6j3nq', '--error-file', '/tmp/tmpnik_i1hv']
[2021-10-16 16:56:05,254] {standard_task_runner.py:77} INFO - Job 156: Subtask downloading_data
[2021-10-16 16:56:05,252] {standard_task_runner.py:52} INFO - Started process 6886 to run task
[2021-10-16 16:56:05,285] {logging_mixin.py:109} INFO - Running <TaskInstance: xcom_dag.downloading_data manual__2021-10-16T16:55:10.660602+00:00 [running]> on host 981af2cc3d86
[2021-10-16 16:56:05,319] {taskinstance.py:1414} INFO - Exporting the following env vars:
AIRFLOW_CTX_DAG_OWNER=***
AIRFLOW_CTX_DAG_ID=xcom_dag
AIRFLOW_CTX_TASK_ID=downloading_data
AIRFLOW_CTX_EXECUTION_DATE=2021-10-16T16:55:10.660602+00:00
AIRFLOW_CTX_DAG_RUN_ID=manual__2021-10-16T16:55:10.660602+00:00
[2021-10-16 16:56:05,320] {subprocess.py:62} INFO - Tmp dir root location: 
 /tmp
[2021-10-16 16:56:05,320] {subprocess.py:74} INFO - Running command: ['bash', '-c', 'sleep 3']
[2021-10-16 16:56:05,328] {subprocess.py:85} INFO - Output:
[2021-10-16 16:56:08,329] {subprocess.py:93} INFO - Command exited with return code 0
[2021-10-16 16:56:08,343] {taskinstance.py:1280} INFO - Marking task as SUCCESS. dag_id=xcom_dag, task_id=downloading_data, execution_date=20211016T165510, start_date=20211016T165605, end_date=20211016T165608
[2021-10-16 16:56:08,358] {local_task_job.py:154} INFO - Task exited with return code 0
[2021-10-16 16:56:08,394] {local_task_job.py:264} INFO - 3 downstream tasks scheduled from follow-on schedule check
[2021-10-16 17:03:49,883] {taskinstance.py:1035} INFO - Dependencies all met for <TaskInstance: xcom_dag.downloading_data scheduled__2021-10-15T00:00:00+00:00 [queued]>
[2021-10-16 17:03:49,903] {taskinstance.py:1035} INFO - Dependencies all met for <TaskInstance: xcom_dag.downloading_data scheduled__2021-10-15T00:00:00+00:00 [queued]>
[2021-10-16 17:03:49,903] {taskinstance.py:1241} INFO - 
--------------------------------------------------------------------------------
[2021-10-16 17:03:49,903] {taskinstance.py:1242} INFO - Starting attempt 2 of 2
[2021-10-16 17:03:49,903] {taskinstance.py:1243} INFO - 
--------------------------------------------------------------------------------
[2021-10-16 17:03:49,913] {taskinstance.py:1262} INFO - Executing <Task(BashOperator): downloading_data> on 2021-10-15 00:00:00+00:00
[2021-10-16 17:03:49,919] {standard_task_runner.py:76} INFO - Running: ['***', 'tasks', 'run', 'xcom_dag', 'downloading_data', 'scheduled__2021-10-15T00:00:00+00:00', '--job-id', '187', '--raw', '--subdir', 'DAGS_FOLDER/xcom_dag.py', '--cfg-path', '/tmp/tmpuf8fekbz', '--error-file', '/tmp/tmpoqrwl4pb']
[2021-10-16 17:03:49,919] {standard_task_runner.py:77} INFO - Job 187: Subtask downloading_data
[2021-10-16 17:03:49,916] {standard_task_runner.py:52} INFO - Started process 7354 to run task
[2021-10-16 17:03:49,951] {logging_mixin.py:109} INFO - Running <TaskInstance: xcom_dag.downloading_data scheduled__2021-10-15T00:00:00+00:00 [running]> on host 981af2cc3d86
[2021-10-16 17:03:49,987] {taskinstance.py:1414} INFO - Exporting the following env vars:
AIRFLOW_CTX_DAG_OWNER=***
AIRFLOW_CTX_DAG_ID=xcom_dag
AIRFLOW_CTX_TASK_ID=downloading_data
AIRFLOW_CTX_EXECUTION_DATE=2021-10-15T00:00:00+00:00
AIRFLOW_CTX_DAG_RUN_ID=scheduled__2021-10-15T00:00:00+00:00
[2021-10-16 17:03:49,988] {subprocess.py:62} INFO - Tmp dir root location: 
 /tmp
[2021-10-16 17:03:49,989] {subprocess.py:74} INFO - Running command: ['bash', '-c', 'sleep 3']
[2021-10-16 17:03:49,996] {subprocess.py:85} INFO - Output:
[2021-10-16 17:03:52,998] {subprocess.py:93} INFO - Command exited with return code 0
[2021-10-16 17:03:53,018] {taskinstance.py:1280} INFO - Marking task as SUCCESS. dag_id=xcom_dag, task_id=downloading_data, execution_date=20211015T000000, start_date=20211016T170349, end_date=20211016T170353
[2021-10-16 17:03:53,064] {local_task_job.py:154} INFO - Task exited with return code 0
[2021-10-16 17:03:53,105] {local_task_job.py:264} INFO - 3 downstream tasks scheduled from follow-on schedule check
[2021-10-16 17:27:08,781] {taskinstance.py:1035} INFO - Dependencies all met for <TaskInstance: xcom_dag.downloading_data manual__2021-10-16T17:25:33.010722+00:00 [queued]>
[2021-10-16 17:27:08,793] {taskinstance.py:1035} INFO - Dependencies all met for <TaskInstance: xcom_dag.downloading_data manual__2021-10-16T17:25:33.010722+00:00 [queued]>
[2021-10-16 17:27:08,794] {taskinstance.py:1241} INFO - 
--------------------------------------------------------------------------------
[2021-10-16 17:27:08,794] {taskinstance.py:1242} INFO - Starting attempt 2 of 2
[2021-10-16 17:27:08,794] {taskinstance.py:1243} INFO - 
--------------------------------------------------------------------------------
[2021-10-16 17:27:08,803] {taskinstance.py:1262} INFO - Executing <Task(BashOperator): downloading_data> on 2021-10-16 17:25:33.010722+00:00
[2021-10-16 17:27:08,809] {standard_task_runner.py:76} INFO - Running: ['***', 'tasks', 'run', 'xcom_dag', 'downloading_data', 'manual__2021-10-16T17:25:33.010722+00:00', '--job-id', '236', '--raw', '--subdir', 'DAGS_FOLDER/xcom_dag.py', '--cfg-path', '/tmp/tmpsbwxb8zd', '--error-file', '/tmp/tmpgypq9me6']
[2021-10-16 17:27:08,810] {standard_task_runner.py:77} INFO - Job 236: Subtask downloading_data
[2021-10-16 17:27:08,807] {standard_task_runner.py:52} INFO - Started process 416 to run task
[2021-10-16 17:27:08,839] {logging_mixin.py:109} INFO - Running <TaskInstance: xcom_dag.downloading_data manual__2021-10-16T17:25:33.010722+00:00 [running]> on host 29ba84338b36
[2021-10-16 17:27:08,873] {taskinstance.py:1414} INFO - Exporting the following env vars:
AIRFLOW_CTX_DAG_OWNER=***
AIRFLOW_CTX_DAG_ID=xcom_dag
AIRFLOW_CTX_TASK_ID=downloading_data
AIRFLOW_CTX_EXECUTION_DATE=2021-10-16T17:25:33.010722+00:00
AIRFLOW_CTX_DAG_RUN_ID=manual__2021-10-16T17:25:33.010722+00:00
[2021-10-16 17:27:08,874] {subprocess.py:62} INFO - Tmp dir root location: 
 /tmp
[2021-10-16 17:27:08,875] {subprocess.py:74} INFO - Running command: ['bash', '-c', 'sleep 3']
[2021-10-16 17:27:08,883] {subprocess.py:85} INFO - Output:
[2021-10-16 17:27:11,885] {subprocess.py:93} INFO - Command exited with return code 0
[2021-10-16 17:27:11,906] {taskinstance.py:1280} INFO - Marking task as SUCCESS. dag_id=xcom_dag, task_id=downloading_data, execution_date=20211016T172533, start_date=20211016T172708, end_date=20211016T172711
[2021-10-16 17:27:11,923] {local_task_job.py:154} INFO - Task exited with return code 0
[2021-10-16 17:27:11,948] {dagrun.py:549} WARNING - Failed to get task '<TaskInstance: xcom_dag.task_4 manual__2021-10-16T17:25:33.010722+00:00 [removed]>' for dag 'xcom_dag'. Marking it as removed.
[2021-10-16 17:27:11,957] {local_task_job.py:264} INFO - 3 downstream tasks scheduled from follow-on schedule check
