[2021-10-14 19:45:56,367] {taskinstance.py:1035} INFO - Dependencies all met for <TaskInstance: example_bash_operator.runme_0 scheduled__2021-10-13T00:00:00+00:00 [queued]>
[2021-10-14 19:45:56,385] {taskinstance.py:1035} INFO - Dependencies all met for <TaskInstance: example_bash_operator.runme_0 scheduled__2021-10-13T00:00:00+00:00 [queued]>
[2021-10-14 19:45:56,385] {taskinstance.py:1241} INFO - 
--------------------------------------------------------------------------------
[2021-10-14 19:45:56,385] {taskinstance.py:1242} INFO - Starting attempt 1 of 1
[2021-10-14 19:45:56,385] {taskinstance.py:1243} INFO - 
--------------------------------------------------------------------------------
[2021-10-14 19:45:56,398] {taskinstance.py:1262} INFO - Executing <Task(BashOperator): runme_0> on 2021-10-13 00:00:00+00:00
[2021-10-14 19:45:56,402] {standard_task_runner.py:52} INFO - Started process 1119 to run task
[2021-10-14 19:45:56,409] {standard_task_runner.py:76} INFO - Running: ['***', 'tasks', 'run', 'example_bash_operator', 'runme_0', 'scheduled__2021-10-13T00:00:00+00:00', '--job-id', '49', '--raw', '--subdir', '/home/***/.local/lib/python3.6/site-packages/***/example_dags/example_bash_operator.py', '--cfg-path', '/tmp/tmp1yk2s9d6', '--error-file', '/tmp/tmpkrsdlaz5']
[2021-10-14 19:45:56,410] {standard_task_runner.py:77} INFO - Job 49: Subtask runme_0
[2021-10-14 19:45:56,472] {logging_mixin.py:109} INFO - Running <TaskInstance: example_bash_operator.runme_0 scheduled__2021-10-13T00:00:00+00:00 [running]> on host 981af2cc3d86
[2021-10-14 19:45:56,564] {taskinstance.py:1414} INFO - Exporting the following env vars:
AIRFLOW_CTX_DAG_OWNER=***
AIRFLOW_CTX_DAG_ID=example_bash_operator
AIRFLOW_CTX_TASK_ID=runme_0
AIRFLOW_CTX_EXECUTION_DATE=2021-10-13T00:00:00+00:00
AIRFLOW_CTX_DAG_RUN_ID=scheduled__2021-10-13T00:00:00+00:00
[2021-10-14 19:45:56,565] {subprocess.py:62} INFO - Tmp dir root location: 
 /tmp
[2021-10-14 19:45:56,566] {subprocess.py:74} INFO - Running command: ['bash', '-c', 'echo "example_bash_operator__runme_0__20211013" && sleep 1']
[2021-10-14 19:45:56,577] {subprocess.py:85} INFO - Output:
[2021-10-14 19:45:56,578] {subprocess.py:89} INFO - example_bash_operator__runme_0__20211013
[2021-10-14 19:45:57,579] {subprocess.py:93} INFO - Command exited with return code 0
[2021-10-14 19:45:57,603] {taskinstance.py:1280} INFO - Marking task as SUCCESS. dag_id=example_bash_operator, task_id=runme_0, execution_date=20211013T000000, start_date=20211014T194556, end_date=20211014T194557
[2021-10-14 19:45:57,629] {local_task_job.py:154} INFO - Task exited with return code 0
[2021-10-14 19:45:57,697] {local_task_job.py:264} INFO - 0 downstream tasks scheduled from follow-on schedule check
[2021-10-14 19:46:00,675] {taskinstance.py:1035} INFO - Dependencies all met for <TaskInstance: example_bash_operator.runme_0 manual__2021-10-14T19:45:59.165912+00:00 [queued]>
[2021-10-14 19:46:00,722] {taskinstance.py:1035} INFO - Dependencies all met for <TaskInstance: example_bash_operator.runme_0 manual__2021-10-14T19:45:59.165912+00:00 [queued]>
[2021-10-14 19:46:00,722] {taskinstance.py:1241} INFO - 
--------------------------------------------------------------------------------
[2021-10-14 19:46:00,722] {taskinstance.py:1242} INFO - Starting attempt 1 of 1
[2021-10-14 19:46:00,722] {taskinstance.py:1243} INFO - 
--------------------------------------------------------------------------------
[2021-10-14 19:46:00,747] {taskinstance.py:1262} INFO - Executing <Task(BashOperator): runme_0> on 2021-10-14 19:45:59.165912+00:00
[2021-10-14 19:46:00,752] {standard_task_runner.py:52} INFO - Started process 1137 to run task
[2021-10-14 19:46:00,767] {standard_task_runner.py:76} INFO - Running: ['***', 'tasks', 'run', 'example_bash_operator', 'runme_0', 'manual__2021-10-14T19:45:59.165912+00:00', '--job-id', '52', '--raw', '--subdir', '/home/***/.local/lib/python3.6/site-packages/***/example_dags/example_bash_operator.py', '--cfg-path', '/tmp/tmp4ap7oj2o', '--error-file', '/tmp/tmpq47buiw_']
[2021-10-14 19:46:00,774] {standard_task_runner.py:77} INFO - Job 52: Subtask runme_0
[2021-10-14 19:46:00,866] {logging_mixin.py:109} INFO - Running <TaskInstance: example_bash_operator.runme_0 manual__2021-10-14T19:45:59.165912+00:00 [running]> on host 981af2cc3d86
[2021-10-14 19:46:01,018] {taskinstance.py:1414} INFO - Exporting the following env vars:
AIRFLOW_CTX_DAG_OWNER=***
AIRFLOW_CTX_DAG_ID=example_bash_operator
AIRFLOW_CTX_TASK_ID=runme_0
AIRFLOW_CTX_EXECUTION_DATE=2021-10-14T19:45:59.165912+00:00
AIRFLOW_CTX_DAG_RUN_ID=manual__2021-10-14T19:45:59.165912+00:00
[2021-10-14 19:46:01,019] {subprocess.py:62} INFO - Tmp dir root location: 
 /tmp
[2021-10-14 19:46:01,019] {subprocess.py:74} INFO - Running command: ['bash', '-c', 'echo "example_bash_operator__runme_0__20211013" && sleep 1']
[2021-10-14 19:46:01,057] {subprocess.py:85} INFO - Output:
[2021-10-14 19:46:01,063] {subprocess.py:89} INFO - example_bash_operator__runme_0__20211013
[2021-10-14 19:46:02,076] {subprocess.py:93} INFO - Command exited with return code 0
[2021-10-14 19:46:02,102] {taskinstance.py:1280} INFO - Marking task as SUCCESS. dag_id=example_bash_operator, task_id=runme_0, execution_date=20211014T194559, start_date=20211014T194600, end_date=20211014T194602
[2021-10-14 19:46:02,121] {local_task_job.py:154} INFO - Task exited with return code 0
[2021-10-14 19:46:02,152] {local_task_job.py:264} INFO - 0 downstream tasks scheduled from follow-on schedule check
