[2021-10-16 15:59:06,751] {taskinstance.py:1035} INFO - Dependencies all met for <TaskInstance: parallel_dag.processing_tasks.task_2 manual__2021-10-16T15:59:02.299941+00:00 [queued]>
[2021-10-16 15:59:06,769] {taskinstance.py:1035} INFO - Dependencies all met for <TaskInstance: parallel_dag.processing_tasks.task_2 manual__2021-10-16T15:59:02.299941+00:00 [queued]>
[2021-10-16 15:59:06,769] {taskinstance.py:1241} INFO - 
--------------------------------------------------------------------------------
[2021-10-16 15:59:06,769] {taskinstance.py:1242} INFO - Starting attempt 1 of 1
[2021-10-16 15:59:06,769] {taskinstance.py:1243} INFO - 
--------------------------------------------------------------------------------
[2021-10-16 15:59:06,790] {taskinstance.py:1262} INFO - Executing <Task(BashOperator): processing_tasks.task_2> on 2021-10-16 15:59:02.299941+00:00
[2021-10-16 15:59:06,795] {standard_task_runner.py:76} INFO - Running: ['***', 'tasks', 'run', 'parallel_dag', 'processing_tasks.task_2', 'manual__2021-10-16T15:59:02.299941+00:00', '--job-id', '94', '--raw', '--subdir', 'DAGS_FOLDER/parallel_dag.py', '--cfg-path', '/tmp/tmpr_1u3kpf', '--error-file', '/tmp/tmp_wufh2p3']
[2021-10-16 15:59:06,796] {standard_task_runner.py:77} INFO - Job 94: Subtask processing_tasks.task_2
[2021-10-16 15:59:06,793] {standard_task_runner.py:52} INFO - Started process 3889 to run task
[2021-10-16 15:59:06,826] {logging_mixin.py:109} INFO - Running <TaskInstance: parallel_dag.processing_tasks.task_2 manual__2021-10-16T15:59:02.299941+00:00 [running]> on host 981af2cc3d86
[2021-10-16 15:59:06,865] {taskinstance.py:1414} INFO - Exporting the following env vars:
AIRFLOW_CTX_DAG_OWNER=***
AIRFLOW_CTX_DAG_ID=parallel_dag
AIRFLOW_CTX_TASK_ID=processing_tasks.task_2
AIRFLOW_CTX_EXECUTION_DATE=2021-10-16T15:59:02.299941+00:00
AIRFLOW_CTX_DAG_RUN_ID=manual__2021-10-16T15:59:02.299941+00:00
[2021-10-16 15:59:06,865] {subprocess.py:62} INFO - Tmp dir root location: 
 /tmp
[2021-10-16 15:59:06,866] {subprocess.py:74} INFO - Running command: ['bash', '-c', 'sleep 3']
[2021-10-16 15:59:06,873] {subprocess.py:85} INFO - Output:
[2021-10-16 15:59:09,875] {subprocess.py:93} INFO - Command exited with return code 0
[2021-10-16 15:59:09,899] {taskinstance.py:1280} INFO - Marking task as SUCCESS. dag_id=parallel_dag, task_id=processing_tasks.task_2, execution_date=20211016T155902, start_date=20211016T155906, end_date=20211016T155909
[2021-10-16 15:59:09,945] {local_task_job.py:154} INFO - Task exited with return code 0
[2021-10-16 15:59:09,992] {local_task_job.py:264} INFO - 0 downstream tasks scheduled from follow-on schedule check
