[2021-10-17 14:21:09,043] {taskinstance.py:1035} INFO - Dependencies all met for <TaskInstance: xcom_dag.processing_tasks.training_model_b scheduled__2021-10-16T00:00:00+00:00 [queued]>
[2021-10-17 14:21:09,082] {taskinstance.py:1035} INFO - Dependencies all met for <TaskInstance: xcom_dag.processing_tasks.training_model_b scheduled__2021-10-16T00:00:00+00:00 [queued]>
[2021-10-17 14:21:09,082] {taskinstance.py:1241} INFO - 
--------------------------------------------------------------------------------
[2021-10-17 14:21:09,082] {taskinstance.py:1242} INFO - Starting attempt 1 of 1
[2021-10-17 14:21:09,082] {taskinstance.py:1243} INFO - 
--------------------------------------------------------------------------------
[2021-10-17 14:21:09,101] {taskinstance.py:1262} INFO - Executing <Task(PythonOperator): processing_tasks.training_model_b> on 2021-10-16 00:00:00+00:00
[2021-10-17 14:21:09,106] {standard_task_runner.py:76} INFO - Running: ['***', 'tasks', 'run', 'xcom_dag', 'processing_tasks.training_model_b', 'scheduled__2021-10-16T00:00:00+00:00', '--job-id', '252', '--raw', '--subdir', 'DAGS_FOLDER/xcom_dag.py', '--cfg-path', '/tmp/tmp2bfaylrv', '--error-file', '/tmp/tmpxv_wimp0']
[2021-10-17 14:21:09,107] {standard_task_runner.py:77} INFO - Job 252: Subtask processing_tasks.training_model_b
[2021-10-17 14:21:09,104] {standard_task_runner.py:52} INFO - Started process 71 to run task
[2021-10-17 14:21:09,152] {logging_mixin.py:109} INFO - Running <TaskInstance: xcom_dag.processing_tasks.training_model_b scheduled__2021-10-16T00:00:00+00:00 [running]> on host 29ba84338b36
[2021-10-17 14:21:09,241] {taskinstance.py:1414} INFO - Exporting the following env vars:
AIRFLOW_CTX_DAG_OWNER=***
AIRFLOW_CTX_DAG_ID=xcom_dag
AIRFLOW_CTX_TASK_ID=processing_tasks.training_model_b
AIRFLOW_CTX_EXECUTION_DATE=2021-10-16T00:00:00+00:00
AIRFLOW_CTX_DAG_RUN_ID=scheduled__2021-10-16T00:00:00+00:00
[2021-10-17 14:21:09,241] {logging_mixin.py:109} INFO - model's accuracy: 8.893784647371362
[2021-10-17 14:21:09,260] {python.py:152} INFO - Done. Returned value was: None
[2021-10-17 14:21:09,275] {taskinstance.py:1280} INFO - Marking task as SUCCESS. dag_id=xcom_dag, task_id=processing_tasks.training_model_b, execution_date=20211016T000000, start_date=20211017T142109, end_date=20211017T142109
[2021-10-17 14:21:09,330] {local_task_job.py:154} INFO - Task exited with return code 0
[2021-10-17 14:21:09,382] {local_task_job.py:264} INFO - 1 downstream tasks scheduled from follow-on schedule check
