[2021-10-16 15:50:04,468] {taskinstance.py:1035} INFO - Dependencies all met for <TaskInstance: example_branch_datetime_operator_2.datetime_branch scheduled__2021-10-15T00:00:00+00:00 [queued]>
[2021-10-16 15:50:04,484] {taskinstance.py:1035} INFO - Dependencies all met for <TaskInstance: example_branch_datetime_operator_2.datetime_branch scheduled__2021-10-15T00:00:00+00:00 [queued]>
[2021-10-16 15:50:04,484] {taskinstance.py:1241} INFO - 
--------------------------------------------------------------------------------
[2021-10-16 15:50:04,484] {taskinstance.py:1242} INFO - Starting attempt 1 of 1
[2021-10-16 15:50:04,484] {taskinstance.py:1243} INFO - 
--------------------------------------------------------------------------------
[2021-10-16 15:50:04,493] {taskinstance.py:1262} INFO - Executing <Task(BranchDateTimeOperator): datetime_branch> on 2021-10-15 00:00:00+00:00
[2021-10-16 15:50:04,499] {standard_task_runner.py:76} INFO - Running: ['***', 'tasks', 'run', 'example_branch_datetime_operator_2', 'datetime_branch', 'scheduled__2021-10-15T00:00:00+00:00', '--job-id', '87', '--raw', '--subdir', '/home/***/.local/lib/python3.6/site-packages/***/example_dags/example_branch_datetime_operator.py', '--cfg-path', '/tmp/tmp01js2p2k', '--error-file', '/tmp/tmpns0bb7pr']
[2021-10-16 15:50:04,499] {standard_task_runner.py:77} INFO - Job 87: Subtask datetime_branch
[2021-10-16 15:50:04,496] {standard_task_runner.py:52} INFO - Started process 3414 to run task
[2021-10-16 15:50:04,528] {logging_mixin.py:109} INFO - Running <TaskInstance: example_branch_datetime_operator_2.datetime_branch scheduled__2021-10-15T00:00:00+00:00 [running]> on host 981af2cc3d86
[2021-10-16 15:50:04,566] {taskinstance.py:1414} INFO - Exporting the following env vars:
AIRFLOW_CTX_DAG_OWNER=***
AIRFLOW_CTX_DAG_ID=example_branch_datetime_operator_2
AIRFLOW_CTX_TASK_ID=datetime_branch
AIRFLOW_CTX_EXECUTION_DATE=2021-10-15T00:00:00+00:00
AIRFLOW_CTX_DAG_RUN_ID=scheduled__2021-10-15T00:00:00+00:00
[2021-10-16 15:50:04,567] {skipmixin.py:143} INFO - Following branch ['date_in_range']
[2021-10-16 15:50:04,567] {skipmixin.py:174} INFO - Skipping tasks ['date_outside_range']
[2021-10-16 15:50:04,598] {taskinstance.py:1280} INFO - Marking task as SUCCESS. dag_id=example_branch_datetime_operator_2, task_id=datetime_branch, execution_date=20211015T000000, start_date=20211016T155004, end_date=20211016T155004
[2021-10-16 15:50:04,633] {local_task_job.py:154} INFO - Task exited with return code 0
[2021-10-16 15:50:04,667] {local_task_job.py:264} INFO - 1 downstream tasks scheduled from follow-on schedule check
