[2021-10-17 14:21:08,796] {taskinstance.py:1035} INFO - Dependencies all met for <TaskInstance: xcom_dag.processing_tasks.training_model_a scheduled__2021-10-16T00:00:00+00:00 [queued]>
[2021-10-17 14:21:08,851] {taskinstance.py:1035} INFO - Dependencies all met for <TaskInstance: xcom_dag.processing_tasks.training_model_a scheduled__2021-10-16T00:00:00+00:00 [queued]>
[2021-10-17 14:21:08,851] {taskinstance.py:1241} INFO - 
--------------------------------------------------------------------------------
[2021-10-17 14:21:08,851] {taskinstance.py:1242} INFO - Starting attempt 1 of 1
[2021-10-17 14:21:08,852] {taskinstance.py:1243} INFO - 
--------------------------------------------------------------------------------
[2021-10-17 14:21:08,867] {taskinstance.py:1262} INFO - Executing <Task(PythonOperator): processing_tasks.training_model_a> on 2021-10-16 00:00:00+00:00
[2021-10-17 14:21:08,876] {standard_task_runner.py:52} INFO - Started process 70 to run task
[2021-10-17 14:21:08,893] {standard_task_runner.py:76} INFO - Running: ['***', 'tasks', 'run', 'xcom_dag', 'processing_tasks.training_model_a', 'scheduled__2021-10-16T00:00:00+00:00', '--job-id', '251', '--raw', '--subdir', 'DAGS_FOLDER/xcom_dag.py', '--cfg-path', '/tmp/tmpnhvdbn5l', '--error-file', '/tmp/tmpx9_0c_tx']
[2021-10-17 14:21:08,893] {standard_task_runner.py:77} INFO - Job 251: Subtask processing_tasks.training_model_a
[2021-10-17 14:21:08,956] {logging_mixin.py:109} INFO - Running <TaskInstance: xcom_dag.processing_tasks.training_model_a scheduled__2021-10-16T00:00:00+00:00 [running]> on host 29ba84338b36
[2021-10-17 14:21:09,042] {taskinstance.py:1414} INFO - Exporting the following env vars:
AIRFLOW_CTX_DAG_OWNER=***
AIRFLOW_CTX_DAG_ID=xcom_dag
AIRFLOW_CTX_TASK_ID=processing_tasks.training_model_a
AIRFLOW_CTX_EXECUTION_DATE=2021-10-16T00:00:00+00:00
AIRFLOW_CTX_DAG_RUN_ID=scheduled__2021-10-16T00:00:00+00:00
[2021-10-17 14:21:09,043] {logging_mixin.py:109} INFO - model's accuracy: 3.860077784204605
[2021-10-17 14:21:09,078] {python.py:152} INFO - Done. Returned value was: None
[2021-10-17 14:21:09,119] {taskinstance.py:1280} INFO - Marking task as SUCCESS. dag_id=xcom_dag, task_id=processing_tasks.training_model_a, execution_date=20211016T000000, start_date=20211017T142108, end_date=20211017T142109
[2021-10-17 14:21:09,153] {local_task_job.py:154} INFO - Task exited with return code 0
[2021-10-17 14:21:09,210] {local_task_job.py:264} INFO - 0 downstream tasks scheduled from follow-on schedule check
