[2021-10-16 11:44:48,794] {taskinstance.py:1035} INFO - Dependencies all met for <TaskInstance: parallel_dag.task_1 scheduled__2021-10-14T00:00:00+00:00 [queued]>
[2021-10-16 11:44:48,973] {taskinstance.py:1035} INFO - Dependencies all met for <TaskInstance: parallel_dag.task_1 scheduled__2021-10-14T00:00:00+00:00 [queued]>
[2021-10-16 11:44:48,973] {taskinstance.py:1241} INFO - 
--------------------------------------------------------------------------------
[2021-10-16 11:44:48,973] {taskinstance.py:1242} INFO - Starting attempt 1 of 1
[2021-10-16 11:44:48,973] {taskinstance.py:1243} INFO - 
--------------------------------------------------------------------------------
[2021-10-16 11:44:49,142] {taskinstance.py:1262} INFO - Executing <Task(BashOperator): task_1> on 2021-10-14 00:00:00+00:00
[2021-10-16 11:44:49,145] {standard_task_runner.py:52} INFO - Started process 78 to run task
[2021-10-16 11:44:49,210] {standard_task_runner.py:76} INFO - Running: ['***', 'tasks', 'run', 'parallel_dag', 'task_1', 'scheduled__2021-10-14T00:00:00+00:00', '--job-id', '70', '--raw', '--subdir', 'DAGS_FOLDER/parallel_dag.py', '--cfg-path', '/tmp/tmp9wgt3q57', '--error-file', '/tmp/tmpis2o_ehl']
[2021-10-16 11:44:49,250] {standard_task_runner.py:77} INFO - Job 70: Subtask task_1
[2021-10-16 11:44:49,503] {logging_mixin.py:109} INFO - Running <TaskInstance: parallel_dag.task_1 scheduled__2021-10-14T00:00:00+00:00 [running]> on host 981af2cc3d86
[2021-10-16 11:44:49,767] {taskinstance.py:1414} INFO - Exporting the following env vars:
AIRFLOW_CTX_DAG_OWNER=***
AIRFLOW_CTX_DAG_ID=parallel_dag
AIRFLOW_CTX_TASK_ID=task_1
AIRFLOW_CTX_EXECUTION_DATE=2021-10-14T00:00:00+00:00
AIRFLOW_CTX_DAG_RUN_ID=scheduled__2021-10-14T00:00:00+00:00
[2021-10-16 11:44:49,772] {subprocess.py:62} INFO - Tmp dir root location: 
 /tmp
[2021-10-16 11:44:49,775] {subprocess.py:74} INFO - Running command: ['bash', '-c', 'sleep 3']
[2021-10-16 11:44:49,807] {subprocess.py:85} INFO - Output:
[2021-10-16 14:44:52,919] {subprocess.py:93} INFO - Command exited with return code 0
[2021-10-16 14:44:52,954] {taskinstance.py:1280} INFO - Marking task as SUCCESS. dag_id=parallel_dag, task_id=task_1, execution_date=20211014T000000, start_date=20211016T114448, end_date=20211016T144452
[2021-10-16 14:44:53,010] {local_task_job.py:154} INFO - Task exited with return code 0
[2021-10-16 14:44:53,073] {local_task_job.py:264} INFO - 2 downstream tasks scheduled from follow-on schedule check
