[2021-10-14 19:45:56,407] {taskinstance.py:1035} INFO - Dependencies all met for <TaskInstance: example_bash_operator.runme_2 scheduled__2021-10-13T00:00:00+00:00 [queued]>
[2021-10-14 19:45:56,441] {taskinstance.py:1035} INFO - Dependencies all met for <TaskInstance: example_bash_operator.runme_2 scheduled__2021-10-13T00:00:00+00:00 [queued]>
[2021-10-14 19:45:56,442] {taskinstance.py:1241} INFO - 
--------------------------------------------------------------------------------
[2021-10-14 19:45:56,442] {taskinstance.py:1242} INFO - Starting attempt 1 of 1
[2021-10-14 19:45:56,442] {taskinstance.py:1243} INFO - 
--------------------------------------------------------------------------------
[2021-10-14 19:45:56,460] {taskinstance.py:1262} INFO - Executing <Task(BashOperator): runme_2> on 2021-10-13 00:00:00+00:00
[2021-10-14 19:45:56,464] {standard_task_runner.py:52} INFO - Started process 1122 to run task
[2021-10-14 19:45:56,475] {standard_task_runner.py:76} INFO - Running: ['***', 'tasks', 'run', 'example_bash_operator', 'runme_2', 'scheduled__2021-10-13T00:00:00+00:00', '--job-id', '48', '--raw', '--subdir', '/home/***/.local/lib/python3.6/site-packages/***/example_dags/example_bash_operator.py', '--cfg-path', '/tmp/tmpxraj04kr', '--error-file', '/tmp/tmpmv1143as']
[2021-10-14 19:45:56,476] {standard_task_runner.py:77} INFO - Job 48: Subtask runme_2
[2021-10-14 19:45:56,538] {logging_mixin.py:109} INFO - Running <TaskInstance: example_bash_operator.runme_2 scheduled__2021-10-13T00:00:00+00:00 [running]> on host 981af2cc3d86
[2021-10-14 19:45:56,612] {taskinstance.py:1414} INFO - Exporting the following env vars:
AIRFLOW_CTX_DAG_OWNER=***
AIRFLOW_CTX_DAG_ID=example_bash_operator
AIRFLOW_CTX_TASK_ID=runme_2
AIRFLOW_CTX_EXECUTION_DATE=2021-10-13T00:00:00+00:00
AIRFLOW_CTX_DAG_RUN_ID=scheduled__2021-10-13T00:00:00+00:00
[2021-10-14 19:45:56,613] {subprocess.py:62} INFO - Tmp dir root location: 
 /tmp
[2021-10-14 19:45:56,614] {subprocess.py:74} INFO - Running command: ['bash', '-c', 'echo "example_bash_operator__runme_2__20211013" && sleep 1']
[2021-10-14 19:45:56,628] {subprocess.py:85} INFO - Output:
[2021-10-14 19:45:56,629] {subprocess.py:89} INFO - example_bash_operator__runme_2__20211013
[2021-10-14 19:45:57,632] {subprocess.py:93} INFO - Command exited with return code 0
[2021-10-14 19:45:57,701] {taskinstance.py:1280} INFO - Marking task as SUCCESS. dag_id=example_bash_operator, task_id=runme_2, execution_date=20211013T000000, start_date=20211014T194556, end_date=20211014T194557
[2021-10-14 19:45:57,732] {local_task_job.py:154} INFO - Task exited with return code 0
[2021-10-14 19:45:57,774] {local_task_job.py:264} INFO - 1 downstream tasks scheduled from follow-on schedule check
[2021-10-14 19:46:00,786] {taskinstance.py:1035} INFO - Dependencies all met for <TaskInstance: example_bash_operator.runme_2 manual__2021-10-14T19:45:59.165912+00:00 [queued]>
[2021-10-14 19:46:00,844] {taskinstance.py:1035} INFO - Dependencies all met for <TaskInstance: example_bash_operator.runme_2 manual__2021-10-14T19:45:59.165912+00:00 [queued]>
[2021-10-14 19:46:00,844] {taskinstance.py:1241} INFO - 
--------------------------------------------------------------------------------
[2021-10-14 19:46:00,844] {taskinstance.py:1242} INFO - Starting attempt 1 of 1
[2021-10-14 19:46:00,844] {taskinstance.py:1243} INFO - 
--------------------------------------------------------------------------------
[2021-10-14 19:46:00,874] {taskinstance.py:1262} INFO - Executing <Task(BashOperator): runme_2> on 2021-10-14 19:45:59.165912+00:00
[2021-10-14 19:46:00,881] {standard_task_runner.py:52} INFO - Started process 1139 to run task
[2021-10-14 19:46:00,891] {standard_task_runner.py:76} INFO - Running: ['***', 'tasks', 'run', 'example_bash_operator', 'runme_2', 'manual__2021-10-14T19:45:59.165912+00:00', '--job-id', '54', '--raw', '--subdir', '/home/***/.local/lib/python3.6/site-packages/***/example_dags/example_bash_operator.py', '--cfg-path', '/tmp/tmp_l0l1xf6', '--error-file', '/tmp/tmp_jnkvl1z']
[2021-10-14 19:46:00,891] {standard_task_runner.py:77} INFO - Job 54: Subtask runme_2
[2021-10-14 19:46:01,012] {logging_mixin.py:109} INFO - Running <TaskInstance: example_bash_operator.runme_2 manual__2021-10-14T19:45:59.165912+00:00 [running]> on host 981af2cc3d86
[2021-10-14 19:46:01,129] {taskinstance.py:1414} INFO - Exporting the following env vars:
AIRFLOW_CTX_DAG_OWNER=***
AIRFLOW_CTX_DAG_ID=example_bash_operator
AIRFLOW_CTX_TASK_ID=runme_2
AIRFLOW_CTX_EXECUTION_DATE=2021-10-14T19:45:59.165912+00:00
AIRFLOW_CTX_DAG_RUN_ID=manual__2021-10-14T19:45:59.165912+00:00
[2021-10-14 19:46:01,130] {subprocess.py:62} INFO - Tmp dir root location: 
 /tmp
[2021-10-14 19:46:01,131] {subprocess.py:74} INFO - Running command: ['bash', '-c', 'echo "example_bash_operator__runme_2__20211013" && sleep 1']
[2021-10-14 19:46:01,150] {subprocess.py:85} INFO - Output:
[2021-10-14 19:46:01,151] {subprocess.py:89} INFO - example_bash_operator__runme_2__20211013
[2021-10-14 19:46:02,153] {subprocess.py:93} INFO - Command exited with return code 0
[2021-10-14 19:46:02,190] {taskinstance.py:1280} INFO - Marking task as SUCCESS. dag_id=example_bash_operator, task_id=runme_2, execution_date=20211014T194559, start_date=20211014T194600, end_date=20211014T194602
[2021-10-14 19:46:02,243] {local_task_job.py:154} INFO - Task exited with return code 0
[2021-10-14 19:46:02,281] {local_task_job.py:264} INFO - 1 downstream tasks scheduled from follow-on schedule check
