[2021-10-14 19:45:56,352] {taskinstance.py:1035} INFO - Dependencies all met for <TaskInstance: example_bash_operator.also_run_this scheduled__2021-10-13T00:00:00+00:00 [queued]>
[2021-10-14 19:45:56,367] {taskinstance.py:1035} INFO - Dependencies all met for <TaskInstance: example_bash_operator.also_run_this scheduled__2021-10-13T00:00:00+00:00 [queued]>
[2021-10-14 19:45:56,368] {taskinstance.py:1241} INFO - 
--------------------------------------------------------------------------------
[2021-10-14 19:45:56,368] {taskinstance.py:1242} INFO - Starting attempt 1 of 1
[2021-10-14 19:45:56,368] {taskinstance.py:1243} INFO - 
--------------------------------------------------------------------------------
[2021-10-14 19:45:56,430] {taskinstance.py:1262} INFO - Executing <Task(BashOperator): also_run_this> on 2021-10-13 00:00:00+00:00
[2021-10-14 19:45:56,434] {standard_task_runner.py:52} INFO - Started process 1121 to run task
[2021-10-14 19:45:56,447] {standard_task_runner.py:76} INFO - Running: ['***', 'tasks', 'run', 'example_bash_operator', 'also_run_this', 'scheduled__2021-10-13T00:00:00+00:00', '--job-id', '46', '--raw', '--subdir', '/home/***/.local/lib/python3.6/site-packages/***/example_dags/example_bash_operator.py', '--cfg-path', '/tmp/tmpp1lg7v6m', '--error-file', '/tmp/tmpjwab8j4u']
[2021-10-14 19:45:56,448] {standard_task_runner.py:77} INFO - Job 46: Subtask also_run_this
[2021-10-14 19:45:56,512] {logging_mixin.py:109} INFO - Running <TaskInstance: example_bash_operator.also_run_this scheduled__2021-10-13T00:00:00+00:00 [running]> on host 981af2cc3d86
[2021-10-14 19:45:56,595] {taskinstance.py:1414} INFO - Exporting the following env vars:
AIRFLOW_CTX_DAG_OWNER=***
AIRFLOW_CTX_DAG_ID=example_bash_operator
AIRFLOW_CTX_TASK_ID=also_run_this
AIRFLOW_CTX_EXECUTION_DATE=2021-10-13T00:00:00+00:00
AIRFLOW_CTX_DAG_RUN_ID=scheduled__2021-10-13T00:00:00+00:00
[2021-10-14 19:45:56,595] {subprocess.py:62} INFO - Tmp dir root location: 
 /tmp
[2021-10-14 19:45:56,596] {subprocess.py:74} INFO - Running command: ['bash', '-c', 'echo "run_id=scheduled__2021-10-13T00:00:00+00:00 | dag_run=<DagRun example_bash_operator @ 2021-10-13 00:00:00+00:00: scheduled__2021-10-13T00:00:00+00:00, externally triggered: False>"']
[2021-10-14 19:45:56,614] {subprocess.py:85} INFO - Output:
[2021-10-14 19:45:56,614] {subprocess.py:89} INFO - run_id=scheduled__2021-10-13T00:00:00+00:00 | dag_run=<DagRun example_bash_operator @ 2021-10-13 00:00:00+00:00: scheduled__2021-10-13T00:00:00+00:00, externally triggered: False>
[2021-10-14 19:45:56,616] {subprocess.py:93} INFO - Command exited with return code 0
[2021-10-14 19:45:56,651] {taskinstance.py:1280} INFO - Marking task as SUCCESS. dag_id=example_bash_operator, task_id=also_run_this, execution_date=20211013T000000, start_date=20211014T194556, end_date=20211014T194556
[2021-10-14 19:45:56,666] {local_task_job.py:154} INFO - Task exited with return code 0
[2021-10-14 19:45:56,696] {local_task_job.py:264} INFO - 0 downstream tasks scheduled from follow-on schedule check
[2021-10-14 19:46:00,721] {taskinstance.py:1035} INFO - Dependencies all met for <TaskInstance: example_bash_operator.also_run_this manual__2021-10-14T19:45:59.165912+00:00 [queued]>
[2021-10-14 19:46:00,750] {taskinstance.py:1035} INFO - Dependencies all met for <TaskInstance: example_bash_operator.also_run_this manual__2021-10-14T19:45:59.165912+00:00 [queued]>
[2021-10-14 19:46:00,750] {taskinstance.py:1241} INFO - 
--------------------------------------------------------------------------------
[2021-10-14 19:46:00,750] {taskinstance.py:1242} INFO - Starting attempt 1 of 1
[2021-10-14 19:46:00,750] {taskinstance.py:1243} INFO - 
--------------------------------------------------------------------------------
[2021-10-14 19:46:00,772] {taskinstance.py:1262} INFO - Executing <Task(BashOperator): also_run_this> on 2021-10-14 19:45:59.165912+00:00
[2021-10-14 19:46:00,795] {standard_task_runner.py:76} INFO - Running: ['***', 'tasks', 'run', 'example_bash_operator', 'also_run_this', 'manual__2021-10-14T19:45:59.165912+00:00', '--job-id', '53', '--raw', '--subdir', '/home/***/.local/lib/python3.6/site-packages/***/example_dags/example_bash_operator.py', '--cfg-path', '/tmp/tmp51a_s4b4', '--error-file', '/tmp/tmpwibt495p']
[2021-10-14 19:46:00,783] {standard_task_runner.py:52} INFO - Started process 1138 to run task
[2021-10-14 19:46:00,798] {standard_task_runner.py:77} INFO - Job 53: Subtask also_run_this
[2021-10-14 19:46:00,887] {logging_mixin.py:109} INFO - Running <TaskInstance: example_bash_operator.also_run_this manual__2021-10-14T19:45:59.165912+00:00 [running]> on host 981af2cc3d86
[2021-10-14 19:46:01,005] {taskinstance.py:1414} INFO - Exporting the following env vars:
AIRFLOW_CTX_DAG_OWNER=***
AIRFLOW_CTX_DAG_ID=example_bash_operator
AIRFLOW_CTX_TASK_ID=also_run_this
AIRFLOW_CTX_EXECUTION_DATE=2021-10-14T19:45:59.165912+00:00
AIRFLOW_CTX_DAG_RUN_ID=manual__2021-10-14T19:45:59.165912+00:00
[2021-10-14 19:46:01,006] {subprocess.py:62} INFO - Tmp dir root location: 
 /tmp
[2021-10-14 19:46:01,006] {subprocess.py:74} INFO - Running command: ['bash', '-c', 'echo "run_id=manual__2021-10-14T19:45:59.165912+00:00 | dag_run=<DagRun example_bash_operator @ 2021-10-14 19:45:59.165912+00:00: manual__2021-10-14T19:45:59.165912+00:00, externally triggered: True>"']
[2021-10-14 19:46:01,031] {subprocess.py:85} INFO - Output:
[2021-10-14 19:46:01,032] {subprocess.py:89} INFO - run_id=manual__2021-10-14T19:45:59.165912+00:00 | dag_run=<DagRun example_bash_operator @ 2021-10-14 19:45:59.165912+00:00: manual__2021-10-14T19:45:59.165912+00:00, externally triggered: True>
[2021-10-14 19:46:01,033] {subprocess.py:93} INFO - Command exited with return code 0
[2021-10-14 19:46:01,071] {taskinstance.py:1280} INFO - Marking task as SUCCESS. dag_id=example_bash_operator, task_id=also_run_this, execution_date=20211014T194559, start_date=20211014T194600, end_date=20211014T194601
[2021-10-14 19:46:01,105] {local_task_job.py:154} INFO - Task exited with return code 0
[2021-10-14 19:46:01,179] {local_task_job.py:264} INFO - 0 downstream tasks scheduled from follow-on schedule check
