[2021-10-16 16:27:45,307] {taskinstance.py:1035} INFO - Dependencies all met for <TaskInstance: xcom_dag.processing_tasks.training_model_b manual__2021-10-16T16:26:52.323487+00:00 [queued]>
[2021-10-16 16:27:45,332] {taskinstance.py:1035} INFO - Dependencies all met for <TaskInstance: xcom_dag.processing_tasks.training_model_b manual__2021-10-16T16:26:52.323487+00:00 [queued]>
[2021-10-16 16:27:45,332] {taskinstance.py:1241} INFO - 
--------------------------------------------------------------------------------
[2021-10-16 16:27:45,332] {taskinstance.py:1242} INFO - Starting attempt 2 of 2
[2021-10-16 16:27:45,332] {taskinstance.py:1243} INFO - 
--------------------------------------------------------------------------------
[2021-10-16 16:27:45,350] {taskinstance.py:1262} INFO - Executing <Task(PythonOperator): processing_tasks.training_model_b> on 2021-10-16 16:26:52.323487+00:00
[2021-10-16 16:27:45,357] {standard_task_runner.py:76} INFO - Running: ['***', 'tasks', 'run', 'xcom_dag', 'processing_tasks.training_model_b', 'manual__2021-10-16T16:26:52.323487+00:00', '--job-id', '118', '--raw', '--subdir', 'DAGS_FOLDER/xcom_dag.py', '--cfg-path', '/tmp/tmp__nl34mp', '--error-file', '/tmp/tmp3l0nzyyz']
[2021-10-16 16:27:45,355] {standard_task_runner.py:52} INFO - Started process 5372 to run task
[2021-10-16 16:27:45,358] {standard_task_runner.py:77} INFO - Job 118: Subtask processing_tasks.training_model_b
[2021-10-16 16:27:45,431] {logging_mixin.py:109} INFO - Running <TaskInstance: xcom_dag.processing_tasks.training_model_b manual__2021-10-16T16:26:52.323487+00:00 [running]> on host 981af2cc3d86
[2021-10-16 16:27:45,511] {taskinstance.py:1414} INFO - Exporting the following env vars:
AIRFLOW_CTX_DAG_OWNER=***
AIRFLOW_CTX_DAG_ID=xcom_dag
AIRFLOW_CTX_TASK_ID=processing_tasks.training_model_b
AIRFLOW_CTX_EXECUTION_DATE=2021-10-16T16:26:52.323487+00:00
AIRFLOW_CTX_DAG_RUN_ID=manual__2021-10-16T16:26:52.323487+00:00
[2021-10-16 16:27:45,512] {logging_mixin.py:109} INFO - model's accuracy: 6.5424497003312405
[2021-10-16 16:27:45,512] {logging_mixin.py:109} INFO - Tipo do dado <class '***.models.taskinstance.TaskInstance'>
[2021-10-16 16:27:45,525] {python.py:152} INFO - Done. Returned value was: None
[2021-10-16 16:27:45,537] {taskinstance.py:1280} INFO - Marking task as SUCCESS. dag_id=xcom_dag, task_id=processing_tasks.training_model_b, execution_date=20211016T162652, start_date=20211016T162745, end_date=20211016T162745
[2021-10-16 16:27:45,593] {local_task_job.py:154} INFO - Task exited with return code 0
[2021-10-16 16:27:45,652] {local_task_job.py:264} INFO - 0 downstream tasks scheduled from follow-on schedule check
[2021-10-16 16:54:04,904] {taskinstance.py:1035} INFO - Dependencies all met for <TaskInstance: xcom_dag.processing_tasks.training_model_b manual__2021-10-16T16:50:17.494802+00:00 [queued]>
[2021-10-16 16:54:04,929] {taskinstance.py:1035} INFO - Dependencies all met for <TaskInstance: xcom_dag.processing_tasks.training_model_b manual__2021-10-16T16:50:17.494802+00:00 [queued]>
[2021-10-16 16:54:04,929] {taskinstance.py:1241} INFO - 
--------------------------------------------------------------------------------
[2021-10-16 16:54:04,929] {taskinstance.py:1242} INFO - Starting attempt 2 of 2
[2021-10-16 16:54:04,929] {taskinstance.py:1243} INFO - 
--------------------------------------------------------------------------------
[2021-10-16 16:54:04,939] {taskinstance.py:1262} INFO - Executing <Task(PythonOperator): processing_tasks.training_model_b> on 2021-10-16 16:50:17.494802+00:00
[2021-10-16 16:54:04,943] {standard_task_runner.py:52} INFO - Started process 6752 to run task
[2021-10-16 16:54:04,945] {standard_task_runner.py:76} INFO - Running: ['***', 'tasks', 'run', 'xcom_dag', 'processing_tasks.training_model_b', 'manual__2021-10-16T16:50:17.494802+00:00', '--job-id', '142', '--raw', '--subdir', 'DAGS_FOLDER/xcom_dag.py', '--cfg-path', '/tmp/tmp4696dzcz', '--error-file', '/tmp/tmpjctc1rgl']
[2021-10-16 16:54:04,951] {standard_task_runner.py:77} INFO - Job 142: Subtask processing_tasks.training_model_b
[2021-10-16 16:54:04,995] {logging_mixin.py:109} INFO - Running <TaskInstance: xcom_dag.processing_tasks.training_model_b manual__2021-10-16T16:50:17.494802+00:00 [running]> on host 981af2cc3d86
[2021-10-16 16:54:05,060] {taskinstance.py:1414} INFO - Exporting the following env vars:
AIRFLOW_CTX_DAG_OWNER=***
AIRFLOW_CTX_DAG_ID=xcom_dag
AIRFLOW_CTX_TASK_ID=processing_tasks.training_model_b
AIRFLOW_CTX_EXECUTION_DATE=2021-10-16T16:50:17.494802+00:00
AIRFLOW_CTX_DAG_RUN_ID=manual__2021-10-16T16:50:17.494802+00:00
[2021-10-16 16:54:05,061] {logging_mixin.py:109} INFO - model's accuracy: 6.5424497003312405
[2021-10-16 16:54:05,070] {python.py:152} INFO - Done. Returned value was: None
[2021-10-16 16:54:05,081] {taskinstance.py:1280} INFO - Marking task as SUCCESS. dag_id=xcom_dag, task_id=processing_tasks.training_model_b, execution_date=20211016T165017, start_date=20211016T165404, end_date=20211016T165405
[2021-10-16 16:54:05,122] {local_task_job.py:154} INFO - Task exited with return code 0
[2021-10-16 16:54:05,155] {local_task_job.py:264} INFO - 0 downstream tasks scheduled from follow-on schedule check
[2021-10-16 16:56:09,648] {taskinstance.py:1035} INFO - Dependencies all met for <TaskInstance: xcom_dag.processing_tasks.training_model_b manual__2021-10-16T16:55:10.660602+00:00 [queued]>
[2021-10-16 16:56:09,675] {taskinstance.py:1035} INFO - Dependencies all met for <TaskInstance: xcom_dag.processing_tasks.training_model_b manual__2021-10-16T16:55:10.660602+00:00 [queued]>
[2021-10-16 16:56:09,675] {taskinstance.py:1241} INFO - 
--------------------------------------------------------------------------------
[2021-10-16 16:56:09,676] {taskinstance.py:1242} INFO - Starting attempt 2 of 2
[2021-10-16 16:56:09,676] {taskinstance.py:1243} INFO - 
--------------------------------------------------------------------------------
[2021-10-16 16:56:09,690] {taskinstance.py:1262} INFO - Executing <Task(PythonOperator): processing_tasks.training_model_b> on 2021-10-16 16:55:10.660602+00:00
[2021-10-16 16:56:09,696] {standard_task_runner.py:52} INFO - Started process 6893 to run task
[2021-10-16 16:56:09,700] {standard_task_runner.py:76} INFO - Running: ['***', 'tasks', 'run', 'xcom_dag', 'processing_tasks.training_model_b', 'manual__2021-10-16T16:55:10.660602+00:00', '--job-id', '159', '--raw', '--subdir', 'DAGS_FOLDER/xcom_dag.py', '--cfg-path', '/tmp/tmphb_v8y6k', '--error-file', '/tmp/tmpmy_ur2w9']
[2021-10-16 16:56:09,701] {standard_task_runner.py:77} INFO - Job 159: Subtask processing_tasks.training_model_b
[2021-10-16 16:56:09,770] {logging_mixin.py:109} INFO - Running <TaskInstance: xcom_dag.processing_tasks.training_model_b manual__2021-10-16T16:55:10.660602+00:00 [running]> on host 981af2cc3d86
[2021-10-16 16:56:09,831] {taskinstance.py:1414} INFO - Exporting the following env vars:
AIRFLOW_CTX_DAG_OWNER=***
AIRFLOW_CTX_DAG_ID=xcom_dag
AIRFLOW_CTX_TASK_ID=processing_tasks.training_model_b
AIRFLOW_CTX_EXECUTION_DATE=2021-10-16T16:55:10.660602+00:00
AIRFLOW_CTX_DAG_RUN_ID=manual__2021-10-16T16:55:10.660602+00:00
[2021-10-16 16:56:09,834] {logging_mixin.py:109} INFO - model's accuracy: 3.822483191911624
[2021-10-16 16:56:09,843] {python.py:152} INFO - Done. Returned value was: None
[2021-10-16 16:56:09,871] {taskinstance.py:1280} INFO - Marking task as SUCCESS. dag_id=xcom_dag, task_id=processing_tasks.training_model_b, execution_date=20211016T165510, start_date=20211016T165609, end_date=20211016T165609
[2021-10-16 16:56:09,925] {local_task_job.py:154} INFO - Task exited with return code 0
[2021-10-16 16:56:09,958] {local_task_job.py:264} INFO - 1 downstream tasks scheduled from follow-on schedule check
[2021-10-16 17:03:53,918] {taskinstance.py:1035} INFO - Dependencies all met for <TaskInstance: xcom_dag.processing_tasks.training_model_b scheduled__2021-10-15T00:00:00+00:00 [queued]>
[2021-10-16 17:03:53,941] {taskinstance.py:1035} INFO - Dependencies all met for <TaskInstance: xcom_dag.processing_tasks.training_model_b scheduled__2021-10-15T00:00:00+00:00 [queued]>
[2021-10-16 17:03:53,941] {taskinstance.py:1241} INFO - 
--------------------------------------------------------------------------------
[2021-10-16 17:03:53,941] {taskinstance.py:1242} INFO - Starting attempt 2 of 2
[2021-10-16 17:03:53,941] {taskinstance.py:1243} INFO - 
--------------------------------------------------------------------------------
[2021-10-16 17:03:53,962] {taskinstance.py:1262} INFO - Executing <Task(PythonOperator): processing_tasks.training_model_b> on 2021-10-15 00:00:00+00:00
[2021-10-16 17:03:53,967] {standard_task_runner.py:52} INFO - Started process 7361 to run task
[2021-10-16 17:03:53,974] {standard_task_runner.py:76} INFO - Running: ['***', 'tasks', 'run', 'xcom_dag', 'processing_tasks.training_model_b', 'scheduled__2021-10-15T00:00:00+00:00', '--job-id', '190', '--raw', '--subdir', 'DAGS_FOLDER/xcom_dag.py', '--cfg-path', '/tmp/tmphi656s49', '--error-file', '/tmp/tmp7yt05mhs']
[2021-10-16 17:03:53,974] {standard_task_runner.py:77} INFO - Job 190: Subtask processing_tasks.training_model_b
[2021-10-16 17:03:54,029] {logging_mixin.py:109} INFO - Running <TaskInstance: xcom_dag.processing_tasks.training_model_b scheduled__2021-10-15T00:00:00+00:00 [running]> on host 981af2cc3d86
[2021-10-16 17:03:54,070] {taskinstance.py:1414} INFO - Exporting the following env vars:
AIRFLOW_CTX_DAG_OWNER=***
AIRFLOW_CTX_DAG_ID=xcom_dag
AIRFLOW_CTX_TASK_ID=processing_tasks.training_model_b
AIRFLOW_CTX_EXECUTION_DATE=2021-10-15T00:00:00+00:00
AIRFLOW_CTX_DAG_RUN_ID=scheduled__2021-10-15T00:00:00+00:00
[2021-10-16 17:03:54,070] {logging_mixin.py:109} INFO - model's accuracy: 3.822483191911624
[2021-10-16 17:03:54,078] {python.py:152} INFO - Done. Returned value was: None
[2021-10-16 17:03:54,088] {taskinstance.py:1280} INFO - Marking task as SUCCESS. dag_id=xcom_dag, task_id=processing_tasks.training_model_b, execution_date=20211015T000000, start_date=20211016T170353, end_date=20211016T170354
[2021-10-16 17:03:54,108] {local_task_job.py:154} INFO - Task exited with return code 0
[2021-10-16 17:03:54,145] {local_task_job.py:264} INFO - 0 downstream tasks scheduled from follow-on schedule check
[2021-10-16 17:27:12,859] {taskinstance.py:1035} INFO - Dependencies all met for <TaskInstance: xcom_dag.processing_tasks.training_model_b manual__2021-10-16T17:25:33.010722+00:00 [queued]>
[2021-10-16 17:27:12,874] {taskinstance.py:1035} INFO - Dependencies all met for <TaskInstance: xcom_dag.processing_tasks.training_model_b manual__2021-10-16T17:25:33.010722+00:00 [queued]>
[2021-10-16 17:27:12,874] {taskinstance.py:1241} INFO - 
--------------------------------------------------------------------------------
[2021-10-16 17:27:12,874] {taskinstance.py:1242} INFO - Starting attempt 2 of 2
[2021-10-16 17:27:12,874] {taskinstance.py:1243} INFO - 
--------------------------------------------------------------------------------
[2021-10-16 17:27:12,885] {taskinstance.py:1262} INFO - Executing <Task(PythonOperator): processing_tasks.training_model_b> on 2021-10-16 17:25:33.010722+00:00
[2021-10-16 17:27:12,891] {standard_task_runner.py:76} INFO - Running: ['***', 'tasks', 'run', 'xcom_dag', 'processing_tasks.training_model_b', 'manual__2021-10-16T17:25:33.010722+00:00', '--job-id', '239', '--raw', '--subdir', 'DAGS_FOLDER/xcom_dag.py', '--cfg-path', '/tmp/tmp2um2v_du', '--error-file', '/tmp/tmp6m90e_n9']
[2021-10-16 17:27:12,892] {standard_task_runner.py:77} INFO - Job 239: Subtask processing_tasks.training_model_b
[2021-10-16 17:27:12,889] {standard_task_runner.py:52} INFO - Started process 423 to run task
[2021-10-16 17:27:12,932] {logging_mixin.py:109} INFO - Running <TaskInstance: xcom_dag.processing_tasks.training_model_b manual__2021-10-16T17:25:33.010722+00:00 [running]> on host 29ba84338b36
[2021-10-16 17:27:12,977] {taskinstance.py:1414} INFO - Exporting the following env vars:
AIRFLOW_CTX_DAG_OWNER=***
AIRFLOW_CTX_DAG_ID=xcom_dag
AIRFLOW_CTX_TASK_ID=processing_tasks.training_model_b
AIRFLOW_CTX_EXECUTION_DATE=2021-10-16T17:25:33.010722+00:00
AIRFLOW_CTX_DAG_RUN_ID=manual__2021-10-16T17:25:33.010722+00:00
[2021-10-16 17:27:12,977] {logging_mixin.py:109} INFO - model's accuracy: 1.6576757292264903
[2021-10-16 17:27:12,984] {python.py:152} INFO - Done. Returned value was: None
[2021-10-16 17:27:12,995] {taskinstance.py:1280} INFO - Marking task as SUCCESS. dag_id=xcom_dag, task_id=processing_tasks.training_model_b, execution_date=20211016T172533, start_date=20211016T172712, end_date=20211016T172712
[2021-10-16 17:27:13,027] {local_task_job.py:154} INFO - Task exited with return code 0
[2021-10-16 17:27:13,058] {local_task_job.py:264} INFO - 0 downstream tasks scheduled from follow-on schedule check
