[2021-10-14 20:08:57,172] {taskinstance.py:1035} INFO - Dependencies all met for <TaskInstance: parallel_dag.task_1 scheduled__2021-10-13T00:00:00+00:00 [queued]>
[2021-10-14 20:08:57,189] {taskinstance.py:1035} INFO - Dependencies all met for <TaskInstance: parallel_dag.task_1 scheduled__2021-10-13T00:00:00+00:00 [queued]>
[2021-10-14 20:08:57,189] {taskinstance.py:1241} INFO - 
--------------------------------------------------------------------------------
[2021-10-14 20:08:57,190] {taskinstance.py:1242} INFO - Starting attempt 1 of 1
[2021-10-14 20:08:57,190] {taskinstance.py:1243} INFO - 
--------------------------------------------------------------------------------
[2021-10-14 20:08:57,200] {taskinstance.py:1262} INFO - Executing <Task(BashOperator): task_1> on 2021-10-13 00:00:00+00:00
[2021-10-14 20:08:57,211] {standard_task_runner.py:52} INFO - Started process 2309 to run task
[2021-10-14 20:08:57,214] {standard_task_runner.py:76} INFO - Running: ['***', 'tasks', 'run', 'parallel_dag', 'task_1', 'scheduled__2021-10-13T00:00:00+00:00', '--job-id', '58', '--raw', '--subdir', 'DAGS_FOLDER/parallel_dag.py', '--cfg-path', '/tmp/tmpt3jouorq', '--error-file', '/tmp/tmp7ryr6o28']
[2021-10-14 20:08:57,215] {standard_task_runner.py:77} INFO - Job 58: Subtask task_1
[2021-10-14 20:08:57,259] {logging_mixin.py:109} INFO - Running <TaskInstance: parallel_dag.task_1 scheduled__2021-10-13T00:00:00+00:00 [running]> on host 981af2cc3d86
[2021-10-14 20:08:57,301] {taskinstance.py:1414} INFO - Exporting the following env vars:
AIRFLOW_CTX_DAG_OWNER=***
AIRFLOW_CTX_DAG_ID=parallel_dag
AIRFLOW_CTX_TASK_ID=task_1
AIRFLOW_CTX_EXECUTION_DATE=2021-10-13T00:00:00+00:00
AIRFLOW_CTX_DAG_RUN_ID=scheduled__2021-10-13T00:00:00+00:00
[2021-10-14 20:08:57,302] {subprocess.py:62} INFO - Tmp dir root location: 
 /tmp
[2021-10-14 20:08:57,303] {subprocess.py:74} INFO - Running command: ['bash', '-c', 'sleep 3']
[2021-10-14 20:08:57,312] {subprocess.py:85} INFO - Output:
[2021-10-14 20:09:00,314] {subprocess.py:93} INFO - Command exited with return code 0
[2021-10-14 20:09:00,345] {taskinstance.py:1280} INFO - Marking task as SUCCESS. dag_id=parallel_dag, task_id=task_1, execution_date=20211013T000000, start_date=20211014T200857, end_date=20211014T200900
[2021-10-14 20:09:00,397] {local_task_job.py:154} INFO - Task exited with return code 0
[2021-10-14 20:09:00,439] {local_task_job.py:264} INFO - 2 downstream tasks scheduled from follow-on schedule check
[2021-10-14 20:09:29,574] {taskinstance.py:1035} INFO - Dependencies all met for <TaskInstance: parallel_dag.task_1 manual__2021-10-14T20:09:28.422672+00:00 [queued]>
[2021-10-14 20:09:29,587] {taskinstance.py:1035} INFO - Dependencies all met for <TaskInstance: parallel_dag.task_1 manual__2021-10-14T20:09:28.422672+00:00 [queued]>
[2021-10-14 20:09:29,587] {taskinstance.py:1241} INFO - 
--------------------------------------------------------------------------------
[2021-10-14 20:09:29,587] {taskinstance.py:1242} INFO - Starting attempt 1 of 1
[2021-10-14 20:09:29,587] {taskinstance.py:1243} INFO - 
--------------------------------------------------------------------------------
[2021-10-14 20:09:29,597] {taskinstance.py:1262} INFO - Executing <Task(BashOperator): task_1> on 2021-10-14 20:09:28.422672+00:00
[2021-10-14 20:09:29,600] {standard_task_runner.py:52} INFO - Started process 2345 to run task
[2021-10-14 20:09:29,606] {standard_task_runner.py:76} INFO - Running: ['***', 'tasks', 'run', 'parallel_dag', 'task_1', 'manual__2021-10-14T20:09:28.422672+00:00', '--job-id', '62', '--raw', '--subdir', 'DAGS_FOLDER/parallel_dag.py', '--cfg-path', '/tmp/tmpc4wu_ea3', '--error-file', '/tmp/tmpn8fzn1rs']
[2021-10-14 20:09:29,606] {standard_task_runner.py:77} INFO - Job 62: Subtask task_1
[2021-10-14 20:09:29,635] {logging_mixin.py:109} INFO - Running <TaskInstance: parallel_dag.task_1 manual__2021-10-14T20:09:28.422672+00:00 [running]> on host 981af2cc3d86
[2021-10-14 20:09:29,674] {taskinstance.py:1414} INFO - Exporting the following env vars:
AIRFLOW_CTX_DAG_OWNER=***
AIRFLOW_CTX_DAG_ID=parallel_dag
AIRFLOW_CTX_TASK_ID=task_1
AIRFLOW_CTX_EXECUTION_DATE=2021-10-14T20:09:28.422672+00:00
AIRFLOW_CTX_DAG_RUN_ID=manual__2021-10-14T20:09:28.422672+00:00
[2021-10-14 20:09:29,674] {subprocess.py:62} INFO - Tmp dir root location: 
 /tmp
[2021-10-14 20:09:29,675] {subprocess.py:74} INFO - Running command: ['bash', '-c', 'sleep 3']
[2021-10-14 20:09:29,682] {subprocess.py:85} INFO - Output:
[2021-10-14 20:09:32,684] {subprocess.py:93} INFO - Command exited with return code 0
[2021-10-14 20:09:32,710] {taskinstance.py:1280} INFO - Marking task as SUCCESS. dag_id=parallel_dag, task_id=task_1, execution_date=20211014T200928, start_date=20211014T200929, end_date=20211014T200932
[2021-10-14 20:09:32,753] {local_task_job.py:154} INFO - Task exited with return code 0
[2021-10-14 20:09:32,795] {local_task_job.py:264} INFO - 0 downstream tasks scheduled from follow-on schedule check
