[2021-10-16 16:20:57,126] {taskinstance.py:1035} INFO - Dependencies all met for <TaskInstance: xcom_dag.task_4 manual__2021-10-16T16:20:49.871075+00:00 [queued]>
[2021-10-16 16:20:57,142] {taskinstance.py:1035} INFO - Dependencies all met for <TaskInstance: xcom_dag.task_4 manual__2021-10-16T16:20:49.871075+00:00 [queued]>
[2021-10-16 16:20:57,142] {taskinstance.py:1241} INFO - 
--------------------------------------------------------------------------------
[2021-10-16 16:20:57,142] {taskinstance.py:1242} INFO - Starting attempt 1 of 1
[2021-10-16 16:20:57,142] {taskinstance.py:1243} INFO - 
--------------------------------------------------------------------------------
[2021-10-16 16:20:57,153] {taskinstance.py:1262} INFO - Executing <Task(PythonOperator): task_4> on 2021-10-16 16:20:49.871075+00:00
[2021-10-16 16:20:57,176] {standard_task_runner.py:76} INFO - Running: ['***', 'tasks', 'run', 'xcom_dag', 'task_4', 'manual__2021-10-16T16:20:49.871075+00:00', '--job-id', '106', '--raw', '--subdir', 'DAGS_FOLDER/xcom_dag.py', '--cfg-path', '/tmp/tmp2bh3n_ha', '--error-file', '/tmp/tmp3ki7r1n1']
[2021-10-16 16:20:57,176] {standard_task_runner.py:77} INFO - Job 106: Subtask task_4
[2021-10-16 16:20:57,158] {standard_task_runner.py:52} INFO - Started process 5008 to run task
[2021-10-16 16:20:57,217] {taskinstance.py:1035} INFO - Dependencies all met for <TaskInstance: xcom_dag.task_4 scheduled__2021-10-15T00:00:00+00:00 [queued]>
[2021-10-16 16:20:57,247] {logging_mixin.py:109} INFO - Running <TaskInstance: xcom_dag.task_4 manual__2021-10-16T16:20:49.871075+00:00 [running]> on host 981af2cc3d86
[2021-10-16 16:20:57,257] {taskinstance.py:1035} INFO - Dependencies all met for <TaskInstance: xcom_dag.task_4 scheduled__2021-10-15T00:00:00+00:00 [queued]>
[2021-10-16 16:20:57,257] {taskinstance.py:1241} INFO - 
--------------------------------------------------------------------------------
[2021-10-16 16:20:57,257] {taskinstance.py:1242} INFO - Starting attempt 1 of 1
[2021-10-16 16:20:57,257] {taskinstance.py:1243} INFO - 
--------------------------------------------------------------------------------
[2021-10-16 16:20:57,270] {taskinstance.py:1262} INFO - Executing <Task(PythonOperator): task_4> on 2021-10-15 00:00:00+00:00
[2021-10-16 16:20:57,274] {standard_task_runner.py:52} INFO - Started process 5009 to run task
[2021-10-16 16:20:57,280] {standard_task_runner.py:76} INFO - Running: ['***', 'tasks', 'run', 'xcom_dag', 'task_4', 'scheduled__2021-10-15T00:00:00+00:00', '--job-id', '107', '--raw', '--subdir', 'DAGS_FOLDER/xcom_dag.py', '--cfg-path', '/tmp/tmp5add_ur2', '--error-file', '/tmp/tmpwcbya_6r']
[2021-10-16 16:20:57,281] {standard_task_runner.py:77} INFO - Job 107: Subtask task_4
[2021-10-16 16:20:57,313] {taskinstance.py:1414} INFO - Exporting the following env vars:
AIRFLOW_CTX_DAG_OWNER=***
AIRFLOW_CTX_DAG_ID=xcom_dag
AIRFLOW_CTX_TASK_ID=task_4
AIRFLOW_CTX_EXECUTION_DATE=2021-10-16T16:20:49.871075+00:00
AIRFLOW_CTX_DAG_RUN_ID=manual__2021-10-16T16:20:49.871075+00:00
[2021-10-16 16:20:57,313] {logging_mixin.py:109} INFO - choose best model
[2021-10-16 16:20:57,314] {python.py:152} INFO - Done. Returned value was: None
[2021-10-16 16:20:57,325] {logging_mixin.py:109} INFO - Running <TaskInstance: xcom_dag.task_4 scheduled__2021-10-15T00:00:00+00:00 [running]> on host 981af2cc3d86
[2021-10-16 16:20:57,330] {taskinstance.py:1280} INFO - Marking task as SUCCESS. dag_id=xcom_dag, task_id=task_4, execution_date=20211016T162049, start_date=20211016T162057, end_date=20211016T162057
[2021-10-16 16:20:57,360] {local_task_job.py:154} INFO - Task exited with return code 0
[2021-10-16 16:20:57,383] {taskinstance.py:1414} INFO - Exporting the following env vars:
AIRFLOW_CTX_DAG_OWNER=***
AIRFLOW_CTX_DAG_ID=xcom_dag
AIRFLOW_CTX_TASK_ID=task_4
AIRFLOW_CTX_EXECUTION_DATE=2021-10-15T00:00:00+00:00
AIRFLOW_CTX_DAG_RUN_ID=scheduled__2021-10-15T00:00:00+00:00
[2021-10-16 16:20:57,383] {logging_mixin.py:109} INFO - choose best model
[2021-10-16 16:20:57,383] {python.py:152} INFO - Done. Returned value was: None
[2021-10-16 16:20:57,387] {local_task_job.py:264} INFO - 0 downstream tasks scheduled from follow-on schedule check
[2021-10-16 16:20:57,395] {taskinstance.py:1280} INFO - Marking task as SUCCESS. dag_id=xcom_dag, task_id=task_4, execution_date=20211015T000000, start_date=20211016T162057, end_date=20211016T162057
[2021-10-16 16:20:57,414] {local_task_job.py:154} INFO - Task exited with return code 0
[2021-10-16 16:20:57,437] {local_task_job.py:264} INFO - 0 downstream tasks scheduled from follow-on schedule check
[2021-10-16 16:25:14,746] {taskinstance.py:1035} INFO - Dependencies all met for <TaskInstance: xcom_dag.task_4 manual__2021-10-16T16:25:08.967170+00:00 [queued]>
[2021-10-16 16:25:14,764] {taskinstance.py:1035} INFO - Dependencies all met for <TaskInstance: xcom_dag.task_4 manual__2021-10-16T16:25:08.967170+00:00 [queued]>
[2021-10-16 16:25:14,764] {taskinstance.py:1241} INFO - 
--------------------------------------------------------------------------------
[2021-10-16 16:25:14,764] {taskinstance.py:1242} INFO - Starting attempt 1 of 1
[2021-10-16 16:25:14,764] {taskinstance.py:1243} INFO - 
--------------------------------------------------------------------------------
[2021-10-16 16:25:14,773] {taskinstance.py:1262} INFO - Executing <Task(PythonOperator): task_4> on 2021-10-16 16:25:08.967170+00:00
[2021-10-16 16:25:14,779] {standard_task_runner.py:76} INFO - Running: ['***', 'tasks', 'run', 'xcom_dag', 'task_4', 'manual__2021-10-16T16:25:08.967170+00:00', '--job-id', '112', '--raw', '--subdir', 'DAGS_FOLDER/xcom_dag.py', '--cfg-path', '/tmp/tmpqeudiqkw', '--error-file', '/tmp/tmp3ft_ilst']
[2021-10-16 16:25:14,779] {standard_task_runner.py:77} INFO - Job 112: Subtask task_4
[2021-10-16 16:25:14,776] {standard_task_runner.py:52} INFO - Started process 5238 to run task
[2021-10-16 16:25:14,815] {logging_mixin.py:109} INFO - Running <TaskInstance: xcom_dag.task_4 manual__2021-10-16T16:25:08.967170+00:00 [running]> on host 981af2cc3d86
[2021-10-16 16:25:14,853] {taskinstance.py:1414} INFO - Exporting the following env vars:
AIRFLOW_CTX_DAG_OWNER=***
AIRFLOW_CTX_DAG_ID=xcom_dag
AIRFLOW_CTX_TASK_ID=task_4
AIRFLOW_CTX_EXECUTION_DATE=2021-10-16T16:25:08.967170+00:00
AIRFLOW_CTX_DAG_RUN_ID=manual__2021-10-16T16:25:08.967170+00:00
[2021-10-16 16:25:14,854] {logging_mixin.py:109} INFO - choose best model
[2021-10-16 16:25:14,854] {python.py:152} INFO - Done. Returned value was: None
[2021-10-16 16:25:14,863] {taskinstance.py:1280} INFO - Marking task as SUCCESS. dag_id=xcom_dag, task_id=task_4, execution_date=20211016T162508, start_date=20211016T162514, end_date=20211016T162514
[2021-10-16 16:25:14,912] {local_task_job.py:154} INFO - Task exited with return code 0
[2021-10-16 16:25:14,941] {local_task_job.py:264} INFO - 0 downstream tasks scheduled from follow-on schedule check
[2021-10-16 16:27:46,713] {taskinstance.py:1035} INFO - Dependencies all met for <TaskInstance: xcom_dag.task_4 manual__2021-10-16T16:26:52.323487+00:00 [queued]>
[2021-10-16 16:27:46,730] {taskinstance.py:1035} INFO - Dependencies all met for <TaskInstance: xcom_dag.task_4 manual__2021-10-16T16:26:52.323487+00:00 [queued]>
[2021-10-16 16:27:46,730] {taskinstance.py:1241} INFO - 
--------------------------------------------------------------------------------
[2021-10-16 16:27:46,730] {taskinstance.py:1242} INFO - Starting attempt 1 of 1
[2021-10-16 16:27:46,730] {taskinstance.py:1243} INFO - 
--------------------------------------------------------------------------------
[2021-10-16 16:27:46,740] {taskinstance.py:1262} INFO - Executing <Task(PythonOperator): task_4> on 2021-10-16 16:26:52.323487+00:00
[2021-10-16 16:27:46,745] {standard_task_runner.py:76} INFO - Running: ['***', 'tasks', 'run', 'xcom_dag', 'task_4', 'manual__2021-10-16T16:26:52.323487+00:00', '--job-id', '121', '--raw', '--subdir', 'DAGS_FOLDER/xcom_dag.py', '--cfg-path', '/tmp/tmpbt7h5z31', '--error-file', '/tmp/tmpb882rrmk']
[2021-10-16 16:27:46,746] {standard_task_runner.py:77} INFO - Job 121: Subtask task_4
[2021-10-16 16:27:46,743] {standard_task_runner.py:52} INFO - Started process 5383 to run task
[2021-10-16 16:27:46,774] {logging_mixin.py:109} INFO - Running <TaskInstance: xcom_dag.task_4 manual__2021-10-16T16:26:52.323487+00:00 [running]> on host 981af2cc3d86
[2021-10-16 16:27:46,808] {taskinstance.py:1414} INFO - Exporting the following env vars:
AIRFLOW_CTX_DAG_OWNER=***
AIRFLOW_CTX_DAG_ID=xcom_dag
AIRFLOW_CTX_TASK_ID=task_4
AIRFLOW_CTX_EXECUTION_DATE=2021-10-16T16:26:52.323487+00:00
AIRFLOW_CTX_DAG_RUN_ID=manual__2021-10-16T16:26:52.323487+00:00
[2021-10-16 16:27:46,808] {logging_mixin.py:109} INFO - choose best model
[2021-10-16 16:27:46,809] {python.py:152} INFO - Done. Returned value was: None
[2021-10-16 16:27:46,819] {taskinstance.py:1280} INFO - Marking task as SUCCESS. dag_id=xcom_dag, task_id=task_4, execution_date=20211016T162652, start_date=20211016T162746, end_date=20211016T162746
[2021-10-16 16:27:46,839] {local_task_job.py:154} INFO - Task exited with return code 0
[2021-10-16 16:27:46,860] {local_task_job.py:264} INFO - 0 downstream tasks scheduled from follow-on schedule check
[2021-10-16 16:29:05,621] {taskinstance.py:1035} INFO - Dependencies all met for <TaskInstance: xcom_dag.task_4 manual__2021-10-16T16:29:00.461752+00:00 [queued]>
[2021-10-16 16:29:05,635] {taskinstance.py:1035} INFO - Dependencies all met for <TaskInstance: xcom_dag.task_4 manual__2021-10-16T16:29:00.461752+00:00 [queued]>
[2021-10-16 16:29:05,635] {taskinstance.py:1241} INFO - 
--------------------------------------------------------------------------------
[2021-10-16 16:29:05,635] {taskinstance.py:1242} INFO - Starting attempt 1 of 1
[2021-10-16 16:29:05,635] {taskinstance.py:1243} INFO - 
--------------------------------------------------------------------------------
[2021-10-16 16:29:05,644] {taskinstance.py:1262} INFO - Executing <Task(PythonOperator): task_4> on 2021-10-16 16:29:00.461752+00:00
[2021-10-16 16:29:05,649] {standard_task_runner.py:76} INFO - Running: ['***', 'tasks', 'run', 'xcom_dag', 'task_4', 'manual__2021-10-16T16:29:00.461752+00:00', '--job-id', '126', '--raw', '--subdir', 'DAGS_FOLDER/xcom_dag.py', '--cfg-path', '/tmp/tmpmc2d9b9w', '--error-file', '/tmp/tmp0ozldboi']
[2021-10-16 16:29:05,650] {standard_task_runner.py:77} INFO - Job 126: Subtask task_4
[2021-10-16 16:29:05,647] {standard_task_runner.py:52} INFO - Started process 5459 to run task
[2021-10-16 16:29:05,677] {logging_mixin.py:109} INFO - Running <TaskInstance: xcom_dag.task_4 manual__2021-10-16T16:29:00.461752+00:00 [running]> on host 981af2cc3d86
[2021-10-16 16:29:05,712] {taskinstance.py:1414} INFO - Exporting the following env vars:
AIRFLOW_CTX_DAG_OWNER=***
AIRFLOW_CTX_DAG_ID=xcom_dag
AIRFLOW_CTX_TASK_ID=task_4
AIRFLOW_CTX_EXECUTION_DATE=2021-10-16T16:29:00.461752+00:00
AIRFLOW_CTX_DAG_RUN_ID=manual__2021-10-16T16:29:00.461752+00:00
[2021-10-16 16:29:05,713] {logging_mixin.py:109} INFO - choose best model
[2021-10-16 16:29:05,713] {python.py:152} INFO - Done. Returned value was: None
[2021-10-16 16:29:05,724] {taskinstance.py:1280} INFO - Marking task as SUCCESS. dag_id=xcom_dag, task_id=task_4, execution_date=20211016T162900, start_date=20211016T162905, end_date=20211016T162905
[2021-10-16 16:29:05,743] {local_task_job.py:154} INFO - Task exited with return code 0
[2021-10-16 16:29:05,768] {local_task_job.py:264} INFO - 0 downstream tasks scheduled from follow-on schedule check
[2021-10-16 16:35:10,925] {taskinstance.py:1035} INFO - Dependencies all met for <TaskInstance: xcom_dag.task_4 manual__2021-10-16T16:35:04.651510+00:00 [queued]>
[2021-10-16 16:35:10,938] {taskinstance.py:1035} INFO - Dependencies all met for <TaskInstance: xcom_dag.task_4 manual__2021-10-16T16:35:04.651510+00:00 [queued]>
[2021-10-16 16:35:10,938] {taskinstance.py:1241} INFO - 
--------------------------------------------------------------------------------
[2021-10-16 16:35:10,938] {taskinstance.py:1242} INFO - Starting attempt 1 of 1
[2021-10-16 16:35:10,939] {taskinstance.py:1243} INFO - 
--------------------------------------------------------------------------------
[2021-10-16 16:35:10,947] {taskinstance.py:1262} INFO - Executing <Task(PythonOperator): task_4> on 2021-10-16 16:35:04.651510+00:00
[2021-10-16 16:35:10,953] {standard_task_runner.py:76} INFO - Running: ['***', 'tasks', 'run', 'xcom_dag', 'task_4', 'manual__2021-10-16T16:35:04.651510+00:00', '--job-id', '131', '--raw', '--subdir', 'DAGS_FOLDER/xcom_dag.py', '--cfg-path', '/tmp/tmp9kdox93g', '--error-file', '/tmp/tmpg8n8xo3v']
[2021-10-16 16:35:10,954] {standard_task_runner.py:77} INFO - Job 131: Subtask task_4
[2021-10-16 16:35:10,950] {standard_task_runner.py:52} INFO - Started process 5785 to run task
[2021-10-16 16:35:10,988] {logging_mixin.py:109} INFO - Running <TaskInstance: xcom_dag.task_4 manual__2021-10-16T16:35:04.651510+00:00 [running]> on host 981af2cc3d86
[2021-10-16 16:35:11,020] {taskinstance.py:1414} INFO - Exporting the following env vars:
AIRFLOW_CTX_DAG_OWNER=***
AIRFLOW_CTX_DAG_ID=xcom_dag
AIRFLOW_CTX_TASK_ID=task_4
AIRFLOW_CTX_EXECUTION_DATE=2021-10-16T16:35:04.651510+00:00
AIRFLOW_CTX_DAG_RUN_ID=manual__2021-10-16T16:35:04.651510+00:00
[2021-10-16 16:35:11,021] {logging_mixin.py:109} INFO - choose best model
[2021-10-16 16:35:11,027] {logging_mixin.py:109} INFO - [6.840874887741323, 6.5424497003312405, 3.822483191911624]
[2021-10-16 16:35:11,028] {logging_mixin.py:109} INFO - 6.840874887741323
[2021-10-16 16:35:11,028] {python.py:152} INFO - Done. Returned value was: None
[2021-10-16 16:35:11,039] {taskinstance.py:1280} INFO - Marking task as SUCCESS. dag_id=xcom_dag, task_id=task_4, execution_date=20211016T163504, start_date=20211016T163510, end_date=20211016T163511
[2021-10-16 16:35:11,087] {local_task_job.py:154} INFO - Task exited with return code 0
[2021-10-16 16:35:11,117] {local_task_job.py:264} INFO - 0 downstream tasks scheduled from follow-on schedule check
[2021-10-16 16:50:23,490] {taskinstance.py:1035} INFO - Dependencies all met for <TaskInstance: xcom_dag.task_4 manual__2021-10-16T16:50:17.494802+00:00 [queued]>
[2021-10-16 16:50:23,518] {taskinstance.py:1035} INFO - Dependencies all met for <TaskInstance: xcom_dag.task_4 manual__2021-10-16T16:50:17.494802+00:00 [queued]>
[2021-10-16 16:50:23,518] {taskinstance.py:1241} INFO - 
--------------------------------------------------------------------------------
[2021-10-16 16:50:23,518] {taskinstance.py:1242} INFO - Starting attempt 1 of 1
[2021-10-16 16:50:23,518] {taskinstance.py:1243} INFO - 
--------------------------------------------------------------------------------
[2021-10-16 16:50:23,528] {taskinstance.py:1262} INFO - Executing <Task(PythonOperator): task_4> on 2021-10-16 16:50:17.494802+00:00
[2021-10-16 16:50:23,534] {standard_task_runner.py:76} INFO - Running: ['***', 'tasks', 'run', 'xcom_dag', 'task_4', 'manual__2021-10-16T16:50:17.494802+00:00', '--job-id', '136', '--raw', '--subdir', 'DAGS_FOLDER/xcom_dag.py', '--cfg-path', '/tmp/tmp7gzfiev3', '--error-file', '/tmp/tmpzamnr663']
[2021-10-16 16:50:23,534] {standard_task_runner.py:77} INFO - Job 136: Subtask task_4
[2021-10-16 16:50:23,531] {standard_task_runner.py:52} INFO - Started process 6562 to run task
[2021-10-16 16:50:23,578] {logging_mixin.py:109} INFO - Running <TaskInstance: xcom_dag.task_4 manual__2021-10-16T16:50:17.494802+00:00 [running]> on host 981af2cc3d86
[2021-10-16 16:50:23,614] {taskinstance.py:1414} INFO - Exporting the following env vars:
AIRFLOW_CTX_DAG_OWNER=***
AIRFLOW_CTX_DAG_ID=xcom_dag
AIRFLOW_CTX_TASK_ID=task_4
AIRFLOW_CTX_EXECUTION_DATE=2021-10-16T16:50:17.494802+00:00
AIRFLOW_CTX_DAG_RUN_ID=manual__2021-10-16T16:50:17.494802+00:00
[2021-10-16 16:50:23,615] {logging_mixin.py:109} INFO - choose best model
[2021-10-16 16:50:23,637] {python.py:152} INFO - Done. Returned value was: None
[2021-10-16 16:50:23,650] {taskinstance.py:1280} INFO - Marking task as SUCCESS. dag_id=xcom_dag, task_id=task_4, execution_date=20211016T165017, start_date=20211016T165023, end_date=20211016T165023
[2021-10-16 16:50:23,668] {local_task_job.py:154} INFO - Task exited with return code 0
[2021-10-16 16:50:23,702] {local_task_job.py:264} INFO - 1 downstream tasks scheduled from follow-on schedule check
[2021-10-16 16:54:09,092] {taskinstance.py:1035} INFO - Dependencies all met for <TaskInstance: xcom_dag.task_4 manual__2021-10-16T16:54:04.036898+00:00 [queued]>
[2021-10-16 16:54:09,106] {taskinstance.py:1035} INFO - Dependencies all met for <TaskInstance: xcom_dag.task_4 manual__2021-10-16T16:54:04.036898+00:00 [queued]>
[2021-10-16 16:54:09,107] {taskinstance.py:1241} INFO - 
--------------------------------------------------------------------------------
[2021-10-16 16:54:09,107] {taskinstance.py:1242} INFO - Starting attempt 1 of 1
[2021-10-16 16:54:09,107] {taskinstance.py:1243} INFO - 
--------------------------------------------------------------------------------
[2021-10-16 16:54:09,115] {taskinstance.py:1262} INFO - Executing <Task(PythonOperator): task_4> on 2021-10-16 16:54:04.036898+00:00
[2021-10-16 16:54:09,120] {standard_task_runner.py:76} INFO - Running: ['***', 'tasks', 'run', 'xcom_dag', 'task_4', 'manual__2021-10-16T16:54:04.036898+00:00', '--job-id', '148', '--raw', '--subdir', 'DAGS_FOLDER/xcom_dag.py', '--cfg-path', '/tmp/tmp2_aixotj', '--error-file', '/tmp/tmpevoj_ed1']
[2021-10-16 16:54:09,121] {standard_task_runner.py:77} INFO - Job 148: Subtask task_4
[2021-10-16 16:54:09,118] {standard_task_runner.py:52} INFO - Started process 6775 to run task
[2021-10-16 16:54:09,149] {logging_mixin.py:109} INFO - Running <TaskInstance: xcom_dag.task_4 manual__2021-10-16T16:54:04.036898+00:00 [running]> on host 981af2cc3d86
[2021-10-16 16:54:09,184] {taskinstance.py:1414} INFO - Exporting the following env vars:
AIRFLOW_CTX_DAG_OWNER=***
AIRFLOW_CTX_DAG_ID=xcom_dag
AIRFLOW_CTX_TASK_ID=task_4
AIRFLOW_CTX_EXECUTION_DATE=2021-10-16T16:54:04.036898+00:00
AIRFLOW_CTX_DAG_RUN_ID=manual__2021-10-16T16:54:04.036898+00:00
[2021-10-16 16:54:09,184] {logging_mixin.py:109} INFO - choose best model
[2021-10-16 16:54:09,201] {python.py:152} INFO - Done. Returned value was: None
[2021-10-16 16:54:09,212] {taskinstance.py:1280} INFO - Marking task as SUCCESS. dag_id=xcom_dag, task_id=task_4, execution_date=20211016T165404, start_date=20211016T165409, end_date=20211016T165409
[2021-10-16 16:54:09,254] {local_task_job.py:154} INFO - Task exited with return code 0
[2021-10-16 16:54:09,291] {local_task_job.py:264} INFO - 1 downstream tasks scheduled from follow-on schedule check
[2021-10-16 16:55:16,835] {taskinstance.py:1035} INFO - Dependencies all met for <TaskInstance: xcom_dag.task_4 manual__2021-10-16T16:55:10.660602+00:00 [queued]>
[2021-10-16 16:55:16,848] {taskinstance.py:1035} INFO - Dependencies all met for <TaskInstance: xcom_dag.task_4 manual__2021-10-16T16:55:10.660602+00:00 [queued]>
[2021-10-16 16:55:16,848] {taskinstance.py:1241} INFO - 
--------------------------------------------------------------------------------
[2021-10-16 16:55:16,849] {taskinstance.py:1242} INFO - Starting attempt 1 of 1
[2021-10-16 16:55:16,849] {taskinstance.py:1243} INFO - 
--------------------------------------------------------------------------------
[2021-10-16 16:55:16,857] {taskinstance.py:1262} INFO - Executing <Task(PythonOperator): task_4> on 2021-10-16 16:55:10.660602+00:00
[2021-10-16 16:55:16,862] {standard_task_runner.py:76} INFO - Running: ['***', 'tasks', 'run', 'xcom_dag', 'task_4', 'manual__2021-10-16T16:55:10.660602+00:00', '--job-id', '154', '--raw', '--subdir', 'DAGS_FOLDER/xcom_dag.py', '--cfg-path', '/tmp/tmpst29zo2l', '--error-file', '/tmp/tmpiuxi23je']
[2021-10-16 16:55:16,863] {standard_task_runner.py:77} INFO - Job 154: Subtask task_4
[2021-10-16 16:55:16,860] {standard_task_runner.py:52} INFO - Started process 6840 to run task
[2021-10-16 16:55:16,891] {logging_mixin.py:109} INFO - Running <TaskInstance: xcom_dag.task_4 manual__2021-10-16T16:55:10.660602+00:00 [running]> on host 981af2cc3d86
[2021-10-16 16:55:16,926] {taskinstance.py:1414} INFO - Exporting the following env vars:
AIRFLOW_CTX_DAG_OWNER=***
AIRFLOW_CTX_DAG_ID=xcom_dag
AIRFLOW_CTX_TASK_ID=task_4
AIRFLOW_CTX_EXECUTION_DATE=2021-10-16T16:55:10.660602+00:00
AIRFLOW_CTX_DAG_RUN_ID=manual__2021-10-16T16:55:10.660602+00:00
[2021-10-16 16:55:16,926] {logging_mixin.py:109} INFO - choose best model
[2021-10-16 16:55:16,933] {logging_mixin.py:109} INFO - 6.840874887741323
[2021-10-16 16:55:16,940] {python.py:152} INFO - Done. Returned value was: None
[2021-10-16 16:55:16,952] {taskinstance.py:1280} INFO - Marking task as SUCCESS. dag_id=xcom_dag, task_id=task_4, execution_date=20211016T165510, start_date=20211016T165516, end_date=20211016T165516
[2021-10-16 16:55:16,996] {local_task_job.py:154} INFO - Task exited with return code 0
[2021-10-16 16:55:17,031] {local_task_job.py:264} INFO - 1 downstream tasks scheduled from follow-on schedule check
[2021-10-16 16:57:06,668] {taskinstance.py:1035} INFO - Dependencies all met for <TaskInstance: xcom_dag.task_4 manual__2021-10-16T16:57:00.979542+00:00 [queued]>
[2021-10-16 16:57:06,682] {taskinstance.py:1035} INFO - Dependencies all met for <TaskInstance: xcom_dag.task_4 manual__2021-10-16T16:57:00.979542+00:00 [queued]>
[2021-10-16 16:57:06,682] {taskinstance.py:1241} INFO - 
--------------------------------------------------------------------------------
[2021-10-16 16:57:06,682] {taskinstance.py:1242} INFO - Starting attempt 1 of 1
[2021-10-16 16:57:06,682] {taskinstance.py:1243} INFO - 
--------------------------------------------------------------------------------
[2021-10-16 16:57:06,692] {taskinstance.py:1262} INFO - Executing <Task(PythonOperator): task_4> on 2021-10-16 16:57:00.979542+00:00
[2021-10-16 16:57:06,697] {standard_task_runner.py:76} INFO - Running: ['***', 'tasks', 'run', 'xcom_dag', 'task_4', 'manual__2021-10-16T16:57:00.979542+00:00', '--job-id', '167', '--raw', '--subdir', 'DAGS_FOLDER/xcom_dag.py', '--cfg-path', '/tmp/tmpedp1ukoa', '--error-file', '/tmp/tmpnxstxptv']
[2021-10-16 16:57:06,698] {standard_task_runner.py:77} INFO - Job 167: Subtask task_4
[2021-10-16 16:57:06,695] {standard_task_runner.py:52} INFO - Started process 6963 to run task
[2021-10-16 16:57:06,725] {logging_mixin.py:109} INFO - Running <TaskInstance: xcom_dag.task_4 manual__2021-10-16T16:57:00.979542+00:00 [running]> on host 981af2cc3d86
[2021-10-16 16:57:06,757] {taskinstance.py:1414} INFO - Exporting the following env vars:
AIRFLOW_CTX_DAG_OWNER=***
AIRFLOW_CTX_DAG_ID=xcom_dag
AIRFLOW_CTX_TASK_ID=task_4
AIRFLOW_CTX_EXECUTION_DATE=2021-10-16T16:57:00.979542+00:00
AIRFLOW_CTX_DAG_RUN_ID=manual__2021-10-16T16:57:00.979542+00:00
[2021-10-16 16:57:06,757] {logging_mixin.py:109} INFO - choose best model
[2021-10-16 16:57:06,763] {logging_mixin.py:109} INFO - [6.5424497003312405, 3.822483191911624, 6.840874887741323]
[2021-10-16 16:57:06,763] {logging_mixin.py:109} INFO - 6.840874887741323
[2021-10-16 16:57:06,770] {python.py:152} INFO - Done. Returned value was: None
[2021-10-16 16:57:06,781] {taskinstance.py:1280} INFO - Marking task as SUCCESS. dag_id=xcom_dag, task_id=task_4, execution_date=20211016T165700, start_date=20211016T165706, end_date=20211016T165706
[2021-10-16 16:57:06,831] {local_task_job.py:154} INFO - Task exited with return code 0
[2021-10-16 16:57:06,867] {local_task_job.py:264} INFO - 1 downstream tasks scheduled from follow-on schedule check
[2021-10-16 16:58:24,705] {taskinstance.py:1035} INFO - Dependencies all met for <TaskInstance: xcom_dag.task_4 manual__2021-10-16T16:58:18.625730+00:00 [queued]>
[2021-10-16 16:58:24,736] {taskinstance.py:1035} INFO - Dependencies all met for <TaskInstance: xcom_dag.task_4 manual__2021-10-16T16:58:18.625730+00:00 [queued]>
[2021-10-16 16:58:24,736] {taskinstance.py:1241} INFO - 
--------------------------------------------------------------------------------
[2021-10-16 16:58:24,736] {taskinstance.py:1242} INFO - Starting attempt 1 of 1
[2021-10-16 16:58:24,736] {taskinstance.py:1243} INFO - 
--------------------------------------------------------------------------------
[2021-10-16 16:58:24,752] {taskinstance.py:1262} INFO - Executing <Task(PythonOperator): task_4> on 2021-10-16 16:58:18.625730+00:00
[2021-10-16 16:58:24,758] {standard_task_runner.py:76} INFO - Running: ['***', 'tasks', 'run', 'xcom_dag', 'task_4', 'manual__2021-10-16T16:58:18.625730+00:00', '--job-id', '173', '--raw', '--subdir', 'DAGS_FOLDER/xcom_dag.py', '--cfg-path', '/tmp/tmp9h83pba5', '--error-file', '/tmp/tmp1vbg4tw5']
[2021-10-16 16:58:24,758] {standard_task_runner.py:77} INFO - Job 173: Subtask task_4
[2021-10-16 16:58:24,755] {standard_task_runner.py:52} INFO - Started process 7039 to run task
[2021-10-16 16:58:24,803] {logging_mixin.py:109} INFO - Running <TaskInstance: xcom_dag.task_4 manual__2021-10-16T16:58:18.625730+00:00 [running]> on host 981af2cc3d86
[2021-10-16 16:58:24,844] {taskinstance.py:1414} INFO - Exporting the following env vars:
AIRFLOW_CTX_DAG_OWNER=***
AIRFLOW_CTX_DAG_ID=xcom_dag
AIRFLOW_CTX_TASK_ID=task_4
AIRFLOW_CTX_EXECUTION_DATE=2021-10-16T16:58:18.625730+00:00
AIRFLOW_CTX_DAG_RUN_ID=manual__2021-10-16T16:58:18.625730+00:00
[2021-10-16 16:58:24,844] {logging_mixin.py:109} INFO - choose best model
[2021-10-16 16:58:24,850] {logging_mixin.py:109} INFO - [6.5424497003312405, 3.822483191911624, 6.840874887741323]
[2021-10-16 16:58:24,850] {logging_mixin.py:109} INFO - 6.840874887741323
[2021-10-16 16:58:24,858] {python.py:152} INFO - Done. Returned value was: None
[2021-10-16 16:58:24,870] {taskinstance.py:1280} INFO - Marking task as SUCCESS. dag_id=xcom_dag, task_id=task_4, execution_date=20211016T165818, start_date=20211016T165824, end_date=20211016T165824
[2021-10-16 16:58:24,896] {local_task_job.py:154} INFO - Task exited with return code 0
[2021-10-16 16:58:24,930] {local_task_job.py:264} INFO - 1 downstream tasks scheduled from follow-on schedule check
[2021-10-16 17:00:24,279] {taskinstance.py:1035} INFO - Dependencies all met for <TaskInstance: xcom_dag.task_4 scheduled__2021-10-15T00:00:00+00:00 [queued]>
[2021-10-16 17:00:24,295] {taskinstance.py:1035} INFO - Dependencies all met for <TaskInstance: xcom_dag.task_4 scheduled__2021-10-15T00:00:00+00:00 [queued]>
[2021-10-16 17:00:24,295] {taskinstance.py:1241} INFO - 
--------------------------------------------------------------------------------
[2021-10-16 17:00:24,295] {taskinstance.py:1242} INFO - Starting attempt 1 of 1
[2021-10-16 17:00:24,295] {taskinstance.py:1243} INFO - 
--------------------------------------------------------------------------------
[2021-10-16 17:00:24,303] {taskinstance.py:1262} INFO - Executing <Task(PythonOperator): task_4> on 2021-10-15 00:00:00+00:00
[2021-10-16 17:00:24,309] {standard_task_runner.py:76} INFO - Running: ['***', 'tasks', 'run', 'xcom_dag', 'task_4', 'scheduled__2021-10-15T00:00:00+00:00', '--job-id', '179', '--raw', '--subdir', 'DAGS_FOLDER/xcom_dag.py', '--cfg-path', '/tmp/tmpdkkh1od9', '--error-file', '/tmp/tmpeijbgdrr']
[2021-10-16 17:00:24,309] {standard_task_runner.py:77} INFO - Job 179: Subtask task_4
[2021-10-16 17:00:24,306] {standard_task_runner.py:52} INFO - Started process 7164 to run task
[2021-10-16 17:00:24,339] {logging_mixin.py:109} INFO - Running <TaskInstance: xcom_dag.task_4 scheduled__2021-10-15T00:00:00+00:00 [running]> on host 981af2cc3d86
[2021-10-16 17:00:24,390] {taskinstance.py:1414} INFO - Exporting the following env vars:
AIRFLOW_CTX_DAG_OWNER=***
AIRFLOW_CTX_DAG_ID=xcom_dag
AIRFLOW_CTX_TASK_ID=task_4
AIRFLOW_CTX_EXECUTION_DATE=2021-10-15T00:00:00+00:00
AIRFLOW_CTX_DAG_RUN_ID=scheduled__2021-10-15T00:00:00+00:00
[2021-10-16 17:00:24,391] {logging_mixin.py:109} INFO - choose best model
[2021-10-16 17:00:24,401] {logging_mixin.py:109} INFO - [3.822483191911624, 6.5424497003312405, 6.840874887741323]
[2021-10-16 17:00:24,401] {logging_mixin.py:109} INFO - 6.840874887741323
[2021-10-16 17:00:24,411] {python.py:152} INFO - Done. Returned value was: None
[2021-10-16 17:00:24,423] {taskinstance.py:1280} INFO - Marking task as SUCCESS. dag_id=xcom_dag, task_id=task_4, execution_date=20211015T000000, start_date=20211016T170024, end_date=20211016T170024
[2021-10-16 17:00:24,446] {local_task_job.py:154} INFO - Task exited with return code 0
[2021-10-16 17:00:24,482] {local_task_job.py:264} INFO - 1 downstream tasks scheduled from follow-on schedule check
[2021-10-16 17:02:31,985] {taskinstance.py:1035} INFO - Dependencies all met for <TaskInstance: xcom_dag.task_4 scheduled__2021-10-15T00:00:00+00:00 [queued]>
[2021-10-16 17:02:31,998] {taskinstance.py:1035} INFO - Dependencies all met for <TaskInstance: xcom_dag.task_4 scheduled__2021-10-15T00:00:00+00:00 [queued]>
[2021-10-16 17:02:31,998] {taskinstance.py:1241} INFO - 
--------------------------------------------------------------------------------
[2021-10-16 17:02:31,998] {taskinstance.py:1242} INFO - Starting attempt 1 of 1
[2021-10-16 17:02:31,999] {taskinstance.py:1243} INFO - 
--------------------------------------------------------------------------------
[2021-10-16 17:02:32,007] {taskinstance.py:1262} INFO - Executing <Task(PythonOperator): task_4> on 2021-10-15 00:00:00+00:00
[2021-10-16 17:02:32,013] {standard_task_runner.py:76} INFO - Running: ['***', 'tasks', 'run', 'xcom_dag', 'task_4', 'scheduled__2021-10-15T00:00:00+00:00', '--job-id', '185', '--raw', '--subdir', 'DAGS_FOLDER/xcom_dag.py', '--cfg-path', '/tmp/tmpjuxelcg4', '--error-file', '/tmp/tmp5htu_2tb']
[2021-10-16 17:02:32,013] {standard_task_runner.py:77} INFO - Job 185: Subtask task_4
[2021-10-16 17:02:32,011] {standard_task_runner.py:52} INFO - Started process 7283 to run task
[2021-10-16 17:02:32,041] {logging_mixin.py:109} INFO - Running <TaskInstance: xcom_dag.task_4 scheduled__2021-10-15T00:00:00+00:00 [running]> on host 981af2cc3d86
[2021-10-16 17:02:32,072] {taskinstance.py:1414} INFO - Exporting the following env vars:
AIRFLOW_CTX_DAG_OWNER=***
AIRFLOW_CTX_DAG_ID=xcom_dag
AIRFLOW_CTX_TASK_ID=task_4
AIRFLOW_CTX_EXECUTION_DATE=2021-10-15T00:00:00+00:00
AIRFLOW_CTX_DAG_RUN_ID=scheduled__2021-10-15T00:00:00+00:00
[2021-10-16 17:02:32,073] {logging_mixin.py:109} INFO - choose best model
[2021-10-16 17:02:32,079] {logging_mixin.py:109} INFO - [6.5424497003312405, 3.822483191911624, 6.840874887741323]
[2021-10-16 17:02:32,079] {logging_mixin.py:109} INFO - 6.840874887741323
[2021-10-16 17:02:32,086] {python.py:152} INFO - Done. Returned value was: None
[2021-10-16 17:02:32,097] {taskinstance.py:1280} INFO - Marking task as SUCCESS. dag_id=xcom_dag, task_id=task_4, execution_date=20211015T000000, start_date=20211016T170231, end_date=20211016T170232
[2021-10-16 17:02:32,147] {local_task_job.py:154} INFO - Task exited with return code 0
[2021-10-16 17:02:32,180] {local_task_job.py:264} INFO - 1 downstream tasks scheduled from follow-on schedule check
[2021-10-16 17:05:50,051] {taskinstance.py:1035} INFO - Dependencies all met for <TaskInstance: xcom_dag.task_4 manual__2021-10-16T17:05:43.876339+00:00 [queued]>
[2021-10-16 17:05:50,069] {taskinstance.py:1035} INFO - Dependencies all met for <TaskInstance: xcom_dag.task_4 manual__2021-10-16T17:05:43.876339+00:00 [queued]>
[2021-10-16 17:05:50,069] {taskinstance.py:1241} INFO - 
--------------------------------------------------------------------------------
[2021-10-16 17:05:50,069] {taskinstance.py:1242} INFO - Starting attempt 1 of 1
[2021-10-16 17:05:50,070] {taskinstance.py:1243} INFO - 
--------------------------------------------------------------------------------
[2021-10-16 17:05:50,078] {taskinstance.py:1262} INFO - Executing <Task(PythonOperator): task_4> on 2021-10-16 17:05:43.876339+00:00
[2021-10-16 17:05:50,083] {standard_task_runner.py:76} INFO - Running: ['***', 'tasks', 'run', 'xcom_dag', 'task_4', 'manual__2021-10-16T17:05:43.876339+00:00', '--job-id', '197', '--raw', '--subdir', 'DAGS_FOLDER/xcom_dag.py', '--cfg-path', '/tmp/tmpcbzq4gdd', '--error-file', '/tmp/tmpwfknfjma']
[2021-10-16 17:05:50,084] {standard_task_runner.py:77} INFO - Job 197: Subtask task_4
[2021-10-16 17:05:50,081] {standard_task_runner.py:52} INFO - Started process 7468 to run task
[2021-10-16 17:05:50,111] {logging_mixin.py:109} INFO - Running <TaskInstance: xcom_dag.task_4 manual__2021-10-16T17:05:43.876339+00:00 [running]> on host 981af2cc3d86
[2021-10-16 17:05:50,146] {taskinstance.py:1414} INFO - Exporting the following env vars:
AIRFLOW_CTX_DAG_OWNER=***
AIRFLOW_CTX_DAG_ID=xcom_dag
AIRFLOW_CTX_TASK_ID=task_4
AIRFLOW_CTX_EXECUTION_DATE=2021-10-16T17:05:43.876339+00:00
AIRFLOW_CTX_DAG_RUN_ID=manual__2021-10-16T17:05:43.876339+00:00
[2021-10-16 17:05:50,147] {logging_mixin.py:109} INFO - choose best model
[2021-10-16 17:05:50,153] {logging_mixin.py:109} INFO - [6.840874887741323, 6.5424497003312405, 3.822483191911624]
[2021-10-16 17:05:50,153] {logging_mixin.py:109} INFO - 3.822483191911624
[2021-10-16 17:05:50,159] {python.py:152} INFO - Done. Returned value was: None
[2021-10-16 17:05:50,169] {taskinstance.py:1280} INFO - Marking task as SUCCESS. dag_id=xcom_dag, task_id=task_4, execution_date=20211016T170543, start_date=20211016T170550, end_date=20211016T170550
[2021-10-16 17:05:50,217] {local_task_job.py:154} INFO - Task exited with return code 0
[2021-10-16 17:05:50,244] {local_task_job.py:264} INFO - 1 downstream tasks scheduled from follow-on schedule check
[2021-10-16 17:08:45,869] {taskinstance.py:1035} INFO - Dependencies all met for <TaskInstance: xcom_dag.task_4 manual__2021-10-16T17:08:39.746229+00:00 [queued]>
[2021-10-16 17:08:45,882] {taskinstance.py:1035} INFO - Dependencies all met for <TaskInstance: xcom_dag.task_4 manual__2021-10-16T17:08:39.746229+00:00 [queued]>
[2021-10-16 17:08:45,882] {taskinstance.py:1241} INFO - 
--------------------------------------------------------------------------------
[2021-10-16 17:08:45,882] {taskinstance.py:1242} INFO - Starting attempt 1 of 1
[2021-10-16 17:08:45,882] {taskinstance.py:1243} INFO - 
--------------------------------------------------------------------------------
[2021-10-16 17:08:45,891] {taskinstance.py:1262} INFO - Executing <Task(PythonOperator): task_4> on 2021-10-16 17:08:39.746229+00:00
[2021-10-16 17:08:45,897] {standard_task_runner.py:76} INFO - Running: ['***', 'tasks', 'run', 'xcom_dag', 'task_4', 'manual__2021-10-16T17:08:39.746229+00:00', '--job-id', '203', '--raw', '--subdir', 'DAGS_FOLDER/xcom_dag.py', '--cfg-path', '/tmp/tmptib4z16p', '--error-file', '/tmp/tmpz2rdstm4']
[2021-10-16 17:08:45,897] {standard_task_runner.py:77} INFO - Job 203: Subtask task_4
[2021-10-16 17:08:45,895] {standard_task_runner.py:52} INFO - Started process 7631 to run task
[2021-10-16 17:08:45,925] {logging_mixin.py:109} INFO - Running <TaskInstance: xcom_dag.task_4 manual__2021-10-16T17:08:39.746229+00:00 [running]> on host 981af2cc3d86
[2021-10-16 17:08:45,959] {taskinstance.py:1414} INFO - Exporting the following env vars:
AIRFLOW_CTX_DAG_OWNER=***
AIRFLOW_CTX_DAG_ID=xcom_dag
AIRFLOW_CTX_TASK_ID=task_4
AIRFLOW_CTX_EXECUTION_DATE=2021-10-16T17:08:39.746229+00:00
AIRFLOW_CTX_DAG_RUN_ID=manual__2021-10-16T17:08:39.746229+00:00
[2021-10-16 17:08:45,959] {logging_mixin.py:109} INFO - choose best model
[2021-10-16 17:08:45,966] {logging_mixin.py:109} INFO - [6.5424497003312405, 3.822483191911624, 6.840874887741323]
[2021-10-16 17:08:45,966] {logging_mixin.py:109} INFO - 6.840874887741323
[2021-10-16 17:08:45,974] {python.py:152} INFO - Done. Returned value was: None
[2021-10-16 17:08:45,985] {taskinstance.py:1280} INFO - Marking task as SUCCESS. dag_id=xcom_dag, task_id=task_4, execution_date=20211016T170839, start_date=20211016T170845, end_date=20211016T170845
[2021-10-16 17:08:46,031] {local_task_job.py:154} INFO - Task exited with return code 0
[2021-10-16 17:08:46,066] {local_task_job.py:264} INFO - 1 downstream tasks scheduled from follow-on schedule check
[2021-10-16 17:19:06,126] {taskinstance.py:1035} INFO - Dependencies all met for <TaskInstance: xcom_dag.task_4 manual__2021-10-16T17:19:00.235820+00:00 [queued]>
[2021-10-16 17:19:06,135] {taskinstance.py:1035} INFO - Dependencies all met for <TaskInstance: xcom_dag.task_4 manual__2021-10-16T17:19:00.235820+00:00 [queued]>
[2021-10-16 17:19:06,135] {taskinstance.py:1241} INFO - 
--------------------------------------------------------------------------------
[2021-10-16 17:19:06,135] {taskinstance.py:1242} INFO - Starting attempt 1 of 1
[2021-10-16 17:19:06,135] {taskinstance.py:1243} INFO - 
--------------------------------------------------------------------------------
[2021-10-16 17:19:06,147] {taskinstance.py:1262} INFO - Executing <Task(PythonOperator): task_4> on 2021-10-16 17:19:00.235820+00:00
[2021-10-16 17:19:06,152] {standard_task_runner.py:76} INFO - Running: ['***', 'tasks', 'run', 'xcom_dag', 'task_4', 'manual__2021-10-16T17:19:00.235820+00:00', '--job-id', '211', '--raw', '--subdir', 'DAGS_FOLDER/xcom_dag.py', '--cfg-path', '/tmp/tmpqy_8ywov', '--error-file', '/tmp/tmpnj58m3dq']
[2021-10-16 17:19:06,152] {standard_task_runner.py:77} INFO - Job 211: Subtask task_4
[2021-10-16 17:19:06,150] {standard_task_runner.py:52} INFO - Started process 117 to run task
[2021-10-16 17:19:06,181] {logging_mixin.py:109} INFO - Running <TaskInstance: xcom_dag.task_4 manual__2021-10-16T17:19:00.235820+00:00 [running]> on host 29ba84338b36
[2021-10-16 17:19:06,232] {taskinstance.py:1414} INFO - Exporting the following env vars:
AIRFLOW_CTX_DAG_OWNER=***
AIRFLOW_CTX_DAG_ID=xcom_dag
AIRFLOW_CTX_TASK_ID=task_4
AIRFLOW_CTX_EXECUTION_DATE=2021-10-16T17:19:00.235820+00:00
AIRFLOW_CTX_DAG_RUN_ID=manual__2021-10-16T17:19:00.235820+00:00
[2021-10-16 17:19:06,233] {logging_mixin.py:109} INFO - choose best model
[2021-10-16 17:19:06,241] {logging_mixin.py:109} INFO - [0.7890486420653672, 6.841593629894767, 1.1381498014807163]
[2021-10-16 17:19:06,241] {logging_mixin.py:109} INFO - 6.841593629894767
[2021-10-16 17:19:06,248] {python.py:152} INFO - Done. Returned value was: None
[2021-10-16 17:19:06,258] {taskinstance.py:1280} INFO - Marking task as SUCCESS. dag_id=xcom_dag, task_id=task_4, execution_date=20211016T171900, start_date=20211016T171906, end_date=20211016T171906
[2021-10-16 17:19:06,287] {local_task_job.py:154} INFO - Task exited with return code 0
[2021-10-16 17:19:06,324] {local_task_job.py:264} INFO - 1 downstream tasks scheduled from follow-on schedule check
[2021-10-16 17:19:43,209] {taskinstance.py:1035} INFO - Dependencies all met for <TaskInstance: xcom_dag.task_4 manual__2021-10-16T17:19:36.938130+00:00 [queued]>
[2021-10-16 17:19:43,219] {taskinstance.py:1035} INFO - Dependencies all met for <TaskInstance: xcom_dag.task_4 manual__2021-10-16T17:19:36.938130+00:00 [queued]>
[2021-10-16 17:19:43,219] {taskinstance.py:1241} INFO - 
--------------------------------------------------------------------------------
[2021-10-16 17:19:43,219] {taskinstance.py:1242} INFO - Starting attempt 1 of 1
[2021-10-16 17:19:43,219] {taskinstance.py:1243} INFO - 
--------------------------------------------------------------------------------
[2021-10-16 17:19:43,231] {taskinstance.py:1262} INFO - Executing <Task(PythonOperator): task_4> on 2021-10-16 17:19:36.938130+00:00
[2021-10-16 17:19:43,237] {standard_task_runner.py:76} INFO - Running: ['***', 'tasks', 'run', 'xcom_dag', 'task_4', 'manual__2021-10-16T17:19:36.938130+00:00', '--job-id', '217', '--raw', '--subdir', 'DAGS_FOLDER/xcom_dag.py', '--cfg-path', '/tmp/tmpy32a9t3m', '--error-file', '/tmp/tmp6hzgrouq']
[2021-10-16 17:19:43,237] {standard_task_runner.py:77} INFO - Job 217: Subtask task_4
[2021-10-16 17:19:43,234] {standard_task_runner.py:52} INFO - Started process 162 to run task
[2021-10-16 17:19:43,265] {logging_mixin.py:109} INFO - Running <TaskInstance: xcom_dag.task_4 manual__2021-10-16T17:19:36.938130+00:00 [running]> on host 29ba84338b36
[2021-10-16 17:19:43,300] {taskinstance.py:1414} INFO - Exporting the following env vars:
AIRFLOW_CTX_DAG_OWNER=***
AIRFLOW_CTX_DAG_ID=xcom_dag
AIRFLOW_CTX_TASK_ID=task_4
AIRFLOW_CTX_EXECUTION_DATE=2021-10-16T17:19:36.938130+00:00
AIRFLOW_CTX_DAG_RUN_ID=manual__2021-10-16T17:19:36.938130+00:00
[2021-10-16 17:19:43,301] {logging_mixin.py:109} INFO - choose best model
[2021-10-16 17:19:43,308] {logging_mixin.py:109} INFO - [6.841593629894767, 0.7890486420653672, 1.1381498014807163]
[2021-10-16 17:19:43,308] {logging_mixin.py:109} INFO - 6.841593629894767
[2021-10-16 17:19:43,315] {python.py:152} INFO - Done. Returned value was: None
[2021-10-16 17:19:43,325] {taskinstance.py:1280} INFO - Marking task as SUCCESS. dag_id=xcom_dag, task_id=task_4, execution_date=20211016T171936, start_date=20211016T171943, end_date=20211016T171943
[2021-10-16 17:19:43,371] {local_task_job.py:154} INFO - Task exited with return code 0
[2021-10-16 17:19:43,409] {local_task_job.py:264} INFO - 1 downstream tasks scheduled from follow-on schedule check
[2021-10-16 17:20:50,028] {taskinstance.py:1035} INFO - Dependencies all met for <TaskInstance: xcom_dag.task_4 manual__2021-10-16T17:20:38.520487+00:00 [queued]>
[2021-10-16 17:20:50,040] {taskinstance.py:1035} INFO - Dependencies all met for <TaskInstance: xcom_dag.task_4 manual__2021-10-16T17:20:38.520487+00:00 [queued]>
[2021-10-16 17:20:50,040] {taskinstance.py:1241} INFO - 
--------------------------------------------------------------------------------
[2021-10-16 17:20:50,040] {taskinstance.py:1242} INFO - Starting attempt 1 of 1
[2021-10-16 17:20:50,040] {taskinstance.py:1243} INFO - 
--------------------------------------------------------------------------------
[2021-10-16 17:20:50,049] {taskinstance.py:1262} INFO - Executing <Task(PythonOperator): task_4> on 2021-10-16 17:20:38.520487+00:00
[2021-10-16 17:20:50,055] {standard_task_runner.py:76} INFO - Running: ['***', 'tasks', 'run', 'xcom_dag', 'task_4', 'manual__2021-10-16T17:20:38.520487+00:00', '--job-id', '223', '--raw', '--subdir', 'DAGS_FOLDER/xcom_dag.py', '--cfg-path', '/tmp/tmp3wq1s1g6', '--error-file', '/tmp/tmpd9_x170h']
[2021-10-16 17:20:50,056] {standard_task_runner.py:77} INFO - Job 223: Subtask task_4
[2021-10-16 17:20:50,053] {standard_task_runner.py:52} INFO - Started process 75 to run task
[2021-10-16 17:20:50,084] {logging_mixin.py:109} INFO - Running <TaskInstance: xcom_dag.task_4 manual__2021-10-16T17:20:38.520487+00:00 [running]> on host 29ba84338b36
[2021-10-16 17:20:50,117] {taskinstance.py:1414} INFO - Exporting the following env vars:
AIRFLOW_CTX_DAG_OWNER=***
AIRFLOW_CTX_DAG_ID=xcom_dag
AIRFLOW_CTX_TASK_ID=task_4
AIRFLOW_CTX_EXECUTION_DATE=2021-10-16T17:20:38.520487+00:00
AIRFLOW_CTX_DAG_RUN_ID=manual__2021-10-16T17:20:38.520487+00:00
[2021-10-16 17:20:50,117] {logging_mixin.py:109} INFO - choose best model
[2021-10-16 17:20:50,124] {logging_mixin.py:109} INFO - [3.8264534784020703, 1.6576757292264903, 9.743771581494027]
[2021-10-16 17:20:50,125] {logging_mixin.py:109} INFO - 9.743771581494027
[2021-10-16 17:20:50,132] {python.py:152} INFO - Done. Returned value was: None
[2021-10-16 17:20:50,143] {taskinstance.py:1280} INFO - Marking task as SUCCESS. dag_id=xcom_dag, task_id=task_4, execution_date=20211016T172038, start_date=20211016T172050, end_date=20211016T172050
[2021-10-16 17:20:50,190] {local_task_job.py:154} INFO - Task exited with return code 0
[2021-10-16 17:20:50,224] {local_task_job.py:264} INFO - 1 downstream tasks scheduled from follow-on schedule check
[2021-10-16 17:21:25,562] {taskinstance.py:1035} INFO - Dependencies all met for <TaskInstance: xcom_dag.task_4 manual__2021-10-16T17:21:19.217883+00:00 [queued]>
[2021-10-16 17:21:25,573] {taskinstance.py:1035} INFO - Dependencies all met for <TaskInstance: xcom_dag.task_4 manual__2021-10-16T17:21:19.217883+00:00 [queued]>
[2021-10-16 17:21:25,573] {taskinstance.py:1241} INFO - 
--------------------------------------------------------------------------------
[2021-10-16 17:21:25,573] {taskinstance.py:1242} INFO - Starting attempt 1 of 1
[2021-10-16 17:21:25,573] {taskinstance.py:1243} INFO - 
--------------------------------------------------------------------------------
[2021-10-16 17:21:25,583] {taskinstance.py:1262} INFO - Executing <Task(PythonOperator): task_4> on 2021-10-16 17:21:19.217883+00:00
[2021-10-16 17:21:25,586] {standard_task_runner.py:52} INFO - Started process 118 to run task
[2021-10-16 17:21:25,589] {standard_task_runner.py:76} INFO - Running: ['***', 'tasks', 'run', 'xcom_dag', 'task_4', 'manual__2021-10-16T17:21:19.217883+00:00', '--job-id', '229', '--raw', '--subdir', 'DAGS_FOLDER/xcom_dag.py', '--cfg-path', '/tmp/tmpovwctep7', '--error-file', '/tmp/tmplq0ftvya']
[2021-10-16 17:21:25,590] {standard_task_runner.py:77} INFO - Job 229: Subtask task_4
[2021-10-16 17:21:25,617] {logging_mixin.py:109} INFO - Running <TaskInstance: xcom_dag.task_4 manual__2021-10-16T17:21:19.217883+00:00 [running]> on host 29ba84338b36
[2021-10-16 17:21:25,654] {taskinstance.py:1414} INFO - Exporting the following env vars:
AIRFLOW_CTX_DAG_OWNER=***
AIRFLOW_CTX_DAG_ID=xcom_dag
AIRFLOW_CTX_TASK_ID=task_4
AIRFLOW_CTX_EXECUTION_DATE=2021-10-16T17:21:19.217883+00:00
AIRFLOW_CTX_DAG_RUN_ID=manual__2021-10-16T17:21:19.217883+00:00
[2021-10-16 17:21:25,655] {logging_mixin.py:109} INFO - choose best model
[2021-10-16 17:21:25,662] {logging_mixin.py:109} INFO - [3.8264534784020703, 1.6576757292264903, 9.743771581494027]
[2021-10-16 17:21:25,662] {logging_mixin.py:109} INFO - 9.743771581494027
[2021-10-16 17:21:25,670] {python.py:152} INFO - Done. Returned value was: None
[2021-10-16 17:21:25,683] {taskinstance.py:1280} INFO - Marking task as SUCCESS. dag_id=xcom_dag, task_id=task_4, execution_date=20211016T172119, start_date=20211016T172125, end_date=20211016T172125
[2021-10-16 17:21:25,723] {local_task_job.py:154} INFO - Task exited with return code 0
[2021-10-16 17:21:25,758] {local_task_job.py:264} INFO - 1 downstream tasks scheduled from follow-on schedule check
[2021-10-16 17:25:39,327] {taskinstance.py:1035} INFO - Dependencies all met for <TaskInstance: xcom_dag.task_4 manual__2021-10-16T17:25:33.010722+00:00 [queued]>
[2021-10-16 17:25:39,339] {taskinstance.py:1035} INFO - Dependencies all met for <TaskInstance: xcom_dag.task_4 manual__2021-10-16T17:25:33.010722+00:00 [queued]>
[2021-10-16 17:25:39,339] {taskinstance.py:1241} INFO - 
--------------------------------------------------------------------------------
[2021-10-16 17:25:39,339] {taskinstance.py:1242} INFO - Starting attempt 1 of 1
[2021-10-16 17:25:39,339] {taskinstance.py:1243} INFO - 
--------------------------------------------------------------------------------
[2021-10-16 17:25:39,348] {taskinstance.py:1262} INFO - Executing <Task(BranchPythonOperator): task_4> on 2021-10-16 17:25:33.010722+00:00
[2021-10-16 17:25:39,354] {standard_task_runner.py:76} INFO - Running: ['***', 'tasks', 'run', 'xcom_dag', 'task_4', 'manual__2021-10-16T17:25:33.010722+00:00', '--job-id', '235', '--raw', '--subdir', 'DAGS_FOLDER/xcom_dag.py', '--cfg-path', '/tmp/tmpi5frog9n', '--error-file', '/tmp/tmpn0o6bua5']
[2021-10-16 17:25:39,355] {standard_task_runner.py:77} INFO - Job 235: Subtask task_4
[2021-10-16 17:25:39,352] {standard_task_runner.py:52} INFO - Started process 341 to run task
[2021-10-16 17:25:39,385] {logging_mixin.py:109} INFO - Running <TaskInstance: xcom_dag.task_4 manual__2021-10-16T17:25:33.010722+00:00 [running]> on host 29ba84338b36
[2021-10-16 17:25:39,432] {taskinstance.py:1414} INFO - Exporting the following env vars:
AIRFLOW_CTX_DAG_OWNER=***
AIRFLOW_CTX_DAG_ID=xcom_dag
AIRFLOW_CTX_TASK_ID=task_4
AIRFLOW_CTX_EXECUTION_DATE=2021-10-16T17:25:33.010722+00:00
AIRFLOW_CTX_DAG_RUN_ID=manual__2021-10-16T17:25:33.010722+00:00
[2021-10-16 17:25:39,432] {logging_mixin.py:109} INFO - choose best model
[2021-10-16 17:25:39,440] {logging_mixin.py:109} INFO - [3.8264534784020703, 1.6576757292264903, 9.743771581494027]
[2021-10-16 17:25:39,440] {logging_mixin.py:109} INFO - 9.743771581494027
[2021-10-16 17:25:39,440] {python.py:152} INFO - Done. Returned value was: accurate
[2021-10-16 17:25:39,440] {skipmixin.py:143} INFO - Following branch accurate
[2021-10-16 17:25:39,440] {skipmixin.py:174} INFO - Skipping tasks ['inaccurate']
[2021-10-16 17:25:39,468] {taskinstance.py:1280} INFO - Marking task as SUCCESS. dag_id=xcom_dag, task_id=task_4, execution_date=20211016T172533, start_date=20211016T172539, end_date=20211016T172539
[2021-10-16 17:25:39,488] {local_task_job.py:154} INFO - Task exited with return code 0
[2021-10-16 17:25:39,514] {local_task_job.py:264} INFO - 1 downstream tasks scheduled from follow-on schedule check
