[2021-10-16 16:54:06,025] {taskinstance.py:1035} INFO - Dependencies all met for <TaskInstance: xcom_dag.task_4 manual__2021-10-16T16:50:17.494802+00:00 [queued]>
[2021-10-16 16:54:06,038] {taskinstance.py:1035} INFO - Dependencies all met for <TaskInstance: xcom_dag.task_4 manual__2021-10-16T16:50:17.494802+00:00 [queued]>
[2021-10-16 16:54:06,038] {taskinstance.py:1241} INFO - 
--------------------------------------------------------------------------------
[2021-10-16 16:54:06,038] {taskinstance.py:1242} INFO - Starting attempt 2 of 2
[2021-10-16 16:54:06,038] {taskinstance.py:1243} INFO - 
--------------------------------------------------------------------------------
[2021-10-16 16:54:06,046] {taskinstance.py:1262} INFO - Executing <Task(PythonOperator): task_4> on 2021-10-16 16:50:17.494802+00:00
[2021-10-16 16:54:06,052] {standard_task_runner.py:76} INFO - Running: ['***', 'tasks', 'run', 'xcom_dag', 'task_4', 'manual__2021-10-16T16:50:17.494802+00:00', '--job-id', '143', '--raw', '--subdir', 'DAGS_FOLDER/xcom_dag.py', '--cfg-path', '/tmp/tmpurwadymt', '--error-file', '/tmp/tmpz0k15gb7']
[2021-10-16 16:54:06,052] {standard_task_runner.py:77} INFO - Job 143: Subtask task_4
[2021-10-16 16:54:06,049] {standard_task_runner.py:52} INFO - Started process 6765 to run task
[2021-10-16 16:54:06,082] {logging_mixin.py:109} INFO - Running <TaskInstance: xcom_dag.task_4 manual__2021-10-16T16:50:17.494802+00:00 [running]> on host 981af2cc3d86
[2021-10-16 16:54:06,114] {taskinstance.py:1414} INFO - Exporting the following env vars:
AIRFLOW_CTX_DAG_OWNER=***
AIRFLOW_CTX_DAG_ID=xcom_dag
AIRFLOW_CTX_TASK_ID=task_4
AIRFLOW_CTX_EXECUTION_DATE=2021-10-16T16:50:17.494802+00:00
AIRFLOW_CTX_DAG_RUN_ID=manual__2021-10-16T16:50:17.494802+00:00
[2021-10-16 16:54:06,115] {logging_mixin.py:109} INFO - choose best model
[2021-10-16 16:54:06,127] {python.py:152} INFO - Done. Returned value was: None
[2021-10-16 16:54:06,137] {taskinstance.py:1280} INFO - Marking task as SUCCESS. dag_id=xcom_dag, task_id=task_4, execution_date=20211016T165017, start_date=20211016T165406, end_date=20211016T165406
[2021-10-16 16:54:06,188] {local_task_job.py:154} INFO - Task exited with return code 0
[2021-10-16 16:54:06,214] {local_task_job.py:264} INFO - 1 downstream tasks scheduled from follow-on schedule check
[2021-10-16 16:56:10,505] {taskinstance.py:1035} INFO - Dependencies all met for <TaskInstance: xcom_dag.task_4 manual__2021-10-16T16:55:10.660602+00:00 [queued]>
[2021-10-16 16:56:10,518] {taskinstance.py:1035} INFO - Dependencies all met for <TaskInstance: xcom_dag.task_4 manual__2021-10-16T16:55:10.660602+00:00 [queued]>
[2021-10-16 16:56:10,518] {taskinstance.py:1241} INFO - 
--------------------------------------------------------------------------------
[2021-10-16 16:56:10,518] {taskinstance.py:1242} INFO - Starting attempt 2 of 2
[2021-10-16 16:56:10,518] {taskinstance.py:1243} INFO - 
--------------------------------------------------------------------------------
[2021-10-16 16:56:10,527] {taskinstance.py:1262} INFO - Executing <Task(PythonOperator): task_4> on 2021-10-16 16:55:10.660602+00:00
[2021-10-16 16:56:10,532] {standard_task_runner.py:76} INFO - Running: ['***', 'tasks', 'run', 'xcom_dag', 'task_4', 'manual__2021-10-16T16:55:10.660602+00:00', '--job-id', '160', '--raw', '--subdir', 'DAGS_FOLDER/xcom_dag.py', '--cfg-path', '/tmp/tmppjdkdjtj', '--error-file', '/tmp/tmp3ceikfl2']
[2021-10-16 16:56:10,533] {standard_task_runner.py:77} INFO - Job 160: Subtask task_4
[2021-10-16 16:56:10,530] {standard_task_runner.py:52} INFO - Started process 6895 to run task
[2021-10-16 16:56:10,562] {logging_mixin.py:109} INFO - Running <TaskInstance: xcom_dag.task_4 manual__2021-10-16T16:55:10.660602+00:00 [running]> on host 981af2cc3d86
[2021-10-16 16:56:10,594] {taskinstance.py:1414} INFO - Exporting the following env vars:
AIRFLOW_CTX_DAG_OWNER=***
AIRFLOW_CTX_DAG_ID=xcom_dag
AIRFLOW_CTX_TASK_ID=task_4
AIRFLOW_CTX_EXECUTION_DATE=2021-10-16T16:55:10.660602+00:00
AIRFLOW_CTX_DAG_RUN_ID=manual__2021-10-16T16:55:10.660602+00:00
[2021-10-16 16:56:10,594] {logging_mixin.py:109} INFO - choose best model
[2021-10-16 16:56:10,604] {logging_mixin.py:109} INFO - [6.840874887741323, 3.822483191911624, 6.5424497003312405]
[2021-10-16 16:56:10,604] {logging_mixin.py:109} INFO - 6.840874887741323
[2021-10-16 16:56:10,612] {python.py:152} INFO - Done. Returned value was: None
[2021-10-16 16:56:10,624] {taskinstance.py:1280} INFO - Marking task as SUCCESS. dag_id=xcom_dag, task_id=task_4, execution_date=20211016T165510, start_date=20211016T165610, end_date=20211016T165610
[2021-10-16 16:56:10,666] {local_task_job.py:154} INFO - Task exited with return code 0
[2021-10-16 16:56:10,703] {local_task_job.py:264} INFO - 1 downstream tasks scheduled from follow-on schedule check
[2021-10-16 17:03:55,025] {taskinstance.py:1035} INFO - Dependencies all met for <TaskInstance: xcom_dag.task_4 scheduled__2021-10-15T00:00:00+00:00 [queued]>
[2021-10-16 17:03:55,038] {taskinstance.py:1035} INFO - Dependencies all met for <TaskInstance: xcom_dag.task_4 scheduled__2021-10-15T00:00:00+00:00 [queued]>
[2021-10-16 17:03:55,038] {taskinstance.py:1241} INFO - 
--------------------------------------------------------------------------------
[2021-10-16 17:03:55,038] {taskinstance.py:1242} INFO - Starting attempt 2 of 2
[2021-10-16 17:03:55,038] {taskinstance.py:1243} INFO - 
--------------------------------------------------------------------------------
[2021-10-16 17:03:55,046] {taskinstance.py:1262} INFO - Executing <Task(PythonOperator): task_4> on 2021-10-15 00:00:00+00:00
[2021-10-16 17:03:55,052] {standard_task_runner.py:76} INFO - Running: ['***', 'tasks', 'run', 'xcom_dag', 'task_4', 'scheduled__2021-10-15T00:00:00+00:00', '--job-id', '191', '--raw', '--subdir', 'DAGS_FOLDER/xcom_dag.py', '--cfg-path', '/tmp/tmpn12xthzf', '--error-file', '/tmp/tmp_3hvl6wa']
[2021-10-16 17:03:55,053] {standard_task_runner.py:77} INFO - Job 191: Subtask task_4
[2021-10-16 17:03:55,050] {standard_task_runner.py:52} INFO - Started process 7363 to run task
[2021-10-16 17:03:55,081] {logging_mixin.py:109} INFO - Running <TaskInstance: xcom_dag.task_4 scheduled__2021-10-15T00:00:00+00:00 [running]> on host 981af2cc3d86
[2021-10-16 17:03:55,115] {taskinstance.py:1414} INFO - Exporting the following env vars:
AIRFLOW_CTX_DAG_OWNER=***
AIRFLOW_CTX_DAG_ID=xcom_dag
AIRFLOW_CTX_TASK_ID=task_4
AIRFLOW_CTX_EXECUTION_DATE=2021-10-15T00:00:00+00:00
AIRFLOW_CTX_DAG_RUN_ID=scheduled__2021-10-15T00:00:00+00:00
[2021-10-16 17:03:55,116] {logging_mixin.py:109} INFO - choose best model
[2021-10-16 17:03:55,122] {logging_mixin.py:109} INFO - [6.840874887741323, 3.822483191911624, 6.5424497003312405]
[2021-10-16 17:03:55,123] {logging_mixin.py:109} INFO - 6.840874887741323
[2021-10-16 17:03:55,131] {python.py:152} INFO - Done. Returned value was: None
[2021-10-16 17:03:55,144] {taskinstance.py:1280} INFO - Marking task as SUCCESS. dag_id=xcom_dag, task_id=task_4, execution_date=20211015T000000, start_date=20211016T170355, end_date=20211016T170355
[2021-10-16 17:03:55,186] {local_task_job.py:154} INFO - Task exited with return code 0
[2021-10-16 17:03:55,219] {local_task_job.py:264} INFO - 1 downstream tasks scheduled from follow-on schedule check
