[2021-10-14 00:00:05,790] {taskinstance.py:1035} INFO - Dependencies all met for <TaskInstance: user_processing.storing_user scheduled__2021-10-13T00:00:00+00:00 [queued]>
[2021-10-14 00:00:05,800] {taskinstance.py:1035} INFO - Dependencies all met for <TaskInstance: user_processing.storing_user scheduled__2021-10-13T00:00:00+00:00 [queued]>
[2021-10-14 00:00:05,800] {taskinstance.py:1241} INFO - 
--------------------------------------------------------------------------------
[2021-10-14 00:00:05,800] {taskinstance.py:1242} INFO - Starting attempt 1 of 1
[2021-10-14 00:00:05,800] {taskinstance.py:1243} INFO - 
--------------------------------------------------------------------------------
[2021-10-14 00:00:05,813] {taskinstance.py:1262} INFO - Executing <Task(BashOperator): storing_user> on 2021-10-13 00:00:00+00:00
[2021-10-14 00:00:05,817] {standard_task_runner.py:52} INFO - Started process 5600 to run task
[2021-10-14 00:00:05,819] {standard_task_runner.py:76} INFO - Running: ['***', 'tasks', 'run', 'user_processing', 'storing_user', 'scheduled__2021-10-13T00:00:00+00:00', '--job-id', '23', '--raw', '--subdir', 'DAGS_FOLDER/user_processing.py', '--cfg-path', '/tmp/tmpw3zb9uu3', '--error-file', '/tmp/tmp5acko541']
[2021-10-14 00:00:05,819] {standard_task_runner.py:77} INFO - Job 23: Subtask storing_user
[2021-10-14 00:00:05,850] {logging_mixin.py:109} INFO - Running <TaskInstance: user_processing.storing_user scheduled__2021-10-13T00:00:00+00:00 [running]> on host 981af2cc3d86
[2021-10-14 00:00:05,885] {taskinstance.py:1414} INFO - Exporting the following env vars:
AIRFLOW_CTX_DAG_OWNER=***
AIRFLOW_CTX_DAG_ID=user_processing
AIRFLOW_CTX_TASK_ID=storing_user
AIRFLOW_CTX_EXECUTION_DATE=2021-10-13T00:00:00+00:00
AIRFLOW_CTX_DAG_RUN_ID=scheduled__2021-10-13T00:00:00+00:00
[2021-10-14 00:00:05,885] {subprocess.py:62} INFO - Tmp dir root location: 
 /tmp
[2021-10-14 00:00:05,886] {subprocess.py:74} INFO - Running command: ['bash', '-c', 'echo -e ".separator ","\n.import /tmp/processed_user.csv users" | sqlite3 /opt/***/***.db']
[2021-10-14 00:00:05,894] {subprocess.py:85} INFO - Output:
[2021-10-14 00:00:05,899] {subprocess.py:93} INFO - Command exited with return code 0
[2021-10-14 00:00:05,920] {taskinstance.py:1280} INFO - Marking task as SUCCESS. dag_id=user_processing, task_id=storing_user, execution_date=20211013T000000, start_date=20211014T000005, end_date=20211014T000005
[2021-10-14 00:00:05,951] {local_task_job.py:154} INFO - Task exited with return code 0
[2021-10-14 00:00:05,982] {local_task_job.py:264} INFO - 0 downstream tasks scheduled from follow-on schedule check
[2021-10-14 00:00:25,606] {taskinstance.py:1035} INFO - Dependencies all met for <TaskInstance: user_processing.storing_user manual__2021-10-14T00:00:19.776851+00:00 [queued]>
[2021-10-14 00:00:25,614] {taskinstance.py:1035} INFO - Dependencies all met for <TaskInstance: user_processing.storing_user manual__2021-10-14T00:00:19.776851+00:00 [queued]>
[2021-10-14 00:00:25,615] {taskinstance.py:1241} INFO - 
--------------------------------------------------------------------------------
[2021-10-14 00:00:25,615] {taskinstance.py:1242} INFO - Starting attempt 1 of 1
[2021-10-14 00:00:25,615] {taskinstance.py:1243} INFO - 
--------------------------------------------------------------------------------
[2021-10-14 00:00:25,627] {taskinstance.py:1262} INFO - Executing <Task(BashOperator): storing_user> on 2021-10-14 00:00:19.776851+00:00
[2021-10-14 00:00:25,630] {standard_task_runner.py:52} INFO - Started process 5634 to run task
[2021-10-14 00:00:25,632] {standard_task_runner.py:76} INFO - Running: ['***', 'tasks', 'run', 'user_processing', 'storing_user', 'manual__2021-10-14T00:00:19.776851+00:00', '--job-id', '28', '--raw', '--subdir', 'DAGS_FOLDER/user_processing.py', '--cfg-path', '/tmp/tmpxuq08awf', '--error-file', '/tmp/tmpgwasd618']
[2021-10-14 00:00:25,633] {standard_task_runner.py:77} INFO - Job 28: Subtask storing_user
[2021-10-14 00:00:25,663] {logging_mixin.py:109} INFO - Running <TaskInstance: user_processing.storing_user manual__2021-10-14T00:00:19.776851+00:00 [running]> on host 981af2cc3d86
[2021-10-14 00:00:25,701] {taskinstance.py:1414} INFO - Exporting the following env vars:
AIRFLOW_CTX_DAG_OWNER=***
AIRFLOW_CTX_DAG_ID=user_processing
AIRFLOW_CTX_TASK_ID=storing_user
AIRFLOW_CTX_EXECUTION_DATE=2021-10-14T00:00:19.776851+00:00
AIRFLOW_CTX_DAG_RUN_ID=manual__2021-10-14T00:00:19.776851+00:00
[2021-10-14 00:00:25,702] {subprocess.py:62} INFO - Tmp dir root location: 
 /tmp
[2021-10-14 00:00:25,702] {subprocess.py:74} INFO - Running command: ['bash', '-c', 'echo -e ".separator ","\n.import /tmp/processed_user.csv users" | sqlite3 /opt/***/***.db']
[2021-10-14 00:00:25,710] {subprocess.py:85} INFO - Output:
[2021-10-14 00:00:25,715] {subprocess.py:93} INFO - Command exited with return code 0
[2021-10-14 00:00:25,736] {taskinstance.py:1280} INFO - Marking task as SUCCESS. dag_id=user_processing, task_id=storing_user, execution_date=20211014T000019, start_date=20211014T000025, end_date=20211014T000025
[2021-10-14 00:00:25,764] {local_task_job.py:154} INFO - Task exited with return code 0
[2021-10-14 00:00:25,790] {local_task_job.py:264} INFO - 0 downstream tasks scheduled from follow-on schedule check
[2021-10-14 19:09:05,499] {taskinstance.py:1035} INFO - Dependencies all met for <TaskInstance: user_processing.storing_user manual__2021-10-14T19:08:59.171717+00:00 [queued]>
[2021-10-14 19:09:05,513] {taskinstance.py:1035} INFO - Dependencies all met for <TaskInstance: user_processing.storing_user manual__2021-10-14T19:08:59.171717+00:00 [queued]>
[2021-10-14 19:09:05,513] {taskinstance.py:1241} INFO - 
--------------------------------------------------------------------------------
[2021-10-14 19:09:05,513] {taskinstance.py:1242} INFO - Starting attempt 1 of 1
[2021-10-14 19:09:05,513] {taskinstance.py:1243} INFO - 
--------------------------------------------------------------------------------
[2021-10-14 19:09:05,521] {taskinstance.py:1262} INFO - Executing <Task(BashOperator): storing_user> on 2021-10-14 19:08:59.171717+00:00
[2021-10-14 19:09:05,525] {standard_task_runner.py:52} INFO - Started process 145 to run task
[2021-10-14 19:09:05,527] {standard_task_runner.py:76} INFO - Running: ['***', 'tasks', 'run', 'user_processing', 'storing_user', 'manual__2021-10-14T19:08:59.171717+00:00', '--job-id', '37', '--raw', '--subdir', 'DAGS_FOLDER/user_processing.py', '--cfg-path', '/tmp/tmp06ilm97d', '--error-file', '/tmp/tmp06al7dx1']
[2021-10-14 19:09:05,527] {standard_task_runner.py:77} INFO - Job 37: Subtask storing_user
[2021-10-14 19:09:05,567] {logging_mixin.py:109} INFO - Running <TaskInstance: user_processing.storing_user manual__2021-10-14T19:08:59.171717+00:00 [running]> on host 981af2cc3d86
[2021-10-14 19:09:05,617] {taskinstance.py:1414} INFO - Exporting the following env vars:
AIRFLOW_CTX_DAG_OWNER=***
AIRFLOW_CTX_DAG_ID=user_processing
AIRFLOW_CTX_TASK_ID=storing_user
AIRFLOW_CTX_EXECUTION_DATE=2021-10-14T19:08:59.171717+00:00
AIRFLOW_CTX_DAG_RUN_ID=manual__2021-10-14T19:08:59.171717+00:00
[2021-10-14 19:09:05,618] {subprocess.py:62} INFO - Tmp dir root location: 
 /tmp
[2021-10-14 19:09:05,618] {subprocess.py:74} INFO - Running command: ['bash', '-c', 'echo -e ".separator ","\n.import /tmp/processed_user.csv users" | sqlite3 /opt/***/***.db']
[2021-10-14 19:09:05,626] {subprocess.py:85} INFO - Output:
[2021-10-14 19:09:05,639] {subprocess.py:93} INFO - Command exited with return code 0
[2021-10-14 19:09:05,662] {taskinstance.py:1280} INFO - Marking task as SUCCESS. dag_id=user_processing, task_id=storing_user, execution_date=20211014T190859, start_date=20211014T190905, end_date=20211014T190905
[2021-10-14 19:09:05,704] {local_task_job.py:154} INFO - Task exited with return code 0
[2021-10-14 19:09:05,727] {local_task_job.py:264} INFO - 0 downstream tasks scheduled from follow-on schedule check
