[2021-10-16 11:44:48,919] {taskinstance.py:1035} INFO - Dependencies all met for <TaskInstance: example_bash_operator.also_run_this scheduled__2021-10-15T00:00:00+00:00 [queued]>
[2021-10-16 11:44:49,111] {taskinstance.py:1035} INFO - Dependencies all met for <TaskInstance: example_bash_operator.also_run_this scheduled__2021-10-15T00:00:00+00:00 [queued]>
[2021-10-16 11:44:49,111] {taskinstance.py:1241} INFO - 
--------------------------------------------------------------------------------
[2021-10-16 11:44:49,111] {taskinstance.py:1242} INFO - Starting attempt 1 of 1
[2021-10-16 11:44:49,111] {taskinstance.py:1243} INFO - 
--------------------------------------------------------------------------------
[2021-10-16 11:44:49,251] {taskinstance.py:1262} INFO - Executing <Task(BashOperator): also_run_this> on 2021-10-15 00:00:00+00:00
[2021-10-16 11:44:49,254] {standard_task_runner.py:52} INFO - Started process 79 to run task
[2021-10-16 11:44:49,284] {standard_task_runner.py:76} INFO - Running: ['***', 'tasks', 'run', 'example_bash_operator', 'also_run_this', 'scheduled__2021-10-15T00:00:00+00:00', '--job-id', '72', '--raw', '--subdir', '/home/***/.local/lib/python3.6/site-packages/***/example_dags/example_bash_operator.py', '--cfg-path', '/tmp/tmplufobcma', '--error-file', '/tmp/tmp5_r6cppd']
[2021-10-16 11:44:49,285] {standard_task_runner.py:77} INFO - Job 72: Subtask also_run_this
[2021-10-16 11:44:49,619] {logging_mixin.py:109} INFO - Running <TaskInstance: example_bash_operator.also_run_this scheduled__2021-10-15T00:00:00+00:00 [running]> on host 981af2cc3d86
[2021-10-16 11:44:49,799] {taskinstance.py:1414} INFO - Exporting the following env vars:
AIRFLOW_CTX_DAG_OWNER=***
AIRFLOW_CTX_DAG_ID=example_bash_operator
AIRFLOW_CTX_TASK_ID=also_run_this
AIRFLOW_CTX_EXECUTION_DATE=2021-10-15T00:00:00+00:00
AIRFLOW_CTX_DAG_RUN_ID=scheduled__2021-10-15T00:00:00+00:00
[2021-10-16 11:44:49,799] {subprocess.py:62} INFO - Tmp dir root location: 
 /tmp
[2021-10-16 11:44:49,800] {subprocess.py:74} INFO - Running command: ['bash', '-c', 'echo "run_id=scheduled__2021-10-15T00:00:00+00:00 | dag_run=<DagRun example_bash_operator @ 2021-10-15 00:00:00+00:00: scheduled__2021-10-15T00:00:00+00:00, externally triggered: False>"']
[2021-10-16 11:44:49,855] {subprocess.py:85} INFO - Output:
[2021-10-16 11:44:49,885] {subprocess.py:89} INFO - run_id=scheduled__2021-10-15T00:00:00+00:00 | dag_run=<DagRun example_bash_operator @ 2021-10-15 00:00:00+00:00: scheduled__2021-10-15T00:00:00+00:00, externally triggered: False>
[2021-10-16 11:44:49,899] {subprocess.py:93} INFO - Command exited with return code 0
[2021-10-16 11:44:50,051] {taskinstance.py:1280} INFO - Marking task as SUCCESS. dag_id=example_bash_operator, task_id=also_run_this, execution_date=20211015T000000, start_date=20211016T114448, end_date=20211016T114450
[2021-10-16 11:44:50,135] {local_task_job.py:154} INFO - Task exited with return code 0
[2021-10-16 11:44:50,215] {local_task_job.py:264} INFO - 0 downstream tasks scheduled from follow-on schedule check
