[2021-10-14 20:09:01,417] {taskinstance.py:1035} INFO - Dependencies all met for <TaskInstance: parallel_dag.task_3 scheduled__2021-10-13T00:00:00+00:00 [queued]>
[2021-10-14 20:09:01,432] {taskinstance.py:1035} INFO - Dependencies all met for <TaskInstance: parallel_dag.task_3 scheduled__2021-10-13T00:00:00+00:00 [queued]>
[2021-10-14 20:09:01,432] {taskinstance.py:1241} INFO - 
--------------------------------------------------------------------------------
[2021-10-14 20:09:01,432] {taskinstance.py:1242} INFO - Starting attempt 1 of 1
[2021-10-14 20:09:01,433] {taskinstance.py:1243} INFO - 
--------------------------------------------------------------------------------
[2021-10-14 20:09:01,446] {taskinstance.py:1262} INFO - Executing <Task(BashOperator): task_3> on 2021-10-13 00:00:00+00:00
[2021-10-14 20:09:01,452] {standard_task_runner.py:76} INFO - Running: ['***', 'tasks', 'run', 'parallel_dag', 'task_3', 'scheduled__2021-10-13T00:00:00+00:00', '--job-id', '60', '--raw', '--subdir', 'DAGS_FOLDER/parallel_dag.py', '--cfg-path', '/tmp/tmp0bc_x0qd', '--error-file', '/tmp/tmpi15e1wum']
[2021-10-14 20:09:01,449] {standard_task_runner.py:52} INFO - Started process 2314 to run task
[2021-10-14 20:09:01,453] {standard_task_runner.py:77} INFO - Job 60: Subtask task_3
[2021-10-14 20:09:01,489] {logging_mixin.py:109} INFO - Running <TaskInstance: parallel_dag.task_3 scheduled__2021-10-13T00:00:00+00:00 [running]> on host 981af2cc3d86
[2021-10-14 20:09:01,534] {taskinstance.py:1414} INFO - Exporting the following env vars:
AIRFLOW_CTX_DAG_OWNER=***
AIRFLOW_CTX_DAG_ID=parallel_dag
AIRFLOW_CTX_TASK_ID=task_3
AIRFLOW_CTX_EXECUTION_DATE=2021-10-13T00:00:00+00:00
AIRFLOW_CTX_DAG_RUN_ID=scheduled__2021-10-13T00:00:00+00:00
[2021-10-14 20:09:01,534] {subprocess.py:62} INFO - Tmp dir root location: 
 /tmp
[2021-10-14 20:09:01,535] {subprocess.py:74} INFO - Running command: ['bash', '-c', 'sleep 3']
[2021-10-14 20:09:01,543] {subprocess.py:85} INFO - Output:
[2021-10-14 20:09:04,545] {subprocess.py:93} INFO - Command exited with return code 0
[2021-10-14 20:09:04,577] {taskinstance.py:1280} INFO - Marking task as SUCCESS. dag_id=parallel_dag, task_id=task_3, execution_date=20211013T000000, start_date=20211014T200901, end_date=20211014T200904
[2021-10-14 20:09:04,593] {local_task_job.py:154} INFO - Task exited with return code 0
[2021-10-14 20:09:04,626] {local_task_job.py:264} INFO - 1 downstream tasks scheduled from follow-on schedule check
[2021-10-14 20:09:33,123] {taskinstance.py:1035} INFO - Dependencies all met for <TaskInstance: parallel_dag.task_3 manual__2021-10-14T20:09:28.422672+00:00 [queued]>
[2021-10-14 20:09:33,145] {taskinstance.py:1035} INFO - Dependencies all met for <TaskInstance: parallel_dag.task_3 manual__2021-10-14T20:09:28.422672+00:00 [queued]>
[2021-10-14 20:09:33,145] {taskinstance.py:1241} INFO - 
--------------------------------------------------------------------------------
[2021-10-14 20:09:33,145] {taskinstance.py:1242} INFO - Starting attempt 1 of 1
[2021-10-14 20:09:33,145] {taskinstance.py:1243} INFO - 
--------------------------------------------------------------------------------
[2021-10-14 20:09:33,156] {taskinstance.py:1262} INFO - Executing <Task(BashOperator): task_3> on 2021-10-14 20:09:28.422672+00:00
[2021-10-14 20:09:33,162] {standard_task_runner.py:76} INFO - Running: ['***', 'tasks', 'run', 'parallel_dag', 'task_3', 'manual__2021-10-14T20:09:28.422672+00:00', '--job-id', '63', '--raw', '--subdir', 'DAGS_FOLDER/parallel_dag.py', '--cfg-path', '/tmp/tmp5utzaq8w', '--error-file', '/tmp/tmpfavwwl0b']
[2021-10-14 20:09:33,163] {standard_task_runner.py:77} INFO - Job 63: Subtask task_3
[2021-10-14 20:09:33,160] {standard_task_runner.py:52} INFO - Started process 2359 to run task
[2021-10-14 20:09:33,201] {logging_mixin.py:109} INFO - Running <TaskInstance: parallel_dag.task_3 manual__2021-10-14T20:09:28.422672+00:00 [running]> on host 981af2cc3d86
[2021-10-14 20:09:33,256] {taskinstance.py:1414} INFO - Exporting the following env vars:
AIRFLOW_CTX_DAG_OWNER=***
AIRFLOW_CTX_DAG_ID=parallel_dag
AIRFLOW_CTX_TASK_ID=task_3
AIRFLOW_CTX_EXECUTION_DATE=2021-10-14T20:09:28.422672+00:00
AIRFLOW_CTX_DAG_RUN_ID=manual__2021-10-14T20:09:28.422672+00:00
[2021-10-14 20:09:33,257] {subprocess.py:62} INFO - Tmp dir root location: 
 /tmp
[2021-10-14 20:09:33,257] {subprocess.py:74} INFO - Running command: ['bash', '-c', 'sleep 3']
[2021-10-14 20:09:33,270] {subprocess.py:85} INFO - Output:
[2021-10-14 20:09:36,272] {subprocess.py:93} INFO - Command exited with return code 0
[2021-10-14 20:09:36,302] {taskinstance.py:1280} INFO - Marking task as SUCCESS. dag_id=parallel_dag, task_id=task_3, execution_date=20211014T200928, start_date=20211014T200933, end_date=20211014T200936
[2021-10-14 20:09:36,350] {local_task_job.py:154} INFO - Task exited with return code 0
[2021-10-14 20:09:36,377] {local_task_job.py:264} INFO - 1 downstream tasks scheduled from follow-on schedule check
