[2021-10-14 19:45:56,385] {taskinstance.py:1035} INFO - Dependencies all met for <TaskInstance: example_bash_operator.this_will_skip scheduled__2021-10-13T00:00:00+00:00 [queued]>
[2021-10-14 19:45:56,401] {taskinstance.py:1035} INFO - Dependencies all met for <TaskInstance: example_bash_operator.this_will_skip scheduled__2021-10-13T00:00:00+00:00 [queued]>
[2021-10-14 19:45:56,401] {taskinstance.py:1241} INFO - 
--------------------------------------------------------------------------------
[2021-10-14 19:45:56,401] {taskinstance.py:1242} INFO - Starting attempt 1 of 1
[2021-10-14 19:45:56,401] {taskinstance.py:1243} INFO - 
--------------------------------------------------------------------------------
[2021-10-14 19:45:56,415] {taskinstance.py:1262} INFO - Executing <Task(BashOperator): this_will_skip> on 2021-10-13 00:00:00+00:00
[2021-10-14 19:45:56,421] {standard_task_runner.py:76} INFO - Running: ['***', 'tasks', 'run', 'example_bash_operator', 'this_will_skip', 'scheduled__2021-10-13T00:00:00+00:00', '--job-id', '47', '--raw', '--subdir', '/home/***/.local/lib/python3.6/site-packages/***/example_dags/example_bash_operator.py', '--cfg-path', '/tmp/tmpm91zm1vd', '--error-file', '/tmp/tmp4l6_rq5k']
[2021-10-14 19:45:56,421] {standard_task_runner.py:77} INFO - Job 47: Subtask this_will_skip
[2021-10-14 19:45:56,419] {standard_task_runner.py:52} INFO - Started process 1120 to run task
[2021-10-14 19:45:56,500] {logging_mixin.py:109} INFO - Running <TaskInstance: example_bash_operator.this_will_skip scheduled__2021-10-13T00:00:00+00:00 [running]> on host 981af2cc3d86
[2021-10-14 19:45:56,600] {taskinstance.py:1414} INFO - Exporting the following env vars:
AIRFLOW_CTX_DAG_OWNER=***
AIRFLOW_CTX_DAG_ID=example_bash_operator
AIRFLOW_CTX_TASK_ID=this_will_skip
AIRFLOW_CTX_EXECUTION_DATE=2021-10-13T00:00:00+00:00
AIRFLOW_CTX_DAG_RUN_ID=scheduled__2021-10-13T00:00:00+00:00
[2021-10-14 19:45:56,601] {subprocess.py:62} INFO - Tmp dir root location: 
 /tmp
[2021-10-14 19:45:56,601] {subprocess.py:74} INFO - Running command: ['bash', '-c', 'echo "hello world"; exit 99;']
[2021-10-14 19:45:56,619] {subprocess.py:85} INFO - Output:
[2021-10-14 19:45:56,620] {subprocess.py:89} INFO - hello world
[2021-10-14 19:45:56,621] {subprocess.py:93} INFO - Command exited with return code 99
[2021-10-14 19:45:56,626] {taskinstance.py:1351} INFO - Bash command returned exit code 99. Skipping.
[2021-10-14 19:45:56,640] {taskinstance.py:1280} INFO - Marking task as SKIPPED. dag_id=example_bash_operator, task_id=this_will_skip, execution_date=20211013T000000, start_date=20211014T194556, end_date=20211014T194556
[2021-10-14 19:45:56,691] {local_task_job.py:154} INFO - Task exited with return code 0
[2021-10-14 19:45:56,719] {local_task_job.py:264} INFO - 0 downstream tasks scheduled from follow-on schedule check
[2021-10-14 19:46:00,853] {taskinstance.py:1035} INFO - Dependencies all met for <TaskInstance: example_bash_operator.this_will_skip manual__2021-10-14T19:45:59.165912+00:00 [queued]>
[2021-10-14 19:46:00,905] {taskinstance.py:1035} INFO - Dependencies all met for <TaskInstance: example_bash_operator.this_will_skip manual__2021-10-14T19:45:59.165912+00:00 [queued]>
[2021-10-14 19:46:00,905] {taskinstance.py:1241} INFO - 
--------------------------------------------------------------------------------
[2021-10-14 19:46:00,905] {taskinstance.py:1242} INFO - Starting attempt 1 of 1
[2021-10-14 19:46:00,905] {taskinstance.py:1243} INFO - 
--------------------------------------------------------------------------------
[2021-10-14 19:46:00,928] {taskinstance.py:1262} INFO - Executing <Task(BashOperator): this_will_skip> on 2021-10-14 19:45:59.165912+00:00
[2021-10-14 19:46:00,940] {standard_task_runner.py:76} INFO - Running: ['***', 'tasks', 'run', 'example_bash_operator', 'this_will_skip', 'manual__2021-10-14T19:45:59.165912+00:00', '--job-id', '55', '--raw', '--subdir', '/home/***/.local/lib/python3.6/site-packages/***/example_dags/example_bash_operator.py', '--cfg-path', '/tmp/tmpd87po0bv', '--error-file', '/tmp/tmpnhvq_567']
[2021-10-14 19:46:00,934] {standard_task_runner.py:52} INFO - Started process 1140 to run task
[2021-10-14 19:46:00,943] {standard_task_runner.py:77} INFO - Job 55: Subtask this_will_skip
[2021-10-14 19:46:01,035] {logging_mixin.py:109} INFO - Running <TaskInstance: example_bash_operator.this_will_skip manual__2021-10-14T19:45:59.165912+00:00 [running]> on host 981af2cc3d86
[2021-10-14 19:46:01,114] {taskinstance.py:1414} INFO - Exporting the following env vars:
AIRFLOW_CTX_DAG_OWNER=***
AIRFLOW_CTX_DAG_ID=example_bash_operator
AIRFLOW_CTX_TASK_ID=this_will_skip
AIRFLOW_CTX_EXECUTION_DATE=2021-10-14T19:45:59.165912+00:00
AIRFLOW_CTX_DAG_RUN_ID=manual__2021-10-14T19:45:59.165912+00:00
[2021-10-14 19:46:01,115] {subprocess.py:62} INFO - Tmp dir root location: 
 /tmp
[2021-10-14 19:46:01,115] {subprocess.py:74} INFO - Running command: ['bash', '-c', 'echo "hello world"; exit 99;']
[2021-10-14 19:46:01,135] {subprocess.py:85} INFO - Output:
[2021-10-14 19:46:01,136] {subprocess.py:89} INFO - hello world
[2021-10-14 19:46:01,136] {subprocess.py:93} INFO - Command exited with return code 99
[2021-10-14 19:46:01,146] {taskinstance.py:1351} INFO - Bash command returned exit code 99. Skipping.
[2021-10-14 19:46:01,179] {taskinstance.py:1280} INFO - Marking task as SKIPPED. dag_id=example_bash_operator, task_id=this_will_skip, execution_date=20211014T194559, start_date=20211014T194600, end_date=20211014T194601
[2021-10-14 19:46:01,206] {local_task_job.py:154} INFO - Task exited with return code 0
[2021-10-14 19:46:01,265] {local_task_job.py:264} INFO - 0 downstream tasks scheduled from follow-on schedule check
