[2021-10-14 19:45:56,467] {taskinstance.py:1035} INFO - Dependencies all met for <TaskInstance: example_bash_operator.runme_1 scheduled__2021-10-13T00:00:00+00:00 [queued]>
[2021-10-14 19:45:56,501] {taskinstance.py:1035} INFO - Dependencies all met for <TaskInstance: example_bash_operator.runme_1 scheduled__2021-10-13T00:00:00+00:00 [queued]>
[2021-10-14 19:45:56,501] {taskinstance.py:1241} INFO - 
--------------------------------------------------------------------------------
[2021-10-14 19:45:56,501] {taskinstance.py:1242} INFO - Starting attempt 1 of 1
[2021-10-14 19:45:56,501] {taskinstance.py:1243} INFO - 
--------------------------------------------------------------------------------
[2021-10-14 19:45:56,517] {taskinstance.py:1262} INFO - Executing <Task(BashOperator): runme_1> on 2021-10-13 00:00:00+00:00
[2021-10-14 19:45:56,522] {standard_task_runner.py:52} INFO - Started process 1123 to run task
[2021-10-14 19:45:56,531] {standard_task_runner.py:76} INFO - Running: ['***', 'tasks', 'run', 'example_bash_operator', 'runme_1', 'scheduled__2021-10-13T00:00:00+00:00', '--job-id', '50', '--raw', '--subdir', '/home/***/.local/lib/python3.6/site-packages/***/example_dags/example_bash_operator.py', '--cfg-path', '/tmp/tmpidil1b8p', '--error-file', '/tmp/tmpf3xgx88a']
[2021-10-14 19:45:56,532] {standard_task_runner.py:77} INFO - Job 50: Subtask runme_1
[2021-10-14 19:45:56,586] {logging_mixin.py:109} INFO - Running <TaskInstance: example_bash_operator.runme_1 scheduled__2021-10-13T00:00:00+00:00 [running]> on host 981af2cc3d86
[2021-10-14 19:45:56,656] {taskinstance.py:1414} INFO - Exporting the following env vars:
AIRFLOW_CTX_DAG_OWNER=***
AIRFLOW_CTX_DAG_ID=example_bash_operator
AIRFLOW_CTX_TASK_ID=runme_1
AIRFLOW_CTX_EXECUTION_DATE=2021-10-13T00:00:00+00:00
AIRFLOW_CTX_DAG_RUN_ID=scheduled__2021-10-13T00:00:00+00:00
[2021-10-14 19:45:56,656] {subprocess.py:62} INFO - Tmp dir root location: 
 /tmp
[2021-10-14 19:45:56,657] {subprocess.py:74} INFO - Running command: ['bash', '-c', 'echo "example_bash_operator__runme_1__20211013" && sleep 1']
[2021-10-14 19:45:56,665] {subprocess.py:85} INFO - Output:
[2021-10-14 19:45:56,666] {subprocess.py:89} INFO - example_bash_operator__runme_1__20211013
[2021-10-14 19:45:57,667] {subprocess.py:93} INFO - Command exited with return code 0
[2021-10-14 19:45:57,724] {taskinstance.py:1280} INFO - Marking task as SUCCESS. dag_id=example_bash_operator, task_id=runme_1, execution_date=20211013T000000, start_date=20211014T194556, end_date=20211014T194557
[2021-10-14 19:45:57,749] {local_task_job.py:154} INFO - Task exited with return code 0
[2021-10-14 19:45:57,785] {local_task_job.py:264} INFO - 0 downstream tasks scheduled from follow-on schedule check
[2021-10-14 19:46:00,899] {taskinstance.py:1035} INFO - Dependencies all met for <TaskInstance: example_bash_operator.runme_1 manual__2021-10-14T19:45:59.165912+00:00 [queued]>
[2021-10-14 19:46:00,956] {taskinstance.py:1035} INFO - Dependencies all met for <TaskInstance: example_bash_operator.runme_1 manual__2021-10-14T19:45:59.165912+00:00 [queued]>
[2021-10-14 19:46:00,956] {taskinstance.py:1241} INFO - 
--------------------------------------------------------------------------------
[2021-10-14 19:46:00,956] {taskinstance.py:1242} INFO - Starting attempt 1 of 1
[2021-10-14 19:46:00,957] {taskinstance.py:1243} INFO - 
--------------------------------------------------------------------------------
[2021-10-14 19:46:00,982] {taskinstance.py:1262} INFO - Executing <Task(BashOperator): runme_1> on 2021-10-14 19:45:59.165912+00:00
[2021-10-14 19:46:01,000] {standard_task_runner.py:76} INFO - Running: ['***', 'tasks', 'run', 'example_bash_operator', 'runme_1', 'manual__2021-10-14T19:45:59.165912+00:00', '--job-id', '56', '--raw', '--subdir', '/home/***/.local/lib/python3.6/site-packages/***/example_dags/example_bash_operator.py', '--cfg-path', '/tmp/tmp88t1hepy', '--error-file', '/tmp/tmpv0s7dck8']
[2021-10-14 19:46:01,000] {standard_task_runner.py:77} INFO - Job 56: Subtask runme_1
[2021-10-14 19:46:00,988] {standard_task_runner.py:52} INFO - Started process 1141 to run task
[2021-10-14 19:46:01,122] {logging_mixin.py:109} INFO - Running <TaskInstance: example_bash_operator.runme_1 manual__2021-10-14T19:45:59.165912+00:00 [running]> on host 981af2cc3d86
[2021-10-14 19:46:01,215] {taskinstance.py:1414} INFO - Exporting the following env vars:
AIRFLOW_CTX_DAG_OWNER=***
AIRFLOW_CTX_DAG_ID=example_bash_operator
AIRFLOW_CTX_TASK_ID=runme_1
AIRFLOW_CTX_EXECUTION_DATE=2021-10-14T19:45:59.165912+00:00
AIRFLOW_CTX_DAG_RUN_ID=manual__2021-10-14T19:45:59.165912+00:00
[2021-10-14 19:46:01,216] {subprocess.py:62} INFO - Tmp dir root location: 
 /tmp
[2021-10-14 19:46:01,216] {subprocess.py:74} INFO - Running command: ['bash', '-c', 'echo "example_bash_operator__runme_1__20211013" && sleep 1']
[2021-10-14 19:46:01,228] {subprocess.py:85} INFO - Output:
[2021-10-14 19:46:01,228] {subprocess.py:89} INFO - example_bash_operator__runme_1__20211013
[2021-10-14 19:46:02,232] {subprocess.py:93} INFO - Command exited with return code 0
[2021-10-14 19:46:02,259] {taskinstance.py:1280} INFO - Marking task as SUCCESS. dag_id=example_bash_operator, task_id=runme_1, execution_date=20211014T194559, start_date=20211014T194600, end_date=20211014T194602
[2021-10-14 19:46:02,273] {local_task_job.py:154} INFO - Task exited with return code 0
[2021-10-14 19:46:02,311] {local_task_job.py:264} INFO - 0 downstream tasks scheduled from follow-on schedule check
