[2021-10-16 16:54:07,273] {taskinstance.py:1035} INFO - Dependencies all met for <TaskInstance: xcom_dag.is_accurate manual__2021-10-16T16:50:17.494802+00:00 [queued]>
[2021-10-16 16:54:07,287] {taskinstance.py:1035} INFO - Dependencies all met for <TaskInstance: xcom_dag.is_accurate manual__2021-10-16T16:50:17.494802+00:00 [queued]>
[2021-10-16 16:54:07,288] {taskinstance.py:1241} INFO - 
--------------------------------------------------------------------------------
[2021-10-16 16:54:07,288] {taskinstance.py:1242} INFO - Starting attempt 2 of 2
[2021-10-16 16:54:07,288] {taskinstance.py:1243} INFO - 
--------------------------------------------------------------------------------
[2021-10-16 16:54:07,298] {taskinstance.py:1262} INFO - Executing <Task(BranchPythonOperator): is_accurate> on 2021-10-16 16:50:17.494802+00:00
[2021-10-16 16:54:07,304] {standard_task_runner.py:76} INFO - Running: ['***', 'tasks', 'run', 'xcom_dag', 'is_accurate', 'manual__2021-10-16T16:50:17.494802+00:00', '--job-id', '144', '--raw', '--subdir', 'DAGS_FOLDER/xcom_dag.py', '--cfg-path', '/tmp/tmp5k2jlcxe', '--error-file', '/tmp/tmph5n342_c']
[2021-10-16 16:54:07,301] {standard_task_runner.py:52} INFO - Started process 6767 to run task
[2021-10-16 16:54:07,305] {standard_task_runner.py:77} INFO - Job 144: Subtask is_accurate
[2021-10-16 16:54:07,338] {logging_mixin.py:109} INFO - Running <TaskInstance: xcom_dag.is_accurate manual__2021-10-16T16:50:17.494802+00:00 [running]> on host 981af2cc3d86
[2021-10-16 16:54:07,373] {taskinstance.py:1414} INFO - Exporting the following env vars:
AIRFLOW_CTX_DAG_OWNER=***
AIRFLOW_CTX_DAG_ID=xcom_dag
AIRFLOW_CTX_TASK_ID=is_accurate
AIRFLOW_CTX_EXECUTION_DATE=2021-10-16T16:50:17.494802+00:00
AIRFLOW_CTX_DAG_RUN_ID=manual__2021-10-16T16:50:17.494802+00:00
[2021-10-16 16:54:07,380] {python.py:152} INFO - Done. Returned value was: accurate
[2021-10-16 16:54:07,381] {skipmixin.py:143} INFO - Following branch accurate
[2021-10-16 16:54:07,382] {skipmixin.py:174} INFO - Skipping tasks ['inaccurate']
[2021-10-16 16:54:07,410] {taskinstance.py:1280} INFO - Marking task as SUCCESS. dag_id=xcom_dag, task_id=is_accurate, execution_date=20211016T165017, start_date=20211016T165407, end_date=20211016T165407
[2021-10-16 16:54:07,441] {local_task_job.py:154} INFO - Task exited with return code 0
[2021-10-16 16:54:07,470] {local_task_job.py:264} INFO - 1 downstream tasks scheduled from follow-on schedule check
[2021-10-16 16:56:11,664] {taskinstance.py:1035} INFO - Dependencies all met for <TaskInstance: xcom_dag.is_accurate manual__2021-10-16T16:55:10.660602+00:00 [queued]>
[2021-10-16 16:56:11,678] {taskinstance.py:1035} INFO - Dependencies all met for <TaskInstance: xcom_dag.is_accurate manual__2021-10-16T16:55:10.660602+00:00 [queued]>
[2021-10-16 16:56:11,679] {taskinstance.py:1241} INFO - 
--------------------------------------------------------------------------------
[2021-10-16 16:56:11,679] {taskinstance.py:1242} INFO - Starting attempt 2 of 2
[2021-10-16 16:56:11,679] {taskinstance.py:1243} INFO - 
--------------------------------------------------------------------------------
[2021-10-16 16:56:11,687] {taskinstance.py:1262} INFO - Executing <Task(BranchPythonOperator): is_accurate> on 2021-10-16 16:55:10.660602+00:00
[2021-10-16 16:56:11,693] {standard_task_runner.py:76} INFO - Running: ['***', 'tasks', 'run', 'xcom_dag', 'is_accurate', 'manual__2021-10-16T16:55:10.660602+00:00', '--job-id', '161', '--raw', '--subdir', 'DAGS_FOLDER/xcom_dag.py', '--cfg-path', '/tmp/tmp9nc53o4h', '--error-file', '/tmp/tmp1sg3cozn']
[2021-10-16 16:56:11,693] {standard_task_runner.py:77} INFO - Job 161: Subtask is_accurate
[2021-10-16 16:56:11,691] {standard_task_runner.py:52} INFO - Started process 6897 to run task
[2021-10-16 16:56:11,722] {logging_mixin.py:109} INFO - Running <TaskInstance: xcom_dag.is_accurate manual__2021-10-16T16:55:10.660602+00:00 [running]> on host 981af2cc3d86
[2021-10-16 16:56:11,756] {taskinstance.py:1414} INFO - Exporting the following env vars:
AIRFLOW_CTX_DAG_OWNER=***
AIRFLOW_CTX_DAG_ID=xcom_dag
AIRFLOW_CTX_TASK_ID=is_accurate
AIRFLOW_CTX_EXECUTION_DATE=2021-10-16T16:55:10.660602+00:00
AIRFLOW_CTX_DAG_RUN_ID=manual__2021-10-16T16:55:10.660602+00:00
[2021-10-16 16:56:11,764] {logging_mixin.py:109} INFO - [6.840874887741323]
[2021-10-16 16:56:11,764] {python.py:152} INFO - Done. Returned value was: accurate
[2021-10-16 16:56:11,764] {skipmixin.py:143} INFO - Following branch accurate
[2021-10-16 16:56:11,764] {skipmixin.py:174} INFO - Skipping tasks ['inaccurate']
[2021-10-16 16:56:11,795] {taskinstance.py:1280} INFO - Marking task as SUCCESS. dag_id=xcom_dag, task_id=is_accurate, execution_date=20211016T165510, start_date=20211016T165611, end_date=20211016T165611
[2021-10-16 16:56:11,827] {local_task_job.py:154} INFO - Task exited with return code 0
[2021-10-16 16:56:11,868] {local_task_job.py:264} INFO - 1 downstream tasks scheduled from follow-on schedule check
[2021-10-16 17:03:56,155] {taskinstance.py:1035} INFO - Dependencies all met for <TaskInstance: xcom_dag.is_accurate scheduled__2021-10-15T00:00:00+00:00 [queued]>
[2021-10-16 17:03:56,173] {taskinstance.py:1035} INFO - Dependencies all met for <TaskInstance: xcom_dag.is_accurate scheduled__2021-10-15T00:00:00+00:00 [queued]>
[2021-10-16 17:03:56,173] {taskinstance.py:1241} INFO - 
--------------------------------------------------------------------------------
[2021-10-16 17:03:56,173] {taskinstance.py:1242} INFO - Starting attempt 2 of 2
[2021-10-16 17:03:56,173] {taskinstance.py:1243} INFO - 
--------------------------------------------------------------------------------
[2021-10-16 17:03:56,182] {taskinstance.py:1262} INFO - Executing <Task(BranchPythonOperator): is_accurate> on 2021-10-15 00:00:00+00:00
[2021-10-16 17:03:56,188] {standard_task_runner.py:76} INFO - Running: ['***', 'tasks', 'run', 'xcom_dag', 'is_accurate', 'scheduled__2021-10-15T00:00:00+00:00', '--job-id', '192', '--raw', '--subdir', 'DAGS_FOLDER/xcom_dag.py', '--cfg-path', '/tmp/tmpkfsb65z1', '--error-file', '/tmp/tmp3obmnaj9']
[2021-10-16 17:03:56,188] {standard_task_runner.py:77} INFO - Job 192: Subtask is_accurate
[2021-10-16 17:03:56,186] {standard_task_runner.py:52} INFO - Started process 7365 to run task
[2021-10-16 17:03:56,218] {logging_mixin.py:109} INFO - Running <TaskInstance: xcom_dag.is_accurate scheduled__2021-10-15T00:00:00+00:00 [running]> on host 981af2cc3d86
[2021-10-16 17:03:56,254] {taskinstance.py:1414} INFO - Exporting the following env vars:
AIRFLOW_CTX_DAG_OWNER=***
AIRFLOW_CTX_DAG_ID=xcom_dag
AIRFLOW_CTX_TASK_ID=is_accurate
AIRFLOW_CTX_EXECUTION_DATE=2021-10-15T00:00:00+00:00
AIRFLOW_CTX_DAG_RUN_ID=scheduled__2021-10-15T00:00:00+00:00
[2021-10-16 17:03:56,260] {logging_mixin.py:109} INFO - [6.840874887741323]
[2021-10-16 17:03:56,260] {python.py:152} INFO - Done. Returned value was: accurate
[2021-10-16 17:03:56,261] {skipmixin.py:143} INFO - Following branch accurate
[2021-10-16 17:03:56,261] {skipmixin.py:174} INFO - Skipping tasks ['inaccurate']
[2021-10-16 17:03:56,296] {taskinstance.py:1280} INFO - Marking task as SUCCESS. dag_id=xcom_dag, task_id=is_accurate, execution_date=20211015T000000, start_date=20211016T170356, end_date=20211016T170356
[2021-10-16 17:03:56,323] {local_task_job.py:154} INFO - Task exited with return code 0
[2021-10-16 17:03:56,352] {local_task_job.py:264} INFO - 1 downstream tasks scheduled from follow-on schedule check
