[2021-10-16 11:44:48,922] {taskinstance.py:1035} INFO - Dependencies all met for <TaskInstance: example_bash_operator.this_will_skip scheduled__2021-10-14T00:00:00+00:00 [queued]>
[2021-10-16 11:44:49,148] {taskinstance.py:1035} INFO - Dependencies all met for <TaskInstance: example_bash_operator.this_will_skip scheduled__2021-10-14T00:00:00+00:00 [queued]>
[2021-10-16 11:44:49,149] {taskinstance.py:1241} INFO - 
--------------------------------------------------------------------------------
[2021-10-16 11:44:49,149] {taskinstance.py:1242} INFO - Starting attempt 1 of 1
[2021-10-16 11:44:49,149] {taskinstance.py:1243} INFO - 
--------------------------------------------------------------------------------
[2021-10-16 11:44:49,326] {taskinstance.py:1262} INFO - Executing <Task(BashOperator): this_will_skip> on 2021-10-14 00:00:00+00:00
[2021-10-16 11:44:49,341] {standard_task_runner.py:52} INFO - Started process 80 to run task
[2021-10-16 11:44:49,365] {standard_task_runner.py:76} INFO - Running: ['***', 'tasks', 'run', 'example_bash_operator', 'this_will_skip', 'scheduled__2021-10-14T00:00:00+00:00', '--job-id', '71', '--raw', '--subdir', '/home/***/.local/lib/python3.6/site-packages/***/example_dags/example_bash_operator.py', '--cfg-path', '/tmp/tmpa0nvlkpf', '--error-file', '/tmp/tmpjk2hvu58']
[2021-10-16 11:44:49,365] {standard_task_runner.py:77} INFO - Job 71: Subtask this_will_skip
[2021-10-16 11:44:49,622] {logging_mixin.py:109} INFO - Running <TaskInstance: example_bash_operator.this_will_skip scheduled__2021-10-14T00:00:00+00:00 [running]> on host 981af2cc3d86
[2021-10-16 11:44:49,890] {taskinstance.py:1414} INFO - Exporting the following env vars:
AIRFLOW_CTX_DAG_OWNER=***
AIRFLOW_CTX_DAG_ID=example_bash_operator
AIRFLOW_CTX_TASK_ID=this_will_skip
AIRFLOW_CTX_EXECUTION_DATE=2021-10-14T00:00:00+00:00
AIRFLOW_CTX_DAG_RUN_ID=scheduled__2021-10-14T00:00:00+00:00
[2021-10-16 11:44:49,892] {subprocess.py:62} INFO - Tmp dir root location: 
 /tmp
[2021-10-16 11:44:49,892] {subprocess.py:74} INFO - Running command: ['bash', '-c', 'echo "hello world"; exit 99;']
[2021-10-16 11:44:49,923] {subprocess.py:85} INFO - Output:
[2021-10-16 11:44:49,924] {subprocess.py:89} INFO - hello world
[2021-10-16 11:44:49,931] {subprocess.py:93} INFO - Command exited with return code 99
[2021-10-16 11:44:49,933] {taskinstance.py:1351} INFO - Bash command returned exit code 99. Skipping.
[2021-10-16 11:44:49,959] {taskinstance.py:1280} INFO - Marking task as SKIPPED. dag_id=example_bash_operator, task_id=this_will_skip, execution_date=20211014T000000, start_date=20211016T114448, end_date=20211016T114449
[2021-10-16 11:44:50,006] {local_task_job.py:154} INFO - Task exited with return code 0
[2021-10-16 11:44:50,111] {local_task_job.py:264} INFO - 0 downstream tasks scheduled from follow-on schedule check
